[35m[Appium][39m Welcome to Appium v1.22.0
[35m[Appium][39m Non-default server args:
[35m[Appium][39m   port: 54762
[35m[Appium][39m   loglevel: info
[35m[Appium][39m   tmpDir: /var/folders/ny/h8rbv5fn5fx86h57mqpkhv2h0000gn/T//Katalon/Appium/Temp1639052202020
[35m[Appium][39m   chromedriverPort: 54763
[35m[Appium][39m Deprecated server args:
[35m[Appium][39m   [31m--chromedriver-port[39m => --default-capabilities
[35m[Appium][39m Default capabilities, which will be added to each request unless overridden by desired capabilities:
[35m[Appium][39m   chromedriverPort: 54763
[35m[Appium][39m Appium REST http interface listener started on 0.0.0.0:54762
[35m[HTTP][39m [37m-->[39m [37mGET[39m [37m/wd/hub/status[39m
[35m[HTTP][39m [90m{}[39m
[35m[HTTP][39m [37m<-- GET /wd/hub/status [39m[32m200[39m [90m7 ms - 68[39m
[35m[HTTP][39m [90m[39m
[35m[HTTP][39m [37m-->[39m [37mPOST[39m [37m/wd/hub/session[39m
[35m[HTTP][39m [90m{"desiredCapabilities":{"newCommandTimeout":1800,"realDeviceLogger":"/Applications/Katalon Studio.app/Contents/Eclipse/configuration/resources/tools/deviceconsole","platformVersion":"15.1","automationName":"XCUITest","bundleId":"com.gigantic.clawee","waitForAppScript":"true;","platformName":"iOS","udid":"8fc83ece6ccceae3a6296115dd993d7ff26a2d9e","deviceId":"","deviceName":"iPhone 8","wdaLocalPort":54725},"capabilities":{"firstMatch":[{"appium:automationName":"XCUITest","appium:bundleId":"com.gigantic.clawee","deviceId":"","appium:deviceName":"iPhone 8","appium:newCommandTimeout":1800,"platformName":"ios","appium:platformVersion":"15.1","realDeviceLogger":"/Applications/Katalon Studio.app/Contents/Eclipse/configuration/resources/tools/deviceconsole","appium:udid":"8fc83ece6ccceae3a6296115dd993d7ff26a2d9e","appium:waitForAppScript":"true;","appium:wdaLocalPort":54725}]}}[39m
[35m[BaseDriver][39m The following capabilities are not standard capabilities and should have an extension prefix:
[35m[BaseDriver][39m   deviceId
[35m[BaseDriver][39m   realDeviceLogger
[35m[BaseDriver][39m   chromedriverPort
[35m[Appium][39m Appium v1.22.0 creating new XCUITestDriver (v3.53.1) session
[35m[BaseDriver][39m The following capabilities were provided, but are not recognized by Appium:
[35m[BaseDriver][39m   deviceId
[35m[BaseDriver][39m   realDeviceLogger
[35m[BaseDriver][39m   chromedriverPort
[35m[BaseDriver][39m   waitForAppScript
[35m[BaseDriver][39m Session created with session id: ca906ba2-7e6f-4736-9356-ebb9c8d35bc3
[35m[XCUITest][39m Determining device to run tests on: udid: '8fc83ece6ccceae3a6296115dd993d7ff26a2d9e', real device: true
[35m[WebDriverAgent][39m Using WDA path: '/usr/local/lib/node_modules/appium/node_modules/appium-webdriveragent'
[35m[WebDriverAgent][39m Using WDA agent: '/usr/local/lib/node_modules/appium/node_modules/appium-webdriveragent/WebDriverAgent.xcodeproj'
[35m[XCUITest][39m Setting up real device
[35m[DevCon Factory][39m Requesting connection for device 8fc83ece6ccceae3a6296115dd993d7ff26a2d9e on local port 54725, device port 54725
[35m[DevCon Factory][39m Successfully requested the connection for 8fc83ece6ccceae3a6296115dd993d7ff26a2d9e:54725
[35m[WD Proxy][39m socket hang up
[35m[WebDriverAgent][39m Launching WebDriverAgent on the device
[35m[WebDriverAgent][39m WebDriverAgent does not need a cleanup. The sources are up to date (1625056702000 >= 499162500000)
[35m[WD Proxy][39m socket hang up
[35m[WD Proxy][39m socket hang up
[35m[WD Proxy][39m socket hang up
[35m[WD Proxy][39m socket hang up
[35m[WD Proxy][39m socket hang up
[35m[WD Proxy][39m Determined the downstream protocol as 'W3C'
[35m[XCUITest][39m Skipping setting of the initial display orientation. Set the "orientation" capability to either "LANDSCAPE" or "PORTRAIT", if this is an undesired behavior.
[35m[Appium][39m New XCUITestDriver session created successfully, session ca906ba2-7e6f-4736-9356-ebb9c8d35bc3 added to master session list
[35m[HTTP][39m [37m<-- POST /wd/hub/session [39m[32m200[39m [90m9101 ms - 683[39m
[35m[HTTP][39m [90m[39m
[35m[HTTP][39m [37m-->[39m [37mGET[39m [37m/wd/hub/session/ca906ba2-7e6f-4736-9356-ebb9c8d35bc3[39m
[35m[HTTP][39m [90m{}[39m
[35m[XCUITest][39m Merging WDA caps over Appium caps for session detail response
[35m[HTTP][39m [37m<-- GET /wd/hub/session/ca906ba2-7e6f-4736-9356-ebb9c8d35bc3 [39m[32m200[39m [90m414 ms - 623[39m
[35m[HTTP][39m [90m[39m
[35m[HTTP][39m [37m-->[39m [37mGET[39m [37m/wd/hub/session/ca906ba2-7e6f-4736-9356-ebb9c8d35bc3[39m
[35m[HTTP][39m [90m{}[39m
[35m[XCUITest][39m Merging WDA caps over Appium caps for session detail response
[35m[HTTP][39m [37m<-- GET /wd/hub/session/ca906ba2-7e6f-4736-9356-ebb9c8d35bc3 [39m[32m200[39m [90m1 ms - 623[39m
[35m[HTTP][39m [90m[39m
[35m[HTTP][39m [37m-->[39m [37mGET[39m [37m/wd/hub/status[39m
[35m[HTTP][39m [90m{}[39m
[35m[HTTP][39m [37m<-- GET /wd/hub/status [39m[32m200[39m [90m1 ms - 68[39m
[35m[HTTP][39m [90m[39m
[35m[HTTP][39m [37m-->[39m [37mPOST[39m [37m/wd/hub/session/ca906ba2-7e6f-4736-9356-ebb9c8d35bc3/timeouts[39m
[35m[HTTP][39m [90m{"implicit":30000}[39m
[35m[HTTP][39m [37m<-- POST /wd/hub/session/ca906ba2-7e6f-4736-9356-ebb9c8d35bc3/timeouts [39m[32m200[39m [90m3 ms - 14[39m
[35m[HTTP][39m [90m[39m
[35m[HTTP][39m [37m-->[39m [37mGET[39m [37m/wd/hub/session/ca906ba2-7e6f-4736-9356-ebb9c8d35bc3/screenshot[39m
[35m[HTTP][39m [90m{}[39m
[35m[HTTP][39m [37m<-- GET /wd/hub/session/ca906ba2-7e6f-4736-9356-ebb9c8d35bc3/screenshot [39m[32m200[39m [90m240 ms - 1662508[39m
[35m[HTTP][39m [90m[39m
[35m[HTTP][39m [37m-->[39m [37mGET[39m [37m/wd/hub/session/ca906ba2-7e6f-4736-9356-ebb9c8d35bc3/window/rect[39m
[35m[HTTP][39m [90m{}[39m
[35m[HTTP][39m [37m<-- GET /wd/hub/session/ca906ba2-7e6f-4736-9356-ebb9c8d35bc3/window/rect [39m[32m200[39m [90m114 ms - 48[39m
[35m[HTTP][39m [90m[39m
[35m[HTTP][39m [37m-->[39m [37mGET[39m [37m/wd/hub/session/ca906ba2-7e6f-4736-9356-ebb9c8d35bc3/screenshot[39m
[35m[HTTP][39m [90m{}[39m
[35m[HTTP][39m [37m<-- GET /wd/hub/session/ca906ba2-7e6f-4736-9356-ebb9c8d35bc3/screenshot [39m[32m200[39m [90m193 ms - 1662508[39m
[35m[HTTP][39m [90m[39m
[35m[HTTP][39m [37m-->[39m [37mPOST[39m [37m/wd/hub/session/ca906ba2-7e6f-4736-9356-ebb9c8d35bc3/execute/sync[39m
[35m[HTTP][39m [90m{"script":"mobile: viewportScreenshot","args":[]}[39m
[35m[HTTP][39m [37m<-- POST /wd/hub/session/ca906ba2-7e6f-4736-9356-ebb9c8d35bc3/execute/sync [39m[32m200[39m [90m586 ms - 1067824[39m
[35m[HTTP][39m [90m[39m
[35m[HTTP][39m [37m-->[39m [37mPOST[39m [37m/wd/hub/session/ca906ba2-7e6f-4736-9356-ebb9c8d35bc3/appium/device/activate_app[39m
[35m[HTTP][39m [90m{"bundleId":"com.gigantic.clawee"}[39m
[35m[HTTP][39m [37m<-- POST /wd/hub/session/ca906ba2-7e6f-4736-9356-ebb9c8d35bc3/appium/device/activate_app [39m[32m200[39m [90m107 ms - 14[39m
[35m[HTTP][39m [90m[39m
[35m[HTTP][39m [37m-->[39m [37mPOST[39m [37m/wd/hub/session/ca906ba2-7e6f-4736-9356-ebb9c8d35bc3/timeouts[39m
[35m[HTTP][39m [90m{"implicit":50}[39m
[35m[HTTP][39m [37m<-- POST /wd/hub/session/ca906ba2-7e6f-4736-9356-ebb9c8d35bc3/timeouts [39m[32m200[39m [90m1 ms - 14[39m
[35m[HTTP][39m [90m[39m
[35m[HTTP][39m [37m-->[39m [37mGET[39m [37m/wd/hub/session/ca906ba2-7e6f-4736-9356-ebb9c8d35bc3/window/rect[39m
[35m[HTTP][39m [90m{}[39m
[35m[HTTP][39m [37m<-- GET /wd/hub/session/ca906ba2-7e6f-4736-9356-ebb9c8d35bc3/window/rect [39m[32m200[39m [90m106 ms - 48[39m
[35m[HTTP][39m [90m[39m
[35m[HTTP][39m [37m-->[39m [37mPOST[39m [37m/wd/hub/session/ca906ba2-7e6f-4736-9356-ebb9c8d35bc3/elements[39m
[35m[HTTP][39m [90m{"using":"xpath","value":"//*[@type = 'XCUIElementTypeStaticText' and @label = 'Connect with E-mail' and @name = 'Connect with E-mail']"}[39m
[35m[HTTP][39m [37m<-- POST /wd/hub/session/ca906ba2-7e6f-4736-9356-ebb9c8d35bc3/elements [39m[32m200[39m [90m494 ms - 139[39m
[35m[HTTP][39m [90m[39m
[35m[HTTP][39m [37m-->[39m [37mGET[39m [37m/wd/hub/session/ca906ba2-7e6f-4736-9356-ebb9c8d35bc3/element/29000000-0000-0000-BD12-000000000000/location[39m
[35m[HTTP][39m [90m{}[39m
[35m[HTTP][39m [37m<-- GET /wd/hub/session/ca906ba2-7e6f-4736-9356-ebb9c8d35bc3/element/29000000-0000-0000-BD12-000000000000/location [39m[32m200[39m [90m84 ms - 27[39m
[35m[HTTP][39m [90m[39m
[35m[HTTP][39m [37m-->[39m [37mPOST[39m [37m/wd/hub/session/ca906ba2-7e6f-4736-9356-ebb9c8d35bc3/timeouts[39m
[35m[HTTP][39m [90m{"implicit":30000}[39m
[35m[HTTP][39m [37m<-- POST /wd/hub/session/ca906ba2-7e6f-4736-9356-ebb9c8d35bc3/timeouts [39m[32m200[39m [90m1 ms - 14[39m
[35m[HTTP][39m [90m[39m
[35m[HTTP][39m [37m-->[39m [37mPOST[39m [37m/wd/hub/session/ca906ba2-7e6f-4736-9356-ebb9c8d35bc3/touch/perform[39m
[35m[HTTP][39m [90m{"actions":[{"action":"tap","options":{"x":1,"y":1,"element":"29000000-0000-0000-BD12-000000000000"}},{"action":"release","options":{}}]}[39m
[35m[HTTP][39m [37m<-- POST /wd/hub/session/ca906ba2-7e6f-4736-9356-ebb9c8d35bc3/touch/perform [39m[32m200[39m [90m343 ms - 14[39m
[35m[HTTP][39m [90m[39m
[35m[HTTP][39m [37m-->[39m [37mPOST[39m [37m/wd/hub/session/ca906ba2-7e6f-4736-9356-ebb9c8d35bc3/timeouts[39m
[35m[HTTP][39m [90m{"implicit":50}[39m
[35m[HTTP][39m [37m<-- POST /wd/hub/session/ca906ba2-7e6f-4736-9356-ebb9c8d35bc3/timeouts [39m[32m200[39m [90m1 ms - 14[39m
[35m[HTTP][39m [90m[39m
[35m[HTTP][39m [37m-->[39m [37mGET[39m [37m/wd/hub/session/ca906ba2-7e6f-4736-9356-ebb9c8d35bc3/window/rect[39m
[35m[HTTP][39m [90m{}[39m
[35m[HTTP][39m [37m<-- GET /wd/hub/session/ca906ba2-7e6f-4736-9356-ebb9c8d35bc3/window/rect [39m[32m200[39m [90m83 ms - 48[39m
[35m[HTTP][39m [90m[39m
[35m[HTTP][39m [37m-->[39m [37mPOST[39m [37m/wd/hub/session/ca906ba2-7e6f-4736-9356-ebb9c8d35bc3/elements[39m
[35m[HTTP][39m [90m{"using":"-ios class chain","value":"**/XCUIElementTypeTextField[`enabled == 1 AND value == 'First name'`]"}[39m
[35m[HTTP][39m [37m<-- POST /wd/hub/session/ca906ba2-7e6f-4736-9356-ebb9c8d35bc3/elements [39m[32m200[39m [90m192 ms - 139[39m
[35m[HTTP][39m [90m[39m
[35m[HTTP][39m [37m-->[39m [37mGET[39m [37m/wd/hub/session/ca906ba2-7e6f-4736-9356-ebb9c8d35bc3/element/44000000-0000-0000-BD12-000000000000/location[39m
[35m[HTTP][39m [90m{}[39m
[35m[HTTP][39m [37m<-- GET /wd/hub/session/ca906ba2-7e6f-4736-9356-ebb9c8d35bc3/element/44000000-0000-0000-BD12-000000000000/location [39m[32m200[39m [90m103 ms - 26[39m
[35m[HTTP][39m [90m[39m
[35m[HTTP][39m [37m-->[39m [37mPOST[39m [37m/wd/hub/session/ca906ba2-7e6f-4736-9356-ebb9c8d35bc3/timeouts[39m
[35m[HTTP][39m [90m{"implicit":30000}[39m
[35m[HTTP][39m [37m<-- POST /wd/hub/session/ca906ba2-7e6f-4736-9356-ebb9c8d35bc3/timeouts [39m[32m200[39m [90m1 ms - 14[39m
[35m[HTTP][39m [90m[39m
[35m[HTTP][39m [37m-->[39m [37mPOST[39m [37m/wd/hub/session/ca906ba2-7e6f-4736-9356-ebb9c8d35bc3/element/44000000-0000-0000-BD12-000000000000/clear[39m
[35m[HTTP][39m [90m{"id":"44000000-0000-0000-BD12-000000000000"}[39m
[35m[HTTP][39m [37m<-- POST /wd/hub/session/ca906ba2-7e6f-4736-9356-ebb9c8d35bc3/element/44000000-0000-0000-BD12-000000000000/clear [39m[32m200[39m [90m108 ms - 14[39m
[35m[HTTP][39m [90m[39m
[35m[HTTP][39m [37m-->[39m [37mPOST[39m [37m/wd/hub/session/ca906ba2-7e6f-4736-9356-ebb9c8d35bc3/element/44000000-0000-0000-BD12-000000000000/value[39m
[35m[HTTP][39m [90m{"id":"44000000-0000-0000-BD12-000000000000","text":"Alexander","value":["A","l","e","x","a","n","d","e","r"]}[39m
[35m[HTTP][39m [37m<-- POST /wd/hub/session/ca906ba2-7e6f-4736-9356-ebb9c8d35bc3/element/44000000-0000-0000-BD12-000000000000/value [39m[32m200[39m [90m1030 ms - 14[39m
[35m[HTTP][39m [90m[39m
[35m[HTTP][39m [37m-->[39m [37mPOST[39m [37m/wd/hub/session/ca906ba2-7e6f-4736-9356-ebb9c8d35bc3/timeouts[39m
[35m[HTTP][39m [90m{"implicit":50}[39m
[35m[HTTP][39m [37m<-- POST /wd/hub/session/ca906ba2-7e6f-4736-9356-ebb9c8d35bc3/timeouts [39m[32m200[39m [90m1 ms - 14[39m
[35m[HTTP][39m [90m[39m
[35m[HTTP][39m [37m-->[39m [37mGET[39m [37m/wd/hub/session/ca906ba2-7e6f-4736-9356-ebb9c8d35bc3/window/rect[39m
[35m[HTTP][39m [90m{}[39m
[35m[HTTP][39m [37m<-- GET /wd/hub/session/ca906ba2-7e6f-4736-9356-ebb9c8d35bc3/window/rect [39m[32m200[39m [90m105 ms - 48[39m
[35m[HTTP][39m [90m[39m
[35m[HTTP][39m [37m-->[39m [37mPOST[39m [37m/wd/hub/session/ca906ba2-7e6f-4736-9356-ebb9c8d35bc3/elements[39m
[35m[HTTP][39m [90m{"using":"-ios class chain","value":"**/XCUIElementTypeTextField[`enabled == 1 AND value == 'Last name'`]"}[39m
[35m[HTTP][39m [37m<-- POST /wd/hub/session/ca906ba2-7e6f-4736-9356-ebb9c8d35bc3/elements [39m[32m200[39m [90m309 ms - 139[39m
[35m[HTTP][39m [90m[39m
[35m[HTTP][39m [37m-->[39m [37mGET[39m [37m/wd/hub/session/ca906ba2-7e6f-4736-9356-ebb9c8d35bc3/element/45000000-0000-0000-BD12-000000000000/location[39m
[35m[HTTP][39m [90m{}[39m
[35m[HTTP][39m [37m<-- GET /wd/hub/session/ca906ba2-7e6f-4736-9356-ebb9c8d35bc3/element/45000000-0000-0000-BD12-000000000000/location [39m[32m200[39m [90m152 ms - 26[39m
[35m[HTTP][39m [90m[39m
[35m[HTTP][39m [37m-->[39m [37mPOST[39m [37m/wd/hub/session/ca906ba2-7e6f-4736-9356-ebb9c8d35bc3/timeouts[39m
[35m[HTTP][39m [90m{"implicit":30000}[39m
[35m[HTTP][39m [37m<-- POST /wd/hub/session/ca906ba2-7e6f-4736-9356-ebb9c8d35bc3/timeouts [39m[32m200[39m [90m1 ms - 14[39m
[35m[HTTP][39m [90m[39m
[35m[HTTP][39m [37m-->[39m [37mPOST[39m [37m/wd/hub/session/ca906ba2-7e6f-4736-9356-ebb9c8d35bc3/element/45000000-0000-0000-BD12-000000000000/clear[39m
[35m[HTTP][39m [90m{"id":"45000000-0000-0000-BD12-000000000000"}[39m
[35m[HTTP][39m [37m<-- POST /wd/hub/session/ca906ba2-7e6f-4736-9356-ebb9c8d35bc3/element/45000000-0000-0000-BD12-000000000000/clear [39m[32m200[39m [90m157 ms - 14[39m
[35m[HTTP][39m [90m[39m
[35m[HTTP][39m [37m-->[39m [37mPOST[39m [37m/wd/hub/session/ca906ba2-7e6f-4736-9356-ebb9c8d35bc3/element/45000000-0000-0000-BD12-000000000000/value[39m
[35m[HTTP][39m [90m{"id":"45000000-0000-0000-BD12-000000000000","text":"Testing","value":["T","e","s","t","i","n","g"]}[39m
[35m[HTTP][39m [37m<-- POST /wd/hub/session/ca906ba2-7e6f-4736-9356-ebb9c8d35bc3/element/45000000-0000-0000-BD12-000000000000/value [39m[32m200[39m [90m923 ms - 14[39m
[35m[HTTP][39m [90m[39m
[35m[HTTP][39m [37m-->[39m [37mPOST[39m [37m/wd/hub/session/ca906ba2-7e6f-4736-9356-ebb9c8d35bc3/timeouts[39m
[35m[HTTP][39m [90m{"implicit":50}[39m
[35m[HTTP][39m [37m<-- POST /wd/hub/session/ca906ba2-7e6f-4736-9356-ebb9c8d35bc3/timeouts [39m[32m200[39m [90m1 ms - 14[39m
[35m[HTTP][39m [90m[39m
[35m[HTTP][39m [37m-->[39m [37mGET[39m [37m/wd/hub/session/ca906ba2-7e6f-4736-9356-ebb9c8d35bc3/window/rect[39m
[35m[HTTP][39m [90m{}[39m
[35m[HTTP][39m [37m<-- GET /wd/hub/session/ca906ba2-7e6f-4736-9356-ebb9c8d35bc3/window/rect [39m[32m200[39m [90m98 ms - 48[39m
[35m[HTTP][39m [90m[39m
[35m[HTTP][39m [37m-->[39m [37mPOST[39m [37m/wd/hub/session/ca906ba2-7e6f-4736-9356-ebb9c8d35bc3/elements[39m
[35m[HTTP][39m [90m{"using":"-ios class chain","value":"**/XCUIElementTypeTextField[`enabled == 1 AND value == 'E-mail'`]"}[39m
[35m[HTTP][39m [37m<-- POST /wd/hub/session/ca906ba2-7e6f-4736-9356-ebb9c8d35bc3/elements [39m[32m200[39m [90m292 ms - 139[39m
[35m[HTTP][39m [90m[39m
[35m[HTTP][39m [37m-->[39m [37mGET[39m [37m/wd/hub/session/ca906ba2-7e6f-4736-9356-ebb9c8d35bc3/element/46000000-0000-0000-BD12-000000000000/location[39m
[35m[HTTP][39m [90m{}[39m
[35m[HTTP][39m [37m<-- GET /wd/hub/session/ca906ba2-7e6f-4736-9356-ebb9c8d35bc3/element/46000000-0000-0000-BD12-000000000000/location [39m[32m200[39m [90m147 ms - 26[39m
[35m[HTTP][39m [90m[39m
[35m[HTTP][39m [37m-->[39m [37mPOST[39m [37m/wd/hub/session/ca906ba2-7e6f-4736-9356-ebb9c8d35bc3/timeouts[39m
[35m[HTTP][39m [90m{"implicit":30000}[39m
[35m[HTTP][39m [37m<-- POST /wd/hub/session/ca906ba2-7e6f-4736-9356-ebb9c8d35bc3/timeouts [39m[32m200[39m [90m1 ms - 14[39m
[35m[HTTP][39m [90m[39m
[35m[HTTP][39m [37m-->[39m [37mPOST[39m [37m/wd/hub/session/ca906ba2-7e6f-4736-9356-ebb9c8d35bc3/element/46000000-0000-0000-BD12-000000000000/clear[39m
[35m[HTTP][39m [90m{"id":"46000000-0000-0000-BD12-000000000000"}[39m
[35m[HTTP][39m [37m<-- POST /wd/hub/session/ca906ba2-7e6f-4736-9356-ebb9c8d35bc3/element/46000000-0000-0000-BD12-000000000000/clear [39m[32m200[39m [90m143 ms - 14[39m
[35m[HTTP][39m [90m[39m
[35m[HTTP][39m [37m-->[39m [37mPOST[39m [37m/wd/hub/session/ca906ba2-7e6f-4736-9356-ebb9c8d35bc3/element/46000000-0000-0000-BD12-000000000000/value[39m
[35m[HTTP][39m [90m{"id":"46000000-0000-0000-BD12-000000000000","text":"alex.qa.eng+55@gmail.com","value":["a","l","e","x",".","q","a",".","e","n","g","+","5","5","@","g","m","a","i","l",".","c","o","m"]}[39m
[35m[HTTP][39m [37m<-- POST /wd/hub/session/ca906ba2-7e6f-4736-9356-ebb9c8d35bc3/element/46000000-0000-0000-BD12-000000000000/value [39m[32m200[39m [90m1429 ms - 14[39m
[35m[HTTP][39m [90m[39m
[35m[HTTP][39m [37m-->[39m [37mPOST[39m [37m/wd/hub/session/ca906ba2-7e6f-4736-9356-ebb9c8d35bc3/timeouts[39m
[35m[HTTP][39m [90m{"implicit":50}[39m
[35m[HTTP][39m [37m<-- POST /wd/hub/session/ca906ba2-7e6f-4736-9356-ebb9c8d35bc3/timeouts [39m[32m200[39m [90m1 ms - 14[39m
[35m[HTTP][39m [90m[39m
[35m[HTTP][39m [37m-->[39m [37mGET[39m [37m/wd/hub/session/ca906ba2-7e6f-4736-9356-ebb9c8d35bc3/window/rect[39m
[35m[HTTP][39m [90m{}[39m
[35m[HTTP][39m [37m<-- GET /wd/hub/session/ca906ba2-7e6f-4736-9356-ebb9c8d35bc3/window/rect [39m[32m200[39m [90m114 ms - 48[39m
[35m[HTTP][39m [90m[39m
[35m[HTTP][39m [37m-->[39m [37mPOST[39m [37m/wd/hub/session/ca906ba2-7e6f-4736-9356-ebb9c8d35bc3/elements[39m
[35m[HTTP][39m [90m{"using":"-ios class chain","value":"**/XCUIElementTypeSecureTextField[`enabled == 1 AND value == 'Password'`]"}[39m
[35m[HTTP][39m [37m<-- POST /wd/hub/session/ca906ba2-7e6f-4736-9356-ebb9c8d35bc3/elements [39m[32m200[39m [90m322 ms - 139[39m
[35m[HTTP][39m [90m[39m
[35m[HTTP][39m [37m-->[39m [37mGET[39m [37m/wd/hub/session/ca906ba2-7e6f-4736-9356-ebb9c8d35bc3/element/47000000-0000-0000-BD12-000000000000/location[39m
[35m[HTTP][39m [90m{}[39m
[35m[HTTP][39m [37m<-- GET /wd/hub/session/ca906ba2-7e6f-4736-9356-ebb9c8d35bc3/element/47000000-0000-0000-BD12-000000000000/location [39m[32m200[39m [90m135 ms - 26[39m
[35m[HTTP][39m [90m[39m
[35m[HTTP][39m [37m-->[39m [37mPOST[39m [37m/wd/hub/session/ca906ba2-7e6f-4736-9356-ebb9c8d35bc3/timeouts[39m
[35m[HTTP][39m [90m{"implicit":30000}[39m
[35m[HTTP][39m [37m<-- POST /wd/hub/session/ca906ba2-7e6f-4736-9356-ebb9c8d35bc3/timeouts [39m[32m200[39m [90m1 ms - 14[39m
[35m[HTTP][39m [90m[39m
[35m[HTTP][39m [37m-->[39m [37mPOST[39m [37m/wd/hub/session/ca906ba2-7e6f-4736-9356-ebb9c8d35bc3/element/47000000-0000-0000-BD12-000000000000/clear[39m
[35m[HTTP][39m [90m{"id":"47000000-0000-0000-BD12-000000000000"}[39m
[35m[HTTP][39m [37m<-- POST /wd/hub/session/ca906ba2-7e6f-4736-9356-ebb9c8d35bc3/element/47000000-0000-0000-BD12-000000000000/clear [39m[32m200[39m [90m153 ms - 14[39m
[35m[HTTP][39m [90m[39m
[35m[HTTP][39m [37m-->[39m [37mPOST[39m [37m/wd/hub/session/ca906ba2-7e6f-4736-9356-ebb9c8d35bc3/element/47000000-0000-0000-BD12-000000000000/value[39m
[35m[HTTP][39m [90m{"id":"47000000-0000-0000-BD12-000000000000","text":"Alex0611","value":["A","l","e","x","0","6","1","1"]}[39m
[35m[HTTP][39m [37m<-- POST /wd/hub/session/ca906ba2-7e6f-4736-9356-ebb9c8d35bc3/element/47000000-0000-0000-BD12-000000000000/value [39m[32m200[39m [90m1124 ms - 14[39m
[35m[HTTP][39m [90m[39m
[35m[HTTP][39m [37m-->[39m [37mPOST[39m [37m/wd/hub/session/ca906ba2-7e6f-4736-9356-ebb9c8d35bc3/timeouts[39m
[35m[HTTP][39m [90m{"implicit":50}[39m
[35m[HTTP][39m [37m<-- POST /wd/hub/session/ca906ba2-7e6f-4736-9356-ebb9c8d35bc3/timeouts [39m[32m200[39m [90m1 ms - 14[39m
[35m[HTTP][39m [90m[39m
[35m[HTTP][39m [37m-->[39m [37mGET[39m [37m/wd/hub/session/ca906ba2-7e6f-4736-9356-ebb9c8d35bc3/window/rect[39m
[35m[HTTP][39m [90m{}[39m
[35m[HTTP][39m [37m<-- GET /wd/hub/session/ca906ba2-7e6f-4736-9356-ebb9c8d35bc3/window/rect [39m[32m200[39m [90m129 ms - 48[39m
[35m[HTTP][39m [90m[39m
[35m[HTTP][39m [37m-->[39m [37mPOST[39m [37m/wd/hub/session/ca906ba2-7e6f-4736-9356-ebb9c8d35bc3/elements[39m
[35m[HTTP][39m [90m{"using":"xpath","value":"//*[@type = 'XCUIElementTypeButton' and @label = 'next' and @name = 'Next:']"}[39m
[35m[HTTP][39m [37m<-- POST /wd/hub/session/ca906ba2-7e6f-4736-9356-ebb9c8d35bc3/elements [39m[32m200[39m [90m909 ms - 139[39m
[35m[HTTP][39m [90m[39m
[35m[HTTP][39m [37m-->[39m [37mGET[39m [37m/wd/hub/session/ca906ba2-7e6f-4736-9356-ebb9c8d35bc3/element/CF000000-0000-0000-BD12-000000000000/location[39m
[35m[HTTP][39m [90m{}[39m
[35m[HTTP][39m [37m<-- GET /wd/hub/session/ca906ba2-7e6f-4736-9356-ebb9c8d35bc3/element/CF000000-0000-0000-BD12-000000000000/location [39m[32m200[39m [90m107 ms - 27[39m
[35m[HTTP][39m [90m[39m
[35m[HTTP][39m [37m-->[39m [37mPOST[39m [37m/wd/hub/session/ca906ba2-7e6f-4736-9356-ebb9c8d35bc3/timeouts[39m
[35m[HTTP][39m [90m{"implicit":30000}[39m
[35m[HTTP][39m [37m<-- POST /wd/hub/session/ca906ba2-7e6f-4736-9356-ebb9c8d35bc3/timeouts [39m[32m200[39m [90m1 ms - 14[39m
[35m[HTTP][39m [90m[39m
[35m[HTTP][39m [37m-->[39m [37mPOST[39m [37m/wd/hub/session/ca906ba2-7e6f-4736-9356-ebb9c8d35bc3/element/CF000000-0000-0000-BD12-000000000000/value[39m
[35m[HTTP][39m [90m{"id":"CF000000-0000-0000-BD12-000000000000","text":"Next","value":["N","e","x","t"]}[39m
[35m[HTTP][39m [37m<-- POST /wd/hub/session/ca906ba2-7e6f-4736-9356-ebb9c8d35bc3/element/CF000000-0000-0000-BD12-000000000000/value [39m[32m200[39m [90m20587 ms - 14[39m
[35m[HTTP][39m [90m[39m
[35m[HTTP][39m [37m-->[39m [37mPOST[39m [37m/wd/hub/session/ca906ba2-7e6f-4736-9356-ebb9c8d35bc3/timeouts[39m
[35m[HTTP][39m [90m{"implicit":50}[39m
[35m[HTTP][39m [37m<-- POST /wd/hub/session/ca906ba2-7e6f-4736-9356-ebb9c8d35bc3/timeouts [39m[32m200[39m [90m1 ms - 14[39m
[35m[HTTP][39m [90m[39m
[35m[HTTP][39m [37m-->[39m [37mGET[39m [37m/wd/hub/session/ca906ba2-7e6f-4736-9356-ebb9c8d35bc3/window/rect[39m
[35m[HTTP][39m [90m{}[39m
[35m[HTTP][39m [37m<-- GET /wd/hub/session/ca906ba2-7e6f-4736-9356-ebb9c8d35bc3/window/rect [39m[32m200[39m [90m112 ms - 48[39m
[35m[HTTP][39m [90m[39m
[35m[HTTP][39m [37m-->[39m [37mPOST[39m [37m/wd/hub/session/ca906ba2-7e6f-4736-9356-ebb9c8d35bc3/elements[39m
[35m[HTTP][39m [90m{"using":"xpath","value":"//*[@type = 'XCUIElementTypeButton' and @label = 'Sign Up' and @name = 'Sign Up']"}[39m
[35m[HTTP][39m [37m<-- POST /wd/hub/session/ca906ba2-7e6f-4736-9356-ebb9c8d35bc3/elements [39m[32m200[39m [90m427 ms - 139[39m
[35m[HTTP][39m [90m[39m
[35m[HTTP][39m [37m-->[39m [37mGET[39m [37m/wd/hub/session/ca906ba2-7e6f-4736-9356-ebb9c8d35bc3/element/38000000-0000-0000-BD12-000000000000/location[39m
[35m[HTTP][39m [90m{}[39m
[35m[HTTP][39m [37m<-- GET /wd/hub/session/ca906ba2-7e6f-4736-9356-ebb9c8d35bc3/element/38000000-0000-0000-BD12-000000000000/location [39m[32m200[39m [90m83 ms - 26[39m
[35m[HTTP][39m [90m[39m
[35m[HTTP][39m [37m-->[39m [37mPOST[39m [37m/wd/hub/session/ca906ba2-7e6f-4736-9356-ebb9c8d35bc3/timeouts[39m
[35m[HTTP][39m [90m{"implicit":30000}[39m
[35m[HTTP][39m [37m<-- POST /wd/hub/session/ca906ba2-7e6f-4736-9356-ebb9c8d35bc3/timeouts [39m[32m200[39m [90m1 ms - 14[39m
[35m[HTTP][39m [90m[39m
[35m[HTTP][39m [37m-->[39m [37mPOST[39m [37m/wd/hub/session/ca906ba2-7e6f-4736-9356-ebb9c8d35bc3/touch/perform[39m
[35m[HTTP][39m [90m{"actions":[{"action":"tap","options":{"x":1,"y":1,"element":"38000000-0000-0000-BD12-000000000000"}},{"action":"release","options":{}}]}[39m
[35m[HTTP][39m [37m<-- POST /wd/hub/session/ca906ba2-7e6f-4736-9356-ebb9c8d35bc3/touch/perform [39m[32m200[39m [90m312 ms - 14[39m
[35m[HTTP][39m [90m[39m
[35m[HTTP][39m [37m-->[39m [37mPOST[39m [37m/wd/hub/session/ca906ba2-7e6f-4736-9356-ebb9c8d35bc3/timeouts[39m
[35m[HTTP][39m [90m{"implicit":50}[39m
[35m[HTTP][39m [37m<-- POST /wd/hub/session/ca906ba2-7e6f-4736-9356-ebb9c8d35bc3/timeouts [39m[32m200[39m [90m1 ms - 14[39m
[35m[HTTP][39m [90m[39m
[35m[HTTP][39m [37m-->[39m [37mGET[39m [37m/wd/hub/session/ca906ba2-7e6f-4736-9356-ebb9c8d35bc3/window/rect[39m
[35m[HTTP][39m [90m{}[39m
[35m[HTTP][39m [37m<-- GET /wd/hub/session/ca906ba2-7e6f-4736-9356-ebb9c8d35bc3/window/rect [39m[32m200[39m [90m101 ms - 48[39m
[35m[HTTP][39m [90m[39m
[35m[HTTP][39m [37m-->[39m [37mPOST[39m [37m/wd/hub/session/ca906ba2-7e6f-4736-9356-ebb9c8d35bc3/elements[39m
[35m[HTTP][39m [90m{"using":"xpath","value":"//*[@type = 'XCUIElementTypeStaticText' and @label = 'Next' and @name = 'Next']"}[39m
[35m[HTTP][39m [37m<-- POST /wd/hub/session/ca906ba2-7e6f-4736-9356-ebb9c8d35bc3/elements [39m[32m200[39m [90m299 ms - 12[39m
[35m[HTTP][39m [90m[39m
[35m[HTTP][39m [37m-->[39m [37mPOST[39m [37m/wd/hub/session/ca906ba2-7e6f-4736-9356-ebb9c8d35bc3/elements[39m
[35m[HTTP][39m [90m{"using":"xpath","value":"//*[@type = 'XCUIElementTypeStaticText' and @label = 'Next' and @name = 'Next']"}[39m
[35m[HTTP][39m [37m<-- POST /wd/hub/session/ca906ba2-7e6f-4736-9356-ebb9c8d35bc3/elements [39m[32m200[39m [90m286 ms - 12[39m
[35m[HTTP][39m [90m[39m
[35m[HTTP][39m [37m-->[39m [37mPOST[39m [37m/wd/hub/session/ca906ba2-7e6f-4736-9356-ebb9c8d35bc3/elements[39m
[35m[HTTP][39m [90m{"using":"xpath","value":"//*[@type = 'XCUIElementTypeStaticText' and @label = 'Next' and @name = 'Next']"}[39m
[35m[HTTP][39m [37m<-- POST /wd/hub/session/ca906ba2-7e6f-4736-9356-ebb9c8d35bc3/elements [39m[32m200[39m [90m287 ms - 12[39m
[35m[HTTP][39m [90m[39m
[35m[HTTP][39m [37m-->[39m [37mPOST[39m [37m/wd/hub/session/ca906ba2-7e6f-4736-9356-ebb9c8d35bc3/elements[39m
[35m[HTTP][39m [90m{"using":"xpath","value":"//*[@type = 'XCUIElementTypeStaticText' and @label = 'Next' and @name = 'Next']"}[39m
[35m[HTTP][39m [37m<-- POST /wd/hub/session/ca906ba2-7e6f-4736-9356-ebb9c8d35bc3/elements [39m[32m200[39m [90m291 ms - 12[39m
[35m[HTTP][39m [90m[39m
[35m[HTTP][39m [37m-->[39m [37mPOST[39m [37m/wd/hub/session/ca906ba2-7e6f-4736-9356-ebb9c8d35bc3/elements[39m
[35m[HTTP][39m [90m{"using":"xpath","value":"//*[@type = 'XCUIElementTypeStaticText' and @label = 'Next' and @name = 'Next']"}[39m
[35m[HTTP][39m [37m<-- POST /wd/hub/session/ca906ba2-7e6f-4736-9356-ebb9c8d35bc3/elements [39m[32m200[39m [90m287 ms - 12[39m
[35m[HTTP][39m [90m[39m
[35m[HTTP][39m [37m-->[39m [37mPOST[39m [37m/wd/hub/session/ca906ba2-7e6f-4736-9356-ebb9c8d35bc3/elements[39m
[35m[HTTP][39m [90m{"using":"xpath","value":"//*[@type = 'XCUIElementTypeStaticText' and @label = 'Next' and @name = 'Next']"}[39m
[35m[HTTP][39m [37m<-- POST /wd/hub/session/ca906ba2-7e6f-4736-9356-ebb9c8d35bc3/elements [39m[32m200[39m [90m280 ms - 12[39m
[35m[HTTP][39m [90m[39m
[35m[HTTP][39m [37m-->[39m [37mPOST[39m [37m/wd/hub/session/ca906ba2-7e6f-4736-9356-ebb9c8d35bc3/elements[39m
[35m[HTTP][39m [90m{"using":"xpath","value":"//*[@type = 'XCUIElementTypeStaticText' and @label = 'Next' and @name = 'Next']"}[39m
[35m[HTTP][39m [37m<-- POST /wd/hub/session/ca906ba2-7e6f-4736-9356-ebb9c8d35bc3/elements [39m[32m200[39m [90m270 ms - 12[39m
[35m[HTTP][39m [90m[39m
[35m[HTTP][39m [37m-->[39m [37mPOST[39m [37m/wd/hub/session/ca906ba2-7e6f-4736-9356-ebb9c8d35bc3/elements[39m
[35m[HTTP][39m [90m{"using":"xpath","value":"//*[@type = 'XCUIElementTypeStaticText' and @label = 'Next' and @name = 'Next']"}[39m
[35m[HTTP][39m [37m<-- POST /wd/hub/session/ca906ba2-7e6f-4736-9356-ebb9c8d35bc3/elements [39m[32m200[39m [90m260 ms - 12[39m
[35m[HTTP][39m [90m[39m
[35m[HTTP][39m [37m-->[39m [37mPOST[39m [37m/wd/hub/session/ca906ba2-7e6f-4736-9356-ebb9c8d35bc3/elements[39m
[35m[HTTP][39m [90m{"using":"xpath","value":"//*[@type = 'XCUIElementTypeStaticText' and @label = 'Next' and @name = 'Next']"}[39m
[35m[HTTP][39m [37m<-- POST /wd/hub/session/ca906ba2-7e6f-4736-9356-ebb9c8d35bc3/elements [39m[32m200[39m [90m204 ms - 12[39m
[35m[HTTP][39m [90m[39m
[35m[HTTP][39m [37m-->[39m [37mPOST[39m [37m/wd/hub/session/ca906ba2-7e6f-4736-9356-ebb9c8d35bc3/elements[39m
[35m[HTTP][39m [90m{"using":"xpath","value":"//*[@type = 'XCUIElementTypeStaticText' and @label = 'Next' and @name = 'Next']"}[39m
[35m[HTTP][39m [37m<-- POST /wd/hub/session/ca906ba2-7e6f-4736-9356-ebb9c8d35bc3/elements [39m[32m200[39m [90m283 ms - 12[39m
[35m[HTTP][39m [90m[39m
[35m[HTTP][39m [37m-->[39m [37mPOST[39m [37m/wd/hub/session/ca906ba2-7e6f-4736-9356-ebb9c8d35bc3/elements[39m
[35m[HTTP][39m [90m{"using":"xpath","value":"//*[@type = 'XCUIElementTypeStaticText' and @label = 'Next' and @name = 'Next']"}[39m
[35m[HTTP][39m [37m<-- POST /wd/hub/session/ca906ba2-7e6f-4736-9356-ebb9c8d35bc3/elements [39m[32m200[39m [90m196 ms - 12[39m
[35m[HTTP][39m [90m[39m
[35m[HTTP][39m [37m-->[39m [37mPOST[39m [37m/wd/hub/session/ca906ba2-7e6f-4736-9356-ebb9c8d35bc3/elements[39m
[35m[HTTP][39m [90m{"using":"xpath","value":"//*[@type = 'XCUIElementTypeStaticText' and @label = 'Next' and @name = 'Next']"}[39m
[35m[HTTP][39m [37m<-- POST /wd/hub/session/ca906ba2-7e6f-4736-9356-ebb9c8d35bc3/elements [39m[32m200[39m [90m154 ms - 12[39m
[35m[HTTP][39m [90m[39m
[35m[HTTP][39m [37m-->[39m [37mPOST[39m [37m/wd/hub/session/ca906ba2-7e6f-4736-9356-ebb9c8d35bc3/elements[39m
[35m[HTTP][39m [90m{"using":"xpath","value":"//*[@type = 'XCUIElementTypeStaticText' and @label = 'Next' and @name = 'Next']"}[39m
[35m[HTTP][39m [37m<-- POST /wd/hub/session/ca906ba2-7e6f-4736-9356-ebb9c8d35bc3/elements [39m[32m200[39m [90m160 ms - 12[39m
[35m[HTTP][39m [90m[39m
[35m[HTTP][39m [37m-->[39m [37mPOST[39m [37m/wd/hub/session/ca906ba2-7e6f-4736-9356-ebb9c8d35bc3/elements[39m
[35m[HTTP][39m [90m{"using":"xpath","value":"//*[@type = 'XCUIElementTypeStaticText' and @label = 'Next' and @name = 'Next']"}[39m
[35m[HTTP][39m [37m<-- POST /wd/hub/session/ca906ba2-7e6f-4736-9356-ebb9c8d35bc3/elements [39m[32m200[39m [90m176 ms - 12[39m
[35m[HTTP][39m [90m[39m
[35m[HTTP][39m [37m-->[39m [37mPOST[39m [37m/wd/hub/session/ca906ba2-7e6f-4736-9356-ebb9c8d35bc3/elements[39m
[35m[HTTP][39m [90m{"using":"xpath","value":"//*[@type = 'XCUIElementTypeStaticText' and @label = 'Next' and @name = 'Next']"}[39m
[35m[HTTP][39m [37m<-- POST /wd/hub/session/ca906ba2-7e6f-4736-9356-ebb9c8d35bc3/elements [39m[32m200[39m [90m225 ms - 12[39m
[35m[HTTP][39m [90m[39m
[35m[HTTP][39m [37m-->[39m [37mPOST[39m [37m/wd/hub/session/ca906ba2-7e6f-4736-9356-ebb9c8d35bc3/elements[39m
[35m[HTTP][39m [90m{"using":"xpath","value":"//*[@type = 'XCUIElementTypeStaticText' and @label = 'Next' and @name = 'Next']"}[39m
[35m[HTTP][39m [37m<-- POST /wd/hub/session/ca906ba2-7e6f-4736-9356-ebb9c8d35bc3/elements [39m[32m200[39m [90m239 ms - 12[39m
[35m[HTTP][39m [90m[39m
[35m[HTTP][39m [37m-->[39m [37mPOST[39m [37m/wd/hub/session/ca906ba2-7e6f-4736-9356-ebb9c8d35bc3/elements[39m
[35m[HTTP][39m [90m{"using":"xpath","value":"//*[@type = 'XCUIElementTypeStaticText' and @label = 'Next' and @name = 'Next']"}[39m
[35m[HTTP][39m [37m<-- POST /wd/hub/session/ca906ba2-7e6f-4736-9356-ebb9c8d35bc3/elements [39m[32m200[39m [90m255 ms - 12[39m
[35m[HTTP][39m [90m[39m
[35m[HTTP][39m [37m-->[39m [37mPOST[39m [37m/wd/hub/session/ca906ba2-7e6f-4736-9356-ebb9c8d35bc3/elements[39m
[35m[HTTP][39m [90m{"using":"xpath","value":"//*[@type = 'XCUIElementTypeStaticText' and @label = 'Next' and @name = 'Next']"}[39m
[35m[HTTP][39m [37m<-- POST /wd/hub/session/ca906ba2-7e6f-4736-9356-ebb9c8d35bc3/elements [39m[32m200[39m [90m264 ms - 12[39m
[35m[HTTP][39m [90m[39m
[35m[HTTP][39m [37m-->[39m [37mPOST[39m [37m/wd/hub/session/ca906ba2-7e6f-4736-9356-ebb9c8d35bc3/elements[39m
[35m[HTTP][39m [90m{"using":"xpath","value":"//*[@type = 'XCUIElementTypeStaticText' and @label = 'Next' and @name = 'Next']"}[39m
[35m[HTTP][39m [37m<-- POST /wd/hub/session/ca906ba2-7e6f-4736-9356-ebb9c8d35bc3/elements [39m[32m200[39m [90m263 ms - 12[39m
[35m[HTTP][39m [90m[39m
[35m[HTTP][39m [37m-->[39m [37mPOST[39m [37m/wd/hub/session/ca906ba2-7e6f-4736-9356-ebb9c8d35bc3/elements[39m
[35m[HTTP][39m [90m{"using":"xpath","value":"//*[@type = 'XCUIElementTypeStaticText' and @label = 'Next' and @name = 'Next']"}[39m
[35m[HTTP][39m [37m<-- POST /wd/hub/session/ca906ba2-7e6f-4736-9356-ebb9c8d35bc3/elements [39m[32m200[39m [90m826 ms - 12[39m
[35m[HTTP][39m [90m[39m
[35m[HTTP][39m [37m-->[39m [37mPOST[39m [37m/wd/hub/session/ca906ba2-7e6f-4736-9356-ebb9c8d35bc3/elements[39m
[35m[HTTP][39m [90m{"using":"xpath","value":"//*[@type = 'XCUIElementTypeStaticText' and @label = 'Next' and @name = 'Next']"}[39m
[35m[HTTP][39m [37m<-- POST /wd/hub/session/ca906ba2-7e6f-4736-9356-ebb9c8d35bc3/elements [39m[32m200[39m [90m619 ms - 12[39m
[35m[HTTP][39m [90m[39m
[35m[HTTP][39m [37m-->[39m [37mPOST[39m [37m/wd/hub/session/ca906ba2-7e6f-4736-9356-ebb9c8d35bc3/elements[39m
[35m[HTTP][39m [90m{"using":"xpath","value":"//*[@type = 'XCUIElementTypeStaticText' and @label = 'Next' and @name = 'Next']"}[39m
[35m[HTTP][39m [37m<-- POST /wd/hub/session/ca906ba2-7e6f-4736-9356-ebb9c8d35bc3/elements [39m[32m200[39m [90m1280 ms - 139[39m
[35m[HTTP][39m [90m[39m
[35m[HTTP][39m [37m-->[39m [37mGET[39m [37m/wd/hub/session/ca906ba2-7e6f-4736-9356-ebb9c8d35bc3/element/5E010000-0000-0000-BD12-000000000000/location[39m
[35m[HTTP][39m [90m{}[39m
[35m[HTTP][39m [37m<-- GET /wd/hub/session/ca906ba2-7e6f-4736-9356-ebb9c8d35bc3/element/5E010000-0000-0000-BD12-000000000000/location [39m[32m200[39m [90m171 ms - 27[39m
[35m[HTTP][39m [90m[39m
[35m[HTTP][39m [37m-->[39m [37mPOST[39m [37m/wd/hub/session/ca906ba2-7e6f-4736-9356-ebb9c8d35bc3/timeouts[39m
[35m[HTTP][39m [90m{"implicit":30000}[39m
[35m[HTTP][39m [37m<-- POST /wd/hub/session/ca906ba2-7e6f-4736-9356-ebb9c8d35bc3/timeouts [39m[32m200[39m [90m2 ms - 14[39m
[35m[HTTP][39m [90m[39m
[35m[HTTP][39m [37m-->[39m [37mPOST[39m [37m/wd/hub/session/ca906ba2-7e6f-4736-9356-ebb9c8d35bc3/touch/perform[39m
[35m[HTTP][39m [90m{"actions":[{"action":"tap","options":{"x":1,"y":1,"element":"5E010000-0000-0000-BD12-000000000000"}},{"action":"release","options":{}}]}[39m
[35m[HTTP][39m [37m<-- POST /wd/hub/session/ca906ba2-7e6f-4736-9356-ebb9c8d35bc3/touch/perform [39m[32m200[39m [90m614 ms - 14[39m
[35m[HTTP][39m [90m[39m
[35m[HTTP][39m [37m-->[39m [37mPOST[39m [37m/wd/hub/session/ca906ba2-7e6f-4736-9356-ebb9c8d35bc3/timeouts[39m
[35m[HTTP][39m [90m{"implicit":50}[39m
[35m[HTTP][39m [37m<-- POST /wd/hub/session/ca906ba2-7e6f-4736-9356-ebb9c8d35bc3/timeouts [39m[32m200[39m [90m1 ms - 14[39m
[35m[HTTP][39m [90m[39m
[35m[HTTP][39m [37m-->[39m [37mGET[39m [37m/wd/hub/session/ca906ba2-7e6f-4736-9356-ebb9c8d35bc3/window/rect[39m
[35m[HTTP][39m [90m{}[39m
[35m[HTTP][39m [37m<-- GET /wd/hub/session/ca906ba2-7e6f-4736-9356-ebb9c8d35bc3/window/rect [39m[32m200[39m [90m198 ms - 48[39m
[35m[HTTP][39m [90m[39m
[35m[HTTP][39m [37m-->[39m [37mPOST[39m [37m/wd/hub/session/ca906ba2-7e6f-4736-9356-ebb9c8d35bc3/elements[39m
[35m[HTTP][39m [90m{"using":"xpath","value":"//*[@type = 'XCUIElementTypeStaticText' and @label = 'Next' and @name = 'Next']"}[39m
[35m[HTTP][39m [37m<-- POST /wd/hub/session/ca906ba2-7e6f-4736-9356-ebb9c8d35bc3/elements [39m[32m200[39m [90m1348 ms - 139[39m
[35m[HTTP][39m [90m[39m
[35m[HTTP][39m [37m-->[39m [37mGET[39m [37m/wd/hub/session/ca906ba2-7e6f-4736-9356-ebb9c8d35bc3/element/5E010000-0000-0000-BD12-000000000000/location[39m
[35m[HTTP][39m [90m{}[39m
[35m[HTTP][39m [37m<-- GET /wd/hub/session/ca906ba2-7e6f-4736-9356-ebb9c8d35bc3/element/5E010000-0000-0000-BD12-000000000000/location [39m[32m200[39m [90m166 ms - 27[39m
[35m[HTTP][39m [90m[39m
[35m[HTTP][39m [37m-->[39m [37mPOST[39m [37m/wd/hub/session/ca906ba2-7e6f-4736-9356-ebb9c8d35bc3/timeouts[39m
[35m[HTTP][39m [90m{"implicit":30000}[39m
[35m[HTTP][39m [37m<-- POST /wd/hub/session/ca906ba2-7e6f-4736-9356-ebb9c8d35bc3/timeouts [39m[32m200[39m [90m1 ms - 14[39m
[35m[HTTP][39m [90m[39m
[35m[HTTP][39m [37m-->[39m [37mPOST[39m [37m/wd/hub/session/ca906ba2-7e6f-4736-9356-ebb9c8d35bc3/touch/perform[39m
[35m[HTTP][39m [90m{"actions":[{"action":"tap","options":{"x":1,"y":1,"element":"5E010000-0000-0000-BD12-000000000000"}},{"action":"release","options":{}}]}[39m
[35m[HTTP][39m [37m<-- POST /wd/hub/session/ca906ba2-7e6f-4736-9356-ebb9c8d35bc3/touch/perform [39m[32m200[39m [90m602 ms - 14[39m
[35m[HTTP][39m [90m[39m
[35m[HTTP][39m [37m-->[39m [37mPOST[39m [37m/wd/hub/session/ca906ba2-7e6f-4736-9356-ebb9c8d35bc3/timeouts[39m
[35m[HTTP][39m [90m{"implicit":50}[39m
[35m[HTTP][39m [37m<-- POST /wd/hub/session/ca906ba2-7e6f-4736-9356-ebb9c8d35bc3/timeouts [39m[32m200[39m [90m1 ms - 14[39m
[35m[HTTP][39m [90m[39m
[35m[HTTP][39m [37m-->[39m [37mGET[39m [37m/wd/hub/session/ca906ba2-7e6f-4736-9356-ebb9c8d35bc3/window/rect[39m
[35m[HTTP][39m [90m{}[39m
[35m[HTTP][39m [37m<-- GET /wd/hub/session/ca906ba2-7e6f-4736-9356-ebb9c8d35bc3/window/rect [39m[32m200[39m [90m206 ms - 48[39m
[35m[HTTP][39m [90m[39m
[35m[HTTP][39m [37m-->[39m [37mPOST[39m [37m/wd/hub/session/ca906ba2-7e6f-4736-9356-ebb9c8d35bc3/elements[39m
[35m[HTTP][39m [90m{"using":"xpath","value":"//*[@type = 'XCUIElementTypeStaticText' and @label = 'Next' and @name = 'Next']"}[39m
[35m[HTTP][39m [37m<-- POST /wd/hub/session/ca906ba2-7e6f-4736-9356-ebb9c8d35bc3/elements [39m[32m200[39m [90m843 ms - 139[39m
[35m[HTTP][39m [90m[39m
[35m[HTTP][39m [37m-->[39m [37mGET[39m [37m/wd/hub/session/ca906ba2-7e6f-4736-9356-ebb9c8d35bc3/element/5E010000-0000-0000-BD12-000000000000/location[39m
[35m[HTTP][39m [90m{}[39m
[35m[HTTP][39m [37m<-- GET /wd/hub/session/ca906ba2-7e6f-4736-9356-ebb9c8d35bc3/element/5E010000-0000-0000-BD12-000000000000/location [39m[32m200[39m [90m96 ms - 27[39m
[35m[HTTP][39m [90m[39m
[35m[HTTP][39m [37m-->[39m [37mPOST[39m [37m/wd/hub/session/ca906ba2-7e6f-4736-9356-ebb9c8d35bc3/timeouts[39m
[35m[HTTP][39m [90m{"implicit":30000}[39m
[35m[HTTP][39m [37m<-- POST /wd/hub/session/ca906ba2-7e6f-4736-9356-ebb9c8d35bc3/timeouts [39m[32m200[39m [90m2 ms - 14[39m
[35m[HTTP][39m [90m[39m
[35m[HTTP][39m [37m-->[39m [37mPOST[39m [37m/wd/hub/session/ca906ba2-7e6f-4736-9356-ebb9c8d35bc3/touch/perform[39m
[35m[HTTP][39m [90m{"actions":[{"action":"tap","options":{"x":1,"y":1,"element":"5E010000-0000-0000-BD12-000000000000"}},{"action":"release","options":{}}]}[39m
[35m[HTTP][39m [37m<-- POST /wd/hub/session/ca906ba2-7e6f-4736-9356-ebb9c8d35bc3/touch/perform [39m[32m200[39m [90m545 ms - 14[39m
[35m[HTTP][39m [90m[39m
[35m[HTTP][39m [37m-->[39m [37mPOST[39m [37m/wd/hub/session/ca906ba2-7e6f-4736-9356-ebb9c8d35bc3/timeouts[39m
[35m[HTTP][39m [90m{"implicit":50}[39m
[35m[HTTP][39m [37m<-- POST /wd/hub/session/ca906ba2-7e6f-4736-9356-ebb9c8d35bc3/timeouts [39m[32m200[39m [90m1 ms - 14[39m
[35m[HTTP][39m [90m[39m
[35m[HTTP][39m [37m-->[39m [37mGET[39m [37m/wd/hub/session/ca906ba2-7e6f-4736-9356-ebb9c8d35bc3/window/rect[39m
[35m[HTTP][39m [90m{}[39m
[35m[HTTP][39m [37m<-- GET /wd/hub/session/ca906ba2-7e6f-4736-9356-ebb9c8d35bc3/window/rect [39m[32m200[39m [90m215 ms - 48[39m
[35m[HTTP][39m [90m[39m
[35m[HTTP][39m [37m-->[39m [37mPOST[39m [37m/wd/hub/session/ca906ba2-7e6f-4736-9356-ebb9c8d35bc3/elements[39m
[35m[HTTP][39m [90m{"using":"xpath","value":"//*[@type = 'XCUIElementTypeStaticText' and @label = 'Next' and @name = 'Next']"}[39m
[35m[HTTP][39m [37m<-- POST /wd/hub/session/ca906ba2-7e6f-4736-9356-ebb9c8d35bc3/elements [39m[32m200[39m [90m1274 ms - 139[39m
[35m[HTTP][39m [90m[39m
[35m[HTTP][39m [37m-->[39m [37mGET[39m [37m/wd/hub/session/ca906ba2-7e6f-4736-9356-ebb9c8d35bc3/element/5E010000-0000-0000-BD12-000000000000/location[39m
[35m[HTTP][39m [90m{}[39m
[35m[HTTP][39m [37m<-- GET /wd/hub/session/ca906ba2-7e6f-4736-9356-ebb9c8d35bc3/element/5E010000-0000-0000-BD12-000000000000/location [39m[32m200[39m [90m174 ms - 27[39m
[35m[HTTP][39m [90m[39m
[35m[HTTP][39m [37m-->[39m [37mPOST[39m [37m/wd/hub/session/ca906ba2-7e6f-4736-9356-ebb9c8d35bc3/timeouts[39m
[35m[HTTP][39m [90m{"implicit":30000}[39m
[35m[HTTP][39m [37m<-- POST /wd/hub/session/ca906ba2-7e6f-4736-9356-ebb9c8d35bc3/timeouts [39m[32m200[39m [90m1 ms - 14[39m
[35m[HTTP][39m [90m[39m
[35m[HTTP][39m [37m-->[39m [37mPOST[39m [37m/wd/hub/session/ca906ba2-7e6f-4736-9356-ebb9c8d35bc3/touch/perform[39m
[35m[HTTP][39m [90m{"actions":[{"action":"tap","options":{"x":1,"y":1,"element":"5E010000-0000-0000-BD12-000000000000"}},{"action":"release","options":{}}]}[39m
[35m[HTTP][39m [37m<-- POST /wd/hub/session/ca906ba2-7e6f-4736-9356-ebb9c8d35bc3/touch/perform [39m[32m200[39m [90m616 ms - 14[39m
[35m[HTTP][39m [90m[39m
[35m[HTTP][39m [37m-->[39m [37mPOST[39m [37m/wd/hub/session/ca906ba2-7e6f-4736-9356-ebb9c8d35bc3/timeouts[39m
[35m[HTTP][39m [90m{"implicit":50}[39m
[35m[HTTP][39m [37m<-- POST /wd/hub/session/ca906ba2-7e6f-4736-9356-ebb9c8d35bc3/timeouts [39m[32m200[39m [90m1 ms - 14[39m
[35m[HTTP][39m [90m[39m
[35m[HTTP][39m [37m-->[39m [37mGET[39m [37m/wd/hub/session/ca906ba2-7e6f-4736-9356-ebb9c8d35bc3/window/rect[39m
[35m[HTTP][39m [90m{}[39m
[35m[HTTP][39m [37m<-- GET /wd/hub/session/ca906ba2-7e6f-4736-9356-ebb9c8d35bc3/window/rect [39m[32m200[39m [90m208 ms - 48[39m
[35m[HTTP][39m [90m[39m
[35m[HTTP][39m [37m-->[39m [37mPOST[39m [37m/wd/hub/session/ca906ba2-7e6f-4736-9356-ebb9c8d35bc3/elements[39m
[35m[HTTP][39m [90m{"using":"xpath","value":"//*[@type = 'XCUIElementTypeStaticText' and @label = 'Next' and @name = 'Next']"}[39m
[35m[HTTP][39m [37m<-- POST /wd/hub/session/ca906ba2-7e6f-4736-9356-ebb9c8d35bc3/elements [39m[32m200[39m [90m1498 ms - 139[39m
[35m[HTTP][39m [90m[39m
[35m[HTTP][39m [37m-->[39m [37mGET[39m [37m/wd/hub/session/ca906ba2-7e6f-4736-9356-ebb9c8d35bc3/element/5E010000-0000-0000-BD12-000000000000/location[39m
[35m[HTTP][39m [90m{}[39m
[35m[HTTP][39m [37m<-- GET /wd/hub/session/ca906ba2-7e6f-4736-9356-ebb9c8d35bc3/element/5E010000-0000-0000-BD12-000000000000/location [39m[32m200[39m [90m194 ms - 27[39m
[35m[HTTP][39m [90m[39m
[35m[HTTP][39m [37m-->[39m [37mPOST[39m [37m/wd/hub/session/ca906ba2-7e6f-4736-9356-ebb9c8d35bc3/timeouts[39m
[35m[HTTP][39m [90m{"implicit":30000}[39m
[35m[HTTP][39m [37m<-- POST /wd/hub/session/ca906ba2-7e6f-4736-9356-ebb9c8d35bc3/timeouts [39m[32m200[39m [90m1 ms - 14[39m
[35m[HTTP][39m [90m[39m
[35m[HTTP][39m [37m-->[39m [37mPOST[39m [37m/wd/hub/session/ca906ba2-7e6f-4736-9356-ebb9c8d35bc3/touch/perform[39m
[35m[HTTP][39m [90m{"actions":[{"action":"tap","options":{"x":1,"y":1,"element":"5E010000-0000-0000-BD12-000000000000"}},{"action":"release","options":{}}]}[39m
[35m[HTTP][39m [37m<-- POST /wd/hub/session/ca906ba2-7e6f-4736-9356-ebb9c8d35bc3/touch/perform [39m[32m200[39m [90m616 ms - 14[39m
[35m[HTTP][39m [90m[39m
[35m[HTTP][39m [37m-->[39m [37mPOST[39m [37m/wd/hub/session/ca906ba2-7e6f-4736-9356-ebb9c8d35bc3/timeouts[39m
[35m[HTTP][39m [90m{"implicit":50}[39m
[35m[HTTP][39m [37m<-- POST /wd/hub/session/ca906ba2-7e6f-4736-9356-ebb9c8d35bc3/timeouts [39m[32m200[39m [90m1 ms - 14[39m
[35m[HTTP][39m [90m[39m
[35m[HTTP][39m [37m-->[39m [37mGET[39m [37m/wd/hub/session/ca906ba2-7e6f-4736-9356-ebb9c8d35bc3/window/rect[39m
[35m[HTTP][39m [90m{}[39m
[35m[HTTP][39m [37m<-- GET /wd/hub/session/ca906ba2-7e6f-4736-9356-ebb9c8d35bc3/window/rect [39m[32m200[39m [90m206 ms - 48[39m
[35m[HTTP][39m [90m[39m
[35m[HTTP][39m [37m-->[39m [37mPOST[39m [37m/wd/hub/session/ca906ba2-7e6f-4736-9356-ebb9c8d35bc3/elements[39m
[35m[HTTP][39m [90m{"using":"xpath","value":"//*[@type = 'XCUIElementTypeStaticText' and @label = concat('Let' , \"'\" , 's Go!') and @name = concat('Let' , \"'\" , 's Go!')]"}[39m
[35m[HTTP][39m [37m<-- POST /wd/hub/session/ca906ba2-7e6f-4736-9356-ebb9c8d35bc3/elements [39m[32m200[39m [90m1446 ms - 139[39m
[35m[HTTP][39m [90m[39m
[35m[HTTP][39m [37m-->[39m [37mGET[39m [37m/wd/hub/session/ca906ba2-7e6f-4736-9356-ebb9c8d35bc3/element/5E010000-0000-0000-BD12-000000000000/location[39m
[35m[HTTP][39m [90m{}[39m
[35m[HTTP][39m [37m<-- GET /wd/hub/session/ca906ba2-7e6f-4736-9356-ebb9c8d35bc3/element/5E010000-0000-0000-BD12-000000000000/location [39m[32m200[39m [90m186 ms - 27[39m
[35m[HTTP][39m [90m[39m
[35m[HTTP][39m [37m-->[39m [37mPOST[39m [37m/wd/hub/session/ca906ba2-7e6f-4736-9356-ebb9c8d35bc3/timeouts[39m
[35m[HTTP][39m [90m{"implicit":30000}[39m
[35m[HTTP][39m [37m<-- POST /wd/hub/session/ca906ba2-7e6f-4736-9356-ebb9c8d35bc3/timeouts [39m[32m200[39m [90m2 ms - 14[39m
[35m[HTTP][39m [90m[39m
[35m[HTTP][39m [37m-->[39m [37mPOST[39m [37m/wd/hub/session/ca906ba2-7e6f-4736-9356-ebb9c8d35bc3/touch/perform[39m
[35m[HTTP][39m [90m{"actions":[{"action":"tap","options":{"x":1,"y":1,"element":"5E010000-0000-0000-BD12-000000000000"}},{"action":"release","options":{}}]}[39m
[35m[HTTP][39m [37m<-- POST /wd/hub/session/ca906ba2-7e6f-4736-9356-ebb9c8d35bc3/touch/perform [39m[32m200[39m [90m560 ms - 14[39m
[35m[HTTP][39m [90m[39m
[35m[HTTP][39m [37m-->[39m [37mPOST[39m [37m/wd/hub/session/ca906ba2-7e6f-4736-9356-ebb9c8d35bc3/timeouts[39m
[35m[HTTP][39m [90m{"implicit":50}[39m
[35m[HTTP][39m [37m<-- POST /wd/hub/session/ca906ba2-7e6f-4736-9356-ebb9c8d35bc3/timeouts [39m[32m200[39m [90m2 ms - 14[39m
[35m[HTTP][39m [90m[39m
[35m[HTTP][39m [37m-->[39m [37mGET[39m [37m/wd/hub/session/ca906ba2-7e6f-4736-9356-ebb9c8d35bc3/window/rect[39m
[35m[HTTP][39m [90m{}[39m
[35m[HTTP][39m [37m<-- GET /wd/hub/session/ca906ba2-7e6f-4736-9356-ebb9c8d35bc3/window/rect [39m[32m200[39m [90m165 ms - 48[39m
[35m[HTTP][39m [90m[39m
[35m[HTTP][39m [37m-->[39m [37mPOST[39m [37m/wd/hub/session/ca906ba2-7e6f-4736-9356-ebb9c8d35bc3/elements[39m
[35m[HTTP][39m [90m{"using":"xpath","value":"//*[@type = 'XCUIElementTypeButton' and @label = 'popup close button' and @name = 'popup close button']"}[39m
[35m[HTTP][39m [37m<-- POST /wd/hub/session/ca906ba2-7e6f-4736-9356-ebb9c8d35bc3/elements [39m[32m200[39m [90m1438 ms - 139[39m
[35m[HTTP][39m [90m[39m
[35m[HTTP][39m [37m-->[39m [37mGET[39m [37m/wd/hub/session/ca906ba2-7e6f-4736-9356-ebb9c8d35bc3/element/98010000-0000-0000-BD12-000000000000/location[39m
[35m[HTTP][39m [90m{}[39m
[35m[HTTP][39m [37m<-- GET /wd/hub/session/ca906ba2-7e6f-4736-9356-ebb9c8d35bc3/element/98010000-0000-0000-BD12-000000000000/location [39m[32m200[39m [90m160 ms - 27[39m
[35m[HTTP][39m [90m[39m
[35m[HTTP][39m [37m-->[39m [37mPOST[39m [37m/wd/hub/session/ca906ba2-7e6f-4736-9356-ebb9c8d35bc3/timeouts[39m
[35m[HTTP][39m [90m{"implicit":30000}[39m
[35m[HTTP][39m [37m<-- POST /wd/hub/session/ca906ba2-7e6f-4736-9356-ebb9c8d35bc3/timeouts [39m[32m200[39m [90m1 ms - 14[39m
[35m[HTTP][39m [90m[39m
[35m[HTTP][39m [37m-->[39m [37mPOST[39m [37m/wd/hub/session/ca906ba2-7e6f-4736-9356-ebb9c8d35bc3/touch/perform[39m
[35m[HTTP][39m [90m{"actions":[{"action":"tap","options":{"x":1,"y":1,"element":"98010000-0000-0000-BD12-000000000000"}},{"action":"release","options":{}}]}[39m
[35m[HTTP][39m [37m<-- POST /wd/hub/session/ca906ba2-7e6f-4736-9356-ebb9c8d35bc3/touch/perform [39m[32m200[39m [90m565 ms - 14[39m
[35m[HTTP][39m [90m[39m
[35m[HTTP][39m [37m-->[39m [37mPOST[39m [37m/wd/hub/session/ca906ba2-7e6f-4736-9356-ebb9c8d35bc3/timeouts[39m
[35m[HTTP][39m [90m{"implicit":50}[39m
[35m[HTTP][39m [37m<-- POST /wd/hub/session/ca906ba2-7e6f-4736-9356-ebb9c8d35bc3/timeouts [39m[32m200[39m [90m1 ms - 14[39m
[35m[HTTP][39m [90m[39m
[35m[HTTP][39m [37m-->[39m [37mGET[39m [37m/wd/hub/session/ca906ba2-7e6f-4736-9356-ebb9c8d35bc3/window/rect[39m
[35m[HTTP][39m [90m{}[39m
[35m[HTTP][39m [37m<-- GET /wd/hub/session/ca906ba2-7e6f-4736-9356-ebb9c8d35bc3/window/rect [39m[32m200[39m [90m212 ms - 48[39m
[35m[HTTP][39m [90m[39m
[35m[HTTP][39m [37m-->[39m [37mPOST[39m [37m/wd/hub/session/ca906ba2-7e6f-4736-9356-ebb9c8d35bc3/elements[39m
[35m[HTTP][39m [90m{"using":"xpath","value":"//*[@type = 'XCUIElementTypeButton' and @label = concat('Let' , \"'\" , 's go!') and @name = concat('Let' , \"'\" , 's go!')]"}[39m
[35m[HTTP][39m [37m<-- POST /wd/hub/session/ca906ba2-7e6f-4736-9356-ebb9c8d35bc3/elements [39m[32m200[39m [90m1450 ms - 139[39m
[35m[HTTP][39m [90m[39m
[35m[HTTP][39m [37m-->[39m [37mGET[39m [37m/wd/hub/session/ca906ba2-7e6f-4736-9356-ebb9c8d35bc3/element/B4010000-0000-0000-BD12-000000000000/location[39m
[35m[HTTP][39m [90m{}[39m
[35m[HTTP][39m [37m<-- GET /wd/hub/session/ca906ba2-7e6f-4736-9356-ebb9c8d35bc3/element/B4010000-0000-0000-BD12-000000000000/location [39m[32m200[39m [90m184 ms - 27[39m
[35m[HTTP][39m [90m[39m
[35m[HTTP][39m [37m-->[39m [37mPOST[39m [37m/wd/hub/session/ca906ba2-7e6f-4736-9356-ebb9c8d35bc3/timeouts[39m
[35m[HTTP][39m [90m{"implicit":30000}[39m
[35m[HTTP][39m [37m<-- POST /wd/hub/session/ca906ba2-7e6f-4736-9356-ebb9c8d35bc3/timeouts [39m[32m200[39m [90m3 ms - 14[39m
[35m[HTTP][39m [90m[39m
[35m[HTTP][39m [37m-->[39m [37mPOST[39m [37m/wd/hub/session/ca906ba2-7e6f-4736-9356-ebb9c8d35bc3/touch/perform[39m
[35m[HTTP][39m [90m{"actions":[{"action":"tap","options":{"x":1,"y":1,"element":"B4010000-0000-0000-BD12-000000000000"}},{"action":"release","options":{}}]}[39m
[35m[HTTP][39m [37m<-- POST /wd/hub/session/ca906ba2-7e6f-4736-9356-ebb9c8d35bc3/touch/perform [39m[32m200[39m [90m572 ms - 14[39m
[35m[HTTP][39m [90m[39m
[35m[HTTP][39m [37m-->[39m [37mPOST[39m [37m/wd/hub/session/ca906ba2-7e6f-4736-9356-ebb9c8d35bc3/timeouts[39m
[35m[HTTP][39m [90m{"implicit":50}[39m
[35m[HTTP][39m [37m<-- POST /wd/hub/session/ca906ba2-7e6f-4736-9356-ebb9c8d35bc3/timeouts [39m[32m200[39m [90m1 ms - 14[39m
[35m[HTTP][39m [90m[39m
[35m[HTTP][39m [37m-->[39m [37mGET[39m [37m/wd/hub/session/ca906ba2-7e6f-4736-9356-ebb9c8d35bc3/window/rect[39m
[35m[HTTP][39m [90m{}[39m
[35m[HTTP][39m [37m<-- GET /wd/hub/session/ca906ba2-7e6f-4736-9356-ebb9c8d35bc3/window/rect [39m[32m200[39m [90m198 ms - 48[39m
[35m[HTTP][39m [90m[39m
[35m[HTTP][39m [37m-->[39m [37mPOST[39m [37m/wd/hub/session/ca906ba2-7e6f-4736-9356-ebb9c8d35bc3/elements[39m
[35m[HTTP][39m [90m{"using":"xpath","value":"//*[@type = 'XCUIElementTypeButton' and @label = 'bottomBarTicket' and @name = 'bottomBarTicket']"}[39m
[35m[HTTP][39m [37m<-- POST /wd/hub/session/ca906ba2-7e6f-4736-9356-ebb9c8d35bc3/elements [39m[32m200[39m [90m1334 ms - 139[39m
[35m[HTTP][39m [90m[39m
[35m[HTTP][39m [37m-->[39m [37mGET[39m [37m/wd/hub/session/ca906ba2-7e6f-4736-9356-ebb9c8d35bc3/element/34010000-0000-0000-BD12-000000000000/location[39m
[35m[HTTP][39m [90m{}[39m
[35m[HTTP][39m [37m<-- GET /wd/hub/session/ca906ba2-7e6f-4736-9356-ebb9c8d35bc3/element/34010000-0000-0000-BD12-000000000000/location [39m[32m200[39m [90m156 ms - 25[39m
[35m[HTTP][39m [90m[39m
[35m[HTTP][39m [37m-->[39m [37mPOST[39m [37m/wd/hub/session/ca906ba2-7e6f-4736-9356-ebb9c8d35bc3/timeouts[39m
[35m[HTTP][39m [90m{"implicit":30000}[39m
[35m[HTTP][39m [37m<-- POST /wd/hub/session/ca906ba2-7e6f-4736-9356-ebb9c8d35bc3/timeouts [39m[32m200[39m [90m1 ms - 14[39m
[35m[HTTP][39m [90m[39m
[35m[HTTP][39m [37m-->[39m [37mPOST[39m [37m/wd/hub/session/ca906ba2-7e6f-4736-9356-ebb9c8d35bc3/touch/perform[39m
[35m[HTTP][39m [90m{"actions":[{"action":"tap","options":{"x":1,"y":1,"element":"34010000-0000-0000-BD12-000000000000"}},{"action":"release","options":{}}]}[39m
[35m[HTTP][39m [37m<-- POST /wd/hub/session/ca906ba2-7e6f-4736-9356-ebb9c8d35bc3/touch/perform [39m[32m200[39m [90m482 ms - 14[39m
[35m[HTTP][39m [90m[39m
[35m[HTTP][39m [37m-->[39m [37mPOST[39m [37m/wd/hub/session/ca906ba2-7e6f-4736-9356-ebb9c8d35bc3/timeouts[39m
[35m[HTTP][39m [90m{"implicit":50}[39m
[35m[HTTP][39m [37m<-- POST /wd/hub/session/ca906ba2-7e6f-4736-9356-ebb9c8d35bc3/timeouts [39m[32m200[39m [90m1 ms - 14[39m
[35m[HTTP][39m [90m[39m
[35m[HTTP][39m [37m-->[39m [37mGET[39m [37m/wd/hub/session/ca906ba2-7e6f-4736-9356-ebb9c8d35bc3/window/rect[39m
[35m[HTTP][39m [90m{}[39m
[35m[HTTP][39m [37m<-- GET /wd/hub/session/ca906ba2-7e6f-4736-9356-ebb9c8d35bc3/window/rect [39m[32m200[39m [90m180 ms - 48[39m
[35m[HTTP][39m [90m[39m
[35m[HTTP][39m [37m-->[39m [37mPOST[39m [37m/wd/hub/session/ca906ba2-7e6f-4736-9356-ebb9c8d35bc3/elements[39m
[35m[HTTP][39m [90m{"using":"xpath","value":"//*[@type = 'XCUIElementTypeButton' and @label = 'iconHome' and @name = 'iconHome']"}[39m
[35m[HTTP][39m [37m<-- POST /wd/hub/session/ca906ba2-7e6f-4736-9356-ebb9c8d35bc3/elements [39m[32m200[39m [90m1519 ms - 139[39m
[35m[HTTP][39m [90m[39m
[35m[HTTP][39m [37m-->[39m [37mGET[39m [37m/wd/hub/session/ca906ba2-7e6f-4736-9356-ebb9c8d35bc3/element/C9010000-0000-0000-BD12-000000000000/location[39m
[35m[HTTP][39m [90m{}[39m
[35m[HTTP][39m [37m<-- GET /wd/hub/session/ca906ba2-7e6f-4736-9356-ebb9c8d35bc3/element/C9010000-0000-0000-BD12-000000000000/location [39m[32m200[39m [90m146 ms - 23[39m
[35m[HTTP][39m [90m[39m
[35m[HTTP][39m [37m-->[39m [37mPOST[39m [37m/wd/hub/session/ca906ba2-7e6f-4736-9356-ebb9c8d35bc3/timeouts[39m
[35m[HTTP][39m [90m{"implicit":30000}[39m
[35m[HTTP][39m [37m<-- POST /wd/hub/session/ca906ba2-7e6f-4736-9356-ebb9c8d35bc3/timeouts [39m[32m200[39m [90m1 ms - 14[39m
[35m[HTTP][39m [90m[39m
[35m[HTTP][39m [37m-->[39m [37mPOST[39m [37m/wd/hub/session/ca906ba2-7e6f-4736-9356-ebb9c8d35bc3/touch/perform[39m
[35m[HTTP][39m [90m{"actions":[{"action":"tap","options":{"x":1,"y":1,"element":"C9010000-0000-0000-BD12-000000000000"}},{"action":"release","options":{}}]}[39m
[35m[HTTP][39m [37m<-- POST /wd/hub/session/ca906ba2-7e6f-4736-9356-ebb9c8d35bc3/touch/perform [39m[32m200[39m [90m909 ms - 14[39m
[35m[HTTP][39m [90m[39m
[35m[HTTP][39m [37m-->[39m [37mPOST[39m [37m/wd/hub/session/ca906ba2-7e6f-4736-9356-ebb9c8d35bc3/timeouts[39m
[35m[HTTP][39m [90m{"implicit":50}[39m
[35m[HTTP][39m [37m<-- POST /wd/hub/session/ca906ba2-7e6f-4736-9356-ebb9c8d35bc3/timeouts [39m[32m200[39m [90m1 ms - 14[39m
[35m[HTTP][39m [90m[39m
[35m[HTTP][39m [37m-->[39m [37mGET[39m [37m/wd/hub/session/ca906ba2-7e6f-4736-9356-ebb9c8d35bc3/window/rect[39m
[35m[HTTP][39m [90m{}[39m
[35m[HTTP][39m [37m<-- GET /wd/hub/session/ca906ba2-7e6f-4736-9356-ebb9c8d35bc3/window/rect [39m[32m200[39m [90m166 ms - 48[39m
[35m[HTTP][39m [90m[39m
[35m[HTTP][39m [37m-->[39m [37mPOST[39m [37m/wd/hub/session/ca906ba2-7e6f-4736-9356-ebb9c8d35bc3/elements[39m
[35m[HTTP][39m [90m{"using":"xpath","value":"//*[@type = 'XCUIElementTypeButton' and @label = 'bottomBarLootbox' and @name = 'bottomBarLootbox']"}[39m
[35m[HTTP][39m [37m<-- POST /wd/hub/session/ca906ba2-7e6f-4736-9356-ebb9c8d35bc3/elements [39m[32m200[39m [90m1127 ms - 139[39m
[35m[HTTP][39m [90m[39m
[35m[HTTP][39m [37m-->[39m [37mGET[39m [37m/wd/hub/session/ca906ba2-7e6f-4736-9356-ebb9c8d35bc3/element/36010000-0000-0000-BD12-000000000000/location[39m
[35m[HTTP][39m [90m{}[39m
[35m[HTTP][39m [37m<-- GET /wd/hub/session/ca906ba2-7e6f-4736-9356-ebb9c8d35bc3/element/36010000-0000-0000-BD12-000000000000/location [39m[32m200[39m [90m153 ms - 26[39m
[35m[HTTP][39m [90m[39m
[35m[HTTP][39m [37m-->[39m [37mPOST[39m [37m/wd/hub/session/ca906ba2-7e6f-4736-9356-ebb9c8d35bc3/timeouts[39m
[35m[HTTP][39m [90m{"implicit":30000}[39m
[35m[HTTP][39m [37m<-- POST /wd/hub/session/ca906ba2-7e6f-4736-9356-ebb9c8d35bc3/timeouts [39m[32m200[39m [90m1 ms - 14[39m
[35m[HTTP][39m [90m[39m
[35m[HTTP][39m [37m-->[39m [37mPOST[39m [37m/wd/hub/session/ca906ba2-7e6f-4736-9356-ebb9c8d35bc3/touch/perform[39m
[35m[HTTP][39m [90m{"actions":[{"action":"tap","options":{"x":1,"y":1,"element":"36010000-0000-0000-BD12-000000000000"}},{"action":"release","options":{}}]}[39m
[35m[HTTP][39m [37m<-- POST /wd/hub/session/ca906ba2-7e6f-4736-9356-ebb9c8d35bc3/touch/perform [39m[32m200[39m [90m391 ms - 14[39m
[35m[HTTP][39m [90m[39m
[35m[HTTP][39m [37m-->[39m [37mPOST[39m [37m/wd/hub/session/ca906ba2-7e6f-4736-9356-ebb9c8d35bc3/timeouts[39m
[35m[HTTP][39m [90m{"implicit":50}[39m
[35m[HTTP][39m [37m<-- POST /wd/hub/session/ca906ba2-7e6f-4736-9356-ebb9c8d35bc3/timeouts [39m[32m200[39m [90m1 ms - 14[39m
[35m[HTTP][39m [90m[39m
[35m[HTTP][39m [37m-->[39m [37mGET[39m [37m/wd/hub/session/ca906ba2-7e6f-4736-9356-ebb9c8d35bc3/window/rect[39m
[35m[HTTP][39m [90m{}[39m
[35m[HTTP][39m [37m<-- GET /wd/hub/session/ca906ba2-7e6f-4736-9356-ebb9c8d35bc3/window/rect [39m[32m200[39m [90m178 ms - 48[39m
[35m[HTTP][39m [90m[39m
[35m[HTTP][39m [37m-->[39m [37mPOST[39m [37m/wd/hub/session/ca906ba2-7e6f-4736-9356-ebb9c8d35bc3/elements[39m
[35m[HTTP][39m [90m{"using":"xpath","value":"//*[@type = 'XCUIElementTypeButton' and @label = 'iconHome' and @name = 'iconHome']"}[39m
[35m[HTTP][39m [37m<-- POST /wd/hub/session/ca906ba2-7e6f-4736-9356-ebb9c8d35bc3/elements [39m[32m200[39m [90m1534 ms - 267[39m
[35m[HTTP][39m [90m[39m
[35m[HTTP][39m [37m-->[39m [37mGET[39m [37m/wd/hub/session/ca906ba2-7e6f-4736-9356-ebb9c8d35bc3/element/FB000000-0000-0000-BD12-000000000000/location[39m
[35m[HTTP][39m [90m{}[39m
[35m[HTTP][39m [37m<-- GET /wd/hub/session/ca906ba2-7e6f-4736-9356-ebb9c8d35bc3/element/FB000000-0000-0000-BD12-000000000000/location [39m[32m200[39m [90m153 ms - 23[39m
[35m[HTTP][39m [90m[39m
[35m[HTTP][39m [37m-->[39m [37mPOST[39m [37m/wd/hub/session/ca906ba2-7e6f-4736-9356-ebb9c8d35bc3/timeouts[39m
[35m[HTTP][39m [90m{"implicit":30000}[39m
[35m[HTTP][39m [37m<-- POST /wd/hub/session/ca906ba2-7e6f-4736-9356-ebb9c8d35bc3/timeouts [39m[32m200[39m [90m2 ms - 14[39m
[35m[HTTP][39m [90m[39m
[35m[HTTP][39m [37m-->[39m [37mPOST[39m [37m/wd/hub/session/ca906ba2-7e6f-4736-9356-ebb9c8d35bc3/touch/perform[39m
[35m[HTTP][39m [90m{"actions":[{"action":"tap","options":{"x":1,"y":1,"element":"FB000000-0000-0000-BD12-000000000000"}},{"action":"release","options":{}}]}[39m
[35m[HTTP][39m [37m<-- POST /wd/hub/session/ca906ba2-7e6f-4736-9356-ebb9c8d35bc3/touch/perform [39m[32m200[39m [90m390 ms - 14[39m
[35m[HTTP][39m [90m[39m
[35m[HTTP][39m [37m-->[39m [37mPOST[39m [37m/wd/hub/session/ca906ba2-7e6f-4736-9356-ebb9c8d35bc3/timeouts[39m
[35m[HTTP][39m [90m{"implicit":50}[39m
[35m[HTTP][39m [37m<-- POST /wd/hub/session/ca906ba2-7e6f-4736-9356-ebb9c8d35bc3/timeouts [39m[32m200[39m [90m1 ms - 14[39m
[35m[HTTP][39m [90m[39m
[35m[HTTP][39m [37m-->[39m [37mGET[39m [37m/wd/hub/session/ca906ba2-7e6f-4736-9356-ebb9c8d35bc3/window/rect[39m
[35m[HTTP][39m [90m{}[39m
[35m[HTTP][39m [37m<-- GET /wd/hub/session/ca906ba2-7e6f-4736-9356-ebb9c8d35bc3/window/rect [39m[32m200[39m [90m159 ms - 48[39m
[35m[HTTP][39m [90m[39m
[35m[HTTP][39m [37m-->[39m [37mPOST[39m [37m/wd/hub/session/ca906ba2-7e6f-4736-9356-ebb9c8d35bc3/elements[39m
[35m[HTTP][39m [90m{"using":"xpath","value":"//*[@type = 'XCUIElementTypeButton' and @label = 'bottomBarPrizes' and @name = 'bottomBarPrizes']"}[39m
[35m[HTTP][39m [37m<-- POST /wd/hub/session/ca906ba2-7e6f-4736-9356-ebb9c8d35bc3/elements [39m[32m200[39m [90m1342 ms - 139[39m
[35m[HTTP][39m [90m[39m
[35m[HTTP][39m [37m-->[39m [37mGET[39m [37m/wd/hub/session/ca906ba2-7e6f-4736-9356-ebb9c8d35bc3/element/38010000-0000-0000-BD12-000000000000/location[39m
[35m[HTTP][39m [90m{}[39m
[35m[HTTP][39m [37m<-- GET /wd/hub/session/ca906ba2-7e6f-4736-9356-ebb9c8d35bc3/element/38010000-0000-0000-BD12-000000000000/location [39m[32m200[39m [90m179 ms - 27[39m
[35m[HTTP][39m [90m[39m
[35m[HTTP][39m [37m-->[39m [37mPOST[39m [37m/wd/hub/session/ca906ba2-7e6f-4736-9356-ebb9c8d35bc3/timeouts[39m
[35m[HTTP][39m [90m{"implicit":30000}[39m
[35m[HTTP][39m [37m<-- POST /wd/hub/session/ca906ba2-7e6f-4736-9356-ebb9c8d35bc3/timeouts [39m[32m200[39m [90m1 ms - 14[39m
[35m[HTTP][39m [90m[39m
[35m[HTTP][39m [37m-->[39m [37mPOST[39m [37m/wd/hub/session/ca906ba2-7e6f-4736-9356-ebb9c8d35bc3/touch/perform[39m
[35m[HTTP][39m [90m{"actions":[{"action":"tap","options":{"x":1,"y":1,"element":"38010000-0000-0000-BD12-000000000000"}},{"action":"release","options":{}}]}[39m
[35m[HTTP][39m [37m<-- POST /wd/hub/session/ca906ba2-7e6f-4736-9356-ebb9c8d35bc3/touch/perform [39m[32m200[39m [90m473 ms - 14[39m
[35m[HTTP][39m [90m[39m
[35m[HTTP][39m [37m-->[39m [37mPOST[39m [37m/wd/hub/session/ca906ba2-7e6f-4736-9356-ebb9c8d35bc3/timeouts[39m
[35m[HTTP][39m [90m{"implicit":50}[39m
[35m[HTTP][39m [37m<-- POST /wd/hub/session/ca906ba2-7e6f-4736-9356-ebb9c8d35bc3/timeouts [39m[32m200[39m [90m1 ms - 14[39m
[35m[HTTP][39m [90m[39m
[35m[HTTP][39m [37m-->[39m [37mGET[39m [37m/wd/hub/session/ca906ba2-7e6f-4736-9356-ebb9c8d35bc3/window/rect[39m
[35m[HTTP][39m [90m{}[39m
[35m[HTTP][39m [37m<-- GET /wd/hub/session/ca906ba2-7e6f-4736-9356-ebb9c8d35bc3/window/rect [39m[32m200[39m [90m95 ms - 48[39m
[35m[HTTP][39m [90m[39m
[35m[HTTP][39m [37m-->[39m [37mPOST[39m [37m/wd/hub/session/ca906ba2-7e6f-4736-9356-ebb9c8d35bc3/elements[39m
[35m[HTTP][39m [90m{"using":"xpath","value":"//*[@type = 'XCUIElementTypeButton' and @label = 'iconHome' and @name = 'iconHome']"}[39m
[35m[HTTP][39m [37m<-- POST /wd/hub/session/ca906ba2-7e6f-4736-9356-ebb9c8d35bc3/elements [39m[32m200[39m [90m506 ms - 267[39m
[35m[HTTP][39m [90m[39m
[35m[HTTP][39m [37m-->[39m [37mGET[39m [37m/wd/hub/session/ca906ba2-7e6f-4736-9356-ebb9c8d35bc3/element/D2020000-0000-0000-BD12-000000000000/location[39m
[35m[HTTP][39m [90m{}[39m
[35m[HTTP][39m [37m<-- GET /wd/hub/session/ca906ba2-7e6f-4736-9356-ebb9c8d35bc3/element/D2020000-0000-0000-BD12-000000000000/location [39m[32m200[39m [90m59 ms - 23[39m
[35m[HTTP][39m [90m[39m
[35m[HTTP][39m [37m-->[39m [37mPOST[39m [37m/wd/hub/session/ca906ba2-7e6f-4736-9356-ebb9c8d35bc3/timeouts[39m
[35m[HTTP][39m [90m{"implicit":30000}[39m
[35m[HTTP][39m [37m<-- POST /wd/hub/session/ca906ba2-7e6f-4736-9356-ebb9c8d35bc3/timeouts [39m[32m200[39m [90m1 ms - 14[39m
[35m[HTTP][39m [90m[39m
[35m[HTTP][39m [37m-->[39m [37mPOST[39m [37m/wd/hub/session/ca906ba2-7e6f-4736-9356-ebb9c8d35bc3/touch/perform[39m
[35m[HTTP][39m [90m{"actions":[{"action":"tap","options":{"x":1,"y":1,"element":"D2020000-0000-0000-BD12-000000000000"}},{"action":"release","options":{}}]}[39m
[35m[HTTP][39m [37m<-- POST /wd/hub/session/ca906ba2-7e6f-4736-9356-ebb9c8d35bc3/touch/perform [39m[32m200[39m [90m322 ms - 14[39m
[35m[HTTP][39m [90m[39m
[35m[HTTP][39m [37m-->[39m [37mPOST[39m [37m/wd/hub/session/ca906ba2-7e6f-4736-9356-ebb9c8d35bc3/timeouts[39m
[35m[HTTP][39m [90m{"implicit":50}[39m
[35m[HTTP][39m [37m<-- POST /wd/hub/session/ca906ba2-7e6f-4736-9356-ebb9c8d35bc3/timeouts [39m[32m200[39m [90m1 ms - 14[39m
[35m[HTTP][39m [90m[39m
[35m[HTTP][39m [37m-->[39m [37mGET[39m [37m/wd/hub/session/ca906ba2-7e6f-4736-9356-ebb9c8d35bc3/window/rect[39m
[35m[HTTP][39m [90m{}[39m
[35m[HTTP][39m [37m<-- GET /wd/hub/session/ca906ba2-7e6f-4736-9356-ebb9c8d35bc3/window/rect [39m[32m200[39m [90m188 ms - 48[39m
[35m[HTTP][39m [90m[39m
[35m[HTTP][39m [37m-->[39m [37mPOST[39m [37m/wd/hub/session/ca906ba2-7e6f-4736-9356-ebb9c8d35bc3/elements[39m
[35m[HTTP][39m [90m{"using":"xpath","value":"//*[@type = 'XCUIElementTypeButton' and @label = 'bottomBarMail' and @name = 'bottomBarMail']"}[39m
[35m[HTTP][39m [37m<-- POST /wd/hub/session/ca906ba2-7e6f-4736-9356-ebb9c8d35bc3/elements [39m[32m200[39m [90m1759 ms - 139[39m
[35m[HTTP][39m [90m[39m
[35m[HTTP][39m [37m-->[39m [37mGET[39m [37m/wd/hub/session/ca906ba2-7e6f-4736-9356-ebb9c8d35bc3/element/3A010000-0000-0000-BD12-000000000000/location[39m
[35m[HTTP][39m [90m{}[39m
[35m[HTTP][39m [37m<-- GET /wd/hub/session/ca906ba2-7e6f-4736-9356-ebb9c8d35bc3/element/3A010000-0000-0000-BD12-000000000000/location [39m[32m200[39m [90m190 ms - 27[39m
[35m[HTTP][39m [90m[39m
[35m[HTTP][39m [37m-->[39m [37mPOST[39m [37m/wd/hub/session/ca906ba2-7e6f-4736-9356-ebb9c8d35bc3/timeouts[39m
[35m[HTTP][39m [90m{"implicit":30000}[39m
[35m[HTTP][39m [37m<-- POST /wd/hub/session/ca906ba2-7e6f-4736-9356-ebb9c8d35bc3/timeouts [39m[32m200[39m [90m1 ms - 14[39m
[35m[HTTP][39m [90m[39m
[35m[HTTP][39m [37m-->[39m [37mPOST[39m [37m/wd/hub/session/ca906ba2-7e6f-4736-9356-ebb9c8d35bc3/touch/perform[39m
[35m[HTTP][39m [90m{"actions":[{"action":"tap","options":{"x":1,"y":1,"element":"3A010000-0000-0000-BD12-000000000000"}},{"action":"release","options":{}}]}[39m
[35m[HTTP][39m [37m<-- POST /wd/hub/session/ca906ba2-7e6f-4736-9356-ebb9c8d35bc3/touch/perform [39m[32m200[39m [90m454 ms - 14[39m
[35m[HTTP][39m [90m[39m
[35m[HTTP][39m [37m-->[39m [37mPOST[39m [37m/wd/hub/session/ca906ba2-7e6f-4736-9356-ebb9c8d35bc3/timeouts[39m
[35m[HTTP][39m [90m{"implicit":50}[39m
[35m[HTTP][39m [37m<-- POST /wd/hub/session/ca906ba2-7e6f-4736-9356-ebb9c8d35bc3/timeouts [39m[32m200[39m [90m1 ms - 14[39m
[35m[HTTP][39m [90m[39m
[35m[HTTP][39m [37m-->[39m [37mGET[39m [37m/wd/hub/session/ca906ba2-7e6f-4736-9356-ebb9c8d35bc3/window/rect[39m
[35m[HTTP][39m [90m{}[39m
[35m[HTTP][39m [37m<-- GET /wd/hub/session/ca906ba2-7e6f-4736-9356-ebb9c8d35bc3/window/rect [39m[32m200[39m [90m222 ms - 48[39m
[35m[HTTP][39m [90m[39m
[35m[HTTP][39m [37m-->[39m [37mPOST[39m [37m/wd/hub/session/ca906ba2-7e6f-4736-9356-ebb9c8d35bc3/elements[39m
[35m[HTTP][39m [90m{"using":"xpath","value":"//*[@type = 'XCUIElementTypeButton' and @label = 'Done' and @name = 'Done']"}[39m
[35m[HTTP][39m [37m<-- POST /wd/hub/session/ca906ba2-7e6f-4736-9356-ebb9c8d35bc3/elements [39m[32m200[39m [90m1690 ms - 139[39m
[35m[HTTP][39m [90m[39m
[35m[HTTP][39m [37m-->[39m [37mGET[39m [37m/wd/hub/session/ca906ba2-7e6f-4736-9356-ebb9c8d35bc3/element/0E030000-0000-0000-BD12-000000000000/location[39m
[35m[HTTP][39m [90m{}[39m
[35m[HTTP][39m [37m<-- GET /wd/hub/session/ca906ba2-7e6f-4736-9356-ebb9c8d35bc3/element/0E030000-0000-0000-BD12-000000000000/location [39m[32m200[39m [90m74 ms - 25[39m
[35m[HTTP][39m [90m[39m
[35m[HTTP][39m [37m-->[39m [37mPOST[39m [37m/wd/hub/session/ca906ba2-7e6f-4736-9356-ebb9c8d35bc3/timeouts[39m
[35m[HTTP][39m [90m{"implicit":30000}[39m
[35m[HTTP][39m [37m<-- POST /wd/hub/session/ca906ba2-7e6f-4736-9356-ebb9c8d35bc3/timeouts [39m[32m200[39m [90m1 ms - 14[39m
[35m[HTTP][39m [90m[39m
[35m[HTTP][39m [37m-->[39m [37mPOST[39m [37m/wd/hub/session/ca906ba2-7e6f-4736-9356-ebb9c8d35bc3/touch/perform[39m
[35m[HTTP][39m [90m{"actions":[{"action":"tap","options":{"x":1,"y":1,"element":"0E030000-0000-0000-BD12-000000000000"}},{"action":"release","options":{}}]}[39m
[35m[HTTP][39m [37m<-- POST /wd/hub/session/ca906ba2-7e6f-4736-9356-ebb9c8d35bc3/touch/perform [39m[32m200[39m [90m299 ms - 14[39m
[35m[HTTP][39m [90m[39m
[35m[HTTP][39m [37m-->[39m [37mGET[39m [37m/wd/hub/session/ca906ba2-7e6f-4736-9356-ebb9c8d35bc3/window/rect[39m
[35m[HTTP][39m [90m{}[39m
[35m[HTTP][39m [37m<-- GET /wd/hub/session/ca906ba2-7e6f-4736-9356-ebb9c8d35bc3/window/rect [39m[32m200[39m [90m198 ms - 48[39m
[35m[HTTP][39m [90m[39m
[35m[HTTP][39m [37m-->[39m [37mPOST[39m [37m/wd/hub/session/ca906ba2-7e6f-4736-9356-ebb9c8d35bc3/elements[39m
[35m[HTTP][39m [90m{"using":"xpath","value":"//*[@type = 'XCUIElementTypeImage']"}[39m
[35m[HTTP][39m [37m<-- POST /wd/hub/session/ca906ba2-7e6f-4736-9356-ebb9c8d35bc3/elements [39m[32m200[39m [90m11869 ms - 9099[39m
[35m[HTTP][39m [90m[39m
[35m[HTTP][39m [37m-->[39m [37mGET[39m [37m/wd/hub/session/ca906ba2-7e6f-4736-9356-ebb9c8d35bc3/element/E1000000-0000-0000-BD12-000000000000/location[39m
[35m[HTTP][39m [90m{}[39m
[35m[HTTP][39m [37m<-- GET /wd/hub/session/ca906ba2-7e6f-4736-9356-ebb9c8d35bc3/element/E1000000-0000-0000-BD12-000000000000/location [39m[32m200[39m [90m233 ms - 24[39m
[35m[HTTP][39m [90m[39m
[35m[HTTP][39m [37m-->[39m [37mGET[39m [37m/wd/hub/session/ca906ba2-7e6f-4736-9356-ebb9c8d35bc3/element/E1000000-0000-0000-BD12-000000000000/attribute/value[39m
[35m[HTTP][39m [90m{}[39m
[35m[HTTP][39m [37m<-- GET /wd/hub/session/ca906ba2-7e6f-4736-9356-ebb9c8d35bc3/element/E1000000-0000-0000-BD12-000000000000/attribute/value [39m[32m200[39m [90m199 ms - 14[39m
[35m[HTTP][39m [90m[39m
[35m[HTTP][39m [37m-->[39m [37mPOST[39m [37m/wd/hub/session/ca906ba2-7e6f-4736-9356-ebb9c8d35bc3/touch/perform[39m
[35m[HTTP][39m [90m{"actions":[{"action":"tap","options":{"x":1,"y":1,"element":"E1000000-0000-0000-BD12-000000000000"}}]}[39m
[35m[HTTP][39m [37m<-- POST /wd/hub/session/ca906ba2-7e6f-4736-9356-ebb9c8d35bc3/touch/perform [39m[32m200[39m [90m425 ms - 14[39m
[35m[HTTP][39m [90m[39m
[35m[HTTP][39m [37m-->[39m [37mGET[39m [37m/wd/hub/session/ca906ba2-7e6f-4736-9356-ebb9c8d35bc3/window/rect[39m
[35m[HTTP][39m [90m{}[39m
[35m[HTTP][39m [37m<-- GET /wd/hub/session/ca906ba2-7e6f-4736-9356-ebb9c8d35bc3/window/rect [39m[32m200[39m [90m236 ms - 48[39m
[35m[HTTP][39m [90m[39m
[35m[HTTP][39m [37m-->[39m [37mPOST[39m [37m/wd/hub/session/ca906ba2-7e6f-4736-9356-ebb9c8d35bc3/elements[39m
[35m[HTTP][39m [90m{"using":"xpath","value":"//*[@type = 'XCUIElementTypeStaticText' and @label = '400' and @name = '400']"}[39m
[35m[HTTP][39m [37m<-- POST /wd/hub/session/ca906ba2-7e6f-4736-9356-ebb9c8d35bc3/elements [39m[32m200[39m [90m2353 ms - 395[39m
[35m[HTTP][39m [90m[39m
[35m[HTTP][39m [37m-->[39m [37mGET[39m [37m/wd/hub/session/ca906ba2-7e6f-4736-9356-ebb9c8d35bc3/element/1B010000-0000-0000-BD12-000000000000/location[39m
[35m[HTTP][39m [90m{}[39m
[35m[HTTP][39m [37m<-- GET /wd/hub/session/ca906ba2-7e6f-4736-9356-ebb9c8d35bc3/element/1B010000-0000-0000-BD12-000000000000/location [39m[32m200[39m [90m206 ms - 25[39m
[35m[HTTP][39m [90m[39m
[35m[HTTP][39m [37m-->[39m [37mGET[39m [37m/wd/hub/session/ca906ba2-7e6f-4736-9356-ebb9c8d35bc3/element/1B010000-0000-0000-BD12-000000000000/attribute/value[39m
[35m[HTTP][39m [90m{}[39m
[35m[HTTP][39m [37m<-- GET /wd/hub/session/ca906ba2-7e6f-4736-9356-ebb9c8d35bc3/element/1B010000-0000-0000-BD12-000000000000/attribute/value [39m[32m200[39m [90m173 ms - 15[39m
[35m[HTTP][39m [90m[39m
[35m[HTTP][39m [37m-->[39m [37mPOST[39m [37m/wd/hub/session/ca906ba2-7e6f-4736-9356-ebb9c8d35bc3/touch/perform[39m
[35m[HTTP][39m [90m{"actions":[{"action":"tap","options":{"x":1,"y":1,"element":"1B010000-0000-0000-BD12-000000000000"}}]}[39m
[35m[HTTP][39m [37m<-- POST /wd/hub/session/ca906ba2-7e6f-4736-9356-ebb9c8d35bc3/touch/perform [39m[32m200[39m [90m436 ms - 14[39m
[35m[HTTP][39m [90m[39m
[35m[HTTP][39m [37m-->[39m [37mPOST[39m [37m/wd/hub/session/ca906ba2-7e6f-4736-9356-ebb9c8d35bc3/timeouts[39m
[35m[HTTP][39m [90m{"implicit":50}[39m
[35m[HTTP][39m [37m<-- POST /wd/hub/session/ca906ba2-7e6f-4736-9356-ebb9c8d35bc3/timeouts [39m[32m200[39m [90m1 ms - 14[39m
[35m[HTTP][39m [90m[39m
[35m[HTTP][39m [37m-->[39m [37mGET[39m [37m/wd/hub/session/ca906ba2-7e6f-4736-9356-ebb9c8d35bc3/window/rect[39m
[35m[HTTP][39m [90m{}[39m
[35m[HTTP][39m [37m<-- GET /wd/hub/session/ca906ba2-7e6f-4736-9356-ebb9c8d35bc3/window/rect [39m[32m200[39m [90m209 ms - 48[39m
[35m[HTTP][39m [90m[39m
[35m[HTTP][39m [37m-->[39m [37mPOST[39m [37m/wd/hub/session/ca906ba2-7e6f-4736-9356-ebb9c8d35bc3/elements[39m
[35m[HTTP][39m [90m{"using":"xpath","value":"//*[@type = 'XCUIElementTypeButton' and @label = 'Button' and @name = 'Button']"}[39m
[35m[HTTP][39m [37m<-- POST /wd/hub/session/ca906ba2-7e6f-4736-9356-ebb9c8d35bc3/elements [39m[32m200[39m [90m2366 ms - 267[39m
[35m[HTTP][39m [90m[39m
[35m[HTTP][39m [37m-->[39m [37mGET[39m [37m/wd/hub/session/ca906ba2-7e6f-4736-9356-ebb9c8d35bc3/element/4E030000-0000-0000-BD12-000000000000/location[39m
[35m[HTTP][39m [90m{}[39m
[35m[HTTP][39m [37m<-- GET /wd/hub/session/ca906ba2-7e6f-4736-9356-ebb9c8d35bc3/element/4E030000-0000-0000-BD12-000000000000/location [39m[32m200[39m [90m168 ms - 26[39m
[35m[HTTP][39m [90m[39m
[35m[HTTP][39m [37m-->[39m [37mPOST[39m [37m/wd/hub/session/ca906ba2-7e6f-4736-9356-ebb9c8d35bc3/timeouts[39m
[35m[HTTP][39m [90m{"implicit":30000}[39m
[35m[HTTP][39m [37m<-- POST /wd/hub/session/ca906ba2-7e6f-4736-9356-ebb9c8d35bc3/timeouts [39m[32m200[39m [90m1 ms - 14[39m
[35m[HTTP][39m [90m[39m
[35m[HTTP][39m [37m-->[39m [37mPOST[39m [37m/wd/hub/session/ca906ba2-7e6f-4736-9356-ebb9c8d35bc3/touch/perform[39m
[35m[HTTP][39m [90m{"actions":[{"action":"tap","options":{"x":1,"y":1,"element":"4E030000-0000-0000-BD12-000000000000"}},{"action":"release","options":{}}]}[39m
[35m[HTTP][39m [37m<-- POST /wd/hub/session/ca906ba2-7e6f-4736-9356-ebb9c8d35bc3/touch/perform [39m[32m200[39m [90m775 ms - 14[39m
[35m[HTTP][39m [90m[39m
[35m[HTTP][39m [37m-->[39m [37mPOST[39m [37m/wd/hub/session/ca906ba2-7e6f-4736-9356-ebb9c8d35bc3/timeouts[39m
[35m[HTTP][39m [90m{"implicit":50}[39m
[35m[HTTP][39m [37m<-- POST /wd/hub/session/ca906ba2-7e6f-4736-9356-ebb9c8d35bc3/timeouts [39m[32m200[39m [90m1 ms - 14[39m
[35m[HTTP][39m [90m[39m
[35m[HTTP][39m [37m-->[39m [37mGET[39m [37m/wd/hub/session/ca906ba2-7e6f-4736-9356-ebb9c8d35bc3/window/rect[39m
[35m[HTTP][39m [90m{}[39m
[35m[HTTP][39m [37m<-- GET /wd/hub/session/ca906ba2-7e6f-4736-9356-ebb9c8d35bc3/window/rect [39m[32m200[39m [90m200 ms - 48[39m
[35m[HTTP][39m [90m[39m
[35m[HTTP][39m [37m-->[39m [37mPOST[39m [37m/wd/hub/session/ca906ba2-7e6f-4736-9356-ebb9c8d35bc3/elements[39m
[35m[HTTP][39m [90m{"using":"xpath","value":"//*[@type = 'XCUIElementTypeStaticText' and @label = 'Store' and @name = 'Store']"}[39m
[35m[HTTP][39m [37m<-- POST /wd/hub/session/ca906ba2-7e6f-4736-9356-ebb9c8d35bc3/elements [39m[32m200[39m [90m1560 ms - 139[39m
[35m[HTTP][39m [90m[39m
[35m[HTTP][39m [37m-->[39m [37mGET[39m [37m/wd/hub/session/ca906ba2-7e6f-4736-9356-ebb9c8d35bc3/element/70030000-0000-0000-BD12-000000000000/location[39m
[35m[HTTP][39m [90m{}[39m
[35m[HTTP][39m [37m<-- GET /wd/hub/session/ca906ba2-7e6f-4736-9356-ebb9c8d35bc3/element/70030000-0000-0000-BD12-000000000000/location [39m[32m200[39m [90m165 ms - 25[39m
[35m[HTTP][39m [90m[39m
[35m[HTTP][39m [37m-->[39m [37mPOST[39m [37m/wd/hub/session/ca906ba2-7e6f-4736-9356-ebb9c8d35bc3/timeouts[39m
[35m[HTTP][39m [90m{"implicit":30000}[39m
[35m[HTTP][39m [37m<-- POST /wd/hub/session/ca906ba2-7e6f-4736-9356-ebb9c8d35bc3/timeouts [39m[32m200[39m [90m1 ms - 14[39m
[35m[HTTP][39m [90m[39m
[35m[HTTP][39m [37m-->[39m [37mPOST[39m [37m/wd/hub/session/ca906ba2-7e6f-4736-9356-ebb9c8d35bc3/touch/perform[39m
[35m[HTTP][39m [90m{"actions":[{"action":"tap","options":{"x":1,"y":1,"element":"70030000-0000-0000-BD12-000000000000"}},{"action":"release","options":{}}]}[39m
[35m[HTTP][39m [37m<-- POST /wd/hub/session/ca906ba2-7e6f-4736-9356-ebb9c8d35bc3/touch/perform [39m[32m200[39m [90m399 ms - 14[39m
[35m[HTTP][39m [90m[39m
[35m[HTTP][39m [37m-->[39m [37mPOST[39m [37m/wd/hub/session/ca906ba2-7e6f-4736-9356-ebb9c8d35bc3/timeouts[39m
[35m[HTTP][39m [90m{"implicit":50}[39m
[35m[HTTP][39m [37m<-- POST /wd/hub/session/ca906ba2-7e6f-4736-9356-ebb9c8d35bc3/timeouts [39m[32m200[39m [90m1 ms - 14[39m
[35m[HTTP][39m [90m[39m
[35m[HTTP][39m [37m-->[39m [37mGET[39m [37m/wd/hub/session/ca906ba2-7e6f-4736-9356-ebb9c8d35bc3/window/rect[39m
[35m[HTTP][39m [90m{}[39m
[35m[HTTP][39m [37m<-- GET /wd/hub/session/ca906ba2-7e6f-4736-9356-ebb9c8d35bc3/window/rect [39m[32m200[39m [90m205 ms - 48[39m
[35m[HTTP][39m [90m[39m
[35m[HTTP][39m [37m-->[39m [37mPOST[39m [37m/wd/hub/session/ca906ba2-7e6f-4736-9356-ebb9c8d35bc3/elements[39m
[35m[HTTP][39m [90m{"using":"xpath","value":"//*[@type = 'XCUIElementTypeStaticText' and @label = 'Bonus' and @name = 'Bonus']"}[39m
[35m[HTTP][39m [37m<-- POST /wd/hub/session/ca906ba2-7e6f-4736-9356-ebb9c8d35bc3/elements [39m[32m200[39m [90m1541 ms - 139[39m
[35m[HTTP][39m [90m[39m
[35m[HTTP][39m [37m-->[39m [37mGET[39m [37m/wd/hub/session/ca906ba2-7e6f-4736-9356-ebb9c8d35bc3/element/70030000-0000-0000-BD12-000000000000/location[39m
[35m[HTTP][39m [90m{}[39m
[35m[HTTP][39m [37m<-- GET /wd/hub/session/ca906ba2-7e6f-4736-9356-ebb9c8d35bc3/element/70030000-0000-0000-BD12-000000000000/location [39m[32m200[39m [90m164 ms - 26[39m
[35m[HTTP][39m [90m[39m
[35m[HTTP][39m [37m-->[39m [37mPOST[39m [37m/wd/hub/session/ca906ba2-7e6f-4736-9356-ebb9c8d35bc3/timeouts[39m
[35m[HTTP][39m [90m{"implicit":30000}[39m
[35m[HTTP][39m [37m<-- POST /wd/hub/session/ca906ba2-7e6f-4736-9356-ebb9c8d35bc3/timeouts [39m[32m200[39m [90m1 ms - 14[39m
[35m[HTTP][39m [90m[39m
[35m[HTTP][39m [37m-->[39m [37mPOST[39m [37m/wd/hub/session/ca906ba2-7e6f-4736-9356-ebb9c8d35bc3/touch/perform[39m
[35m[HTTP][39m [90m{"actions":[{"action":"tap","options":{"x":1,"y":1,"element":"70030000-0000-0000-BD12-000000000000"}},{"action":"release","options":{}}]}[39m
[35m[HTTP][39m [37m<-- POST /wd/hub/session/ca906ba2-7e6f-4736-9356-ebb9c8d35bc3/touch/perform [39m[32m200[39m [90m577 ms - 14[39m
[35m[HTTP][39m [90m[39m
[35m[HTTP][39m [37m-->[39m [37mPOST[39m [37m/wd/hub/session/ca906ba2-7e6f-4736-9356-ebb9c8d35bc3/timeouts[39m
[35m[HTTP][39m [90m{"implicit":50}[39m
[35m[HTTP][39m [37m<-- POST /wd/hub/session/ca906ba2-7e6f-4736-9356-ebb9c8d35bc3/timeouts [39m[32m200[39m [90m1 ms - 14[39m
[35m[HTTP][39m [90m[39m
[35m[HTTP][39m [37m-->[39m [37mGET[39m [37m/wd/hub/session/ca906ba2-7e6f-4736-9356-ebb9c8d35bc3/window/rect[39m
[35m[HTTP][39m [90m{}[39m
[35m[HTTP][39m [37m<-- GET /wd/hub/session/ca906ba2-7e6f-4736-9356-ebb9c8d35bc3/window/rect [39m[32m200[39m [90m131 ms - 48[39m
[35m[HTTP][39m [90m[39m
[35m[HTTP][39m [37m-->[39m [37mPOST[39m [37m/wd/hub/session/ca906ba2-7e6f-4736-9356-ebb9c8d35bc3/elements[39m
[35m[HTTP][39m [90m{"using":"xpath","value":"//*[@type = 'XCUIElementTypeStaticText' and @label = 'Freebies' and @name = 'Freebies']"}[39m
[35m[HTTP][39m [37m<-- POST /wd/hub/session/ca906ba2-7e6f-4736-9356-ebb9c8d35bc3/elements [39m[32m200[39m [90m773 ms - 139[39m
[35m[HTTP][39m [90m[39m
[35m[HTTP][39m [37m-->[39m [37mGET[39m [37m/wd/hub/session/ca906ba2-7e6f-4736-9356-ebb9c8d35bc3/element/70030000-0000-0000-BD12-000000000000/location[39m
[35m[HTTP][39m [90m{}[39m
[35m[HTTP][39m [37m<-- GET /wd/hub/session/ca906ba2-7e6f-4736-9356-ebb9c8d35bc3/element/70030000-0000-0000-BD12-000000000000/location [39m[32m200[39m [90m125 ms - 26[39m
[35m[HTTP][39m [90m[39m
[35m[HTTP][39m [37m-->[39m [37mPOST[39m [37m/wd/hub/session/ca906ba2-7e6f-4736-9356-ebb9c8d35bc3/timeouts[39m
[35m[HTTP][39m [90m{"implicit":30000}[39m
[35m[HTTP][39m [37m<-- POST /wd/hub/session/ca906ba2-7e6f-4736-9356-ebb9c8d35bc3/timeouts [39m[32m200[39m [90m1 ms - 14[39m
[35m[HTTP][39m [90m[39m
[35m[HTTP][39m [37m-->[39m [37mPOST[39m [37m/wd/hub/session/ca906ba2-7e6f-4736-9356-ebb9c8d35bc3/touch/perform[39m
[35m[HTTP][39m [90m{"actions":[{"action":"tap","options":{"x":1,"y":1,"element":"70030000-0000-0000-BD12-000000000000"}},{"action":"release","options":{}}]}[39m
[35m[HTTP][39m [37m<-- POST /wd/hub/session/ca906ba2-7e6f-4736-9356-ebb9c8d35bc3/touch/perform [39m[32m200[39m [90m578 ms - 14[39m
[35m[HTTP][39m [90m[39m
[35m[HTTP][39m [37m-->[39m [37mPOST[39m [37m/wd/hub/session/ca906ba2-7e6f-4736-9356-ebb9c8d35bc3/timeouts[39m
[35m[HTTP][39m [90m{"implicit":50}[39m
[35m[HTTP][39m [37m<-- POST /wd/hub/session/ca906ba2-7e6f-4736-9356-ebb9c8d35bc3/timeouts [39m[32m200[39m [90m1 ms - 14[39m
[35m[HTTP][39m [90m[39m
[35m[HTTP][39m [37m-->[39m [37mGET[39m [37m/wd/hub/session/ca906ba2-7e6f-4736-9356-ebb9c8d35bc3/window/rect[39m
[35m[HTTP][39m [90m{}[39m
[35m[HTTP][39m [37m<-- GET /wd/hub/session/ca906ba2-7e6f-4736-9356-ebb9c8d35bc3/window/rect [39m[32m200[39m [90m215 ms - 48[39m
[35m[HTTP][39m [90m[39m
[35m[HTTP][39m [37m-->[39m [37mPOST[39m [37m/wd/hub/session/ca906ba2-7e6f-4736-9356-ebb9c8d35bc3/elements[39m
[35m[HTTP][39m [90m{"using":"xpath","value":"//*[@type = 'XCUIElementTypeButton' and @label = 'iconHome' and @name = 'iconHome']"}[39m
[35m[HTTP][39m [37m<-- POST /wd/hub/session/ca906ba2-7e6f-4736-9356-ebb9c8d35bc3/elements [39m[32m200[39m [90m1527 ms - 139[39m
[35m[HTTP][39m [90m[39m
[35m[HTTP][39m [37m-->[39m [37mGET[39m [37m/wd/hub/session/ca906ba2-7e6f-4736-9356-ebb9c8d35bc3/element/3D030000-0000-0000-BD12-000000000000/location[39m
[35m[HTTP][39m [90m{}[39m
[35m[HTTP][39m [37m<-- GET /wd/hub/session/ca906ba2-7e6f-4736-9356-ebb9c8d35bc3/element/3D030000-0000-0000-BD12-000000000000/location [39m[32m200[39m [90m170 ms - 23[39m
[35m[HTTP][39m [90m[39m
[35m[HTTP][39m [37m-->[39m [37mPOST[39m [37m/wd/hub/session/ca906ba2-7e6f-4736-9356-ebb9c8d35bc3/timeouts[39m
[35m[HTTP][39m [90m{"implicit":30000}[39m
[35m[HTTP][39m [37m<-- POST /wd/hub/session/ca906ba2-7e6f-4736-9356-ebb9c8d35bc3/timeouts [39m[32m200[39m [90m1 ms - 14[39m
[35m[HTTP][39m [90m[39m
[35m[HTTP][39m [37m-->[39m [37mPOST[39m [37m/wd/hub/session/ca906ba2-7e6f-4736-9356-ebb9c8d35bc3/touch/perform[39m
[35m[HTTP][39m [90m{"actions":[{"action":"tap","options":{"x":1,"y":1,"element":"3D030000-0000-0000-BD12-000000000000"}},{"action":"release","options":{}}]}[39m
[35m[HTTP][39m [37m<-- POST /wd/hub/session/ca906ba2-7e6f-4736-9356-ebb9c8d35bc3/touch/perform [39m[32m200[39m [90m404 ms - 14[39m
[35m[HTTP][39m [90m[39m
[35m[HTTP][39m [37m-->[39m [37mPOST[39m [37m/wd/hub/session/ca906ba2-7e6f-4736-9356-ebb9c8d35bc3/timeouts[39m
[35m[HTTP][39m [90m{"implicit":50}[39m
[35m[HTTP][39m [37m<-- POST /wd/hub/session/ca906ba2-7e6f-4736-9356-ebb9c8d35bc3/timeouts [39m[32m200[39m [90m1 ms - 14[39m
[35m[HTTP][39m [90m[39m
[35m[HTTP][39m [37m-->[39m [37mGET[39m [37m/wd/hub/session/ca906ba2-7e6f-4736-9356-ebb9c8d35bc3/window/rect[39m
[35m[HTTP][39m [90m{}[39m
[35m[HTTP][39m [37m<-- GET /wd/hub/session/ca906ba2-7e6f-4736-9356-ebb9c8d35bc3/window/rect [39m[32m200[39m [90m293 ms - 48[39m
[35m[HTTP][39m [90m[39m
[35m[HTTP][39m [37m-->[39m [37mPOST[39m [37m/wd/hub/session/ca906ba2-7e6f-4736-9356-ebb9c8d35bc3/elements[39m
[35m[HTTP][39m [90m{"using":"xpath","value":"//*[@type = 'XCUIElementTypeButton' and @label = 'iconProfile' and @name = 'iconProfile']"}[39m
[35m[HTTP][39m [37m<-- POST /wd/hub/session/ca906ba2-7e6f-4736-9356-ebb9c8d35bc3/elements [39m[32m200[39m [90m1871 ms - 267[39m
[35m[HTTP][39m [90m[39m
[35m[HTTP][39m [37m-->[39m [37mGET[39m [37m/wd/hub/session/ca906ba2-7e6f-4736-9356-ebb9c8d35bc3/element/FF000000-0000-0000-BD12-000000000000/location[39m
[35m[HTTP][39m [90m{}[39m
[35m[HTTP][39m [37m<-- GET /wd/hub/session/ca906ba2-7e6f-4736-9356-ebb9c8d35bc3/element/FF000000-0000-0000-BD12-000000000000/location [39m[32m200[39m [90m211 ms - 25[39m
[35m[HTTP][39m [90m[39m
[35m[HTTP][39m [37m-->[39m [37mPOST[39m [37m/wd/hub/session/ca906ba2-7e6f-4736-9356-ebb9c8d35bc3/timeouts[39m
[35m[HTTP][39m [90m{"implicit":30000}[39m
[35m[HTTP][39m [37m<-- POST /wd/hub/session/ca906ba2-7e6f-4736-9356-ebb9c8d35bc3/timeouts [39m[32m200[39m [90m2 ms - 14[39m
[35m[HTTP][39m [90m[39m
[35m[HTTP][39m [37m-->[39m [37mPOST[39m [37m/wd/hub/session/ca906ba2-7e6f-4736-9356-ebb9c8d35bc3/touch/perform[39m
[35m[HTTP][39m [90m{"actions":[{"action":"tap","options":{"x":1,"y":1,"element":"FF000000-0000-0000-BD12-000000000000"}},{"action":"release","options":{}}]}[39m
[35m[HTTP][39m [37m<-- POST /wd/hub/session/ca906ba2-7e6f-4736-9356-ebb9c8d35bc3/touch/perform [39m[32m200[39m [90m499 ms - 14[39m
[35m[HTTP][39m [90m[39m
[35m[HTTP][39m [37m-->[39m [37mPOST[39m [37m/wd/hub/session/ca906ba2-7e6f-4736-9356-ebb9c8d35bc3/timeouts[39m
[35m[HTTP][39m [90m{"implicit":50}[39m
[35m[HTTP][39m [37m<-- POST /wd/hub/session/ca906ba2-7e6f-4736-9356-ebb9c8d35bc3/timeouts [39m[32m200[39m [90m1 ms - 14[39m
[35m[HTTP][39m [90m[39m
[35m[HTTP][39m [37m-->[39m [37mGET[39m [37m/wd/hub/session/ca906ba2-7e6f-4736-9356-ebb9c8d35bc3/window/rect[39m
[35m[HTTP][39m [90m{}[39m
[35m[HTTP][39m [37m<-- GET /wd/hub/session/ca906ba2-7e6f-4736-9356-ebb9c8d35bc3/window/rect [39m[32m200[39m [90m220 ms - 48[39m
[35m[HTTP][39m [90m[39m
[35m[HTTP][39m [37m-->[39m [37mPOST[39m [37m/wd/hub/session/ca906ba2-7e6f-4736-9356-ebb9c8d35bc3/elements[39m
[35m[HTTP][39m [90m{"using":"xpath","value":"//*[@type = 'XCUIElementTypeButton' and @label = 'developer menu' and @name = 'developer menu']"}[39m
[35m[HTTP][39m [37m<-- POST /wd/hub/session/ca906ba2-7e6f-4736-9356-ebb9c8d35bc3/elements [39m[32m200[39m [90m2509 ms - 139[39m
[35m[HTTP][39m [90m[39m
[35m[HTTP][39m [37m-->[39m [37mGET[39m [37m/wd/hub/session/ca906ba2-7e6f-4736-9356-ebb9c8d35bc3/element/EA030000-0000-0000-BD12-000000000000/location[39m
[35m[HTTP][39m [90m{}[39m
[35m[HTTP][39m [37m<-- GET /wd/hub/session/ca906ba2-7e6f-4736-9356-ebb9c8d35bc3/element/EA030000-0000-0000-BD12-000000000000/location [39m[32m200[39m [90m249 ms - 27[39m
[35m[HTTP][39m [90m[39m
[35m[HTTP][39m [37m-->[39m [37mPOST[39m [37m/wd/hub/session/ca906ba2-7e6f-4736-9356-ebb9c8d35bc3/timeouts[39m
[35m[HTTP][39m [90m{"implicit":30000}[39m
[35m[HTTP][39m [37m<-- POST /wd/hub/session/ca906ba2-7e6f-4736-9356-ebb9c8d35bc3/timeouts [39m[32m200[39m [90m1 ms - 14[39m
[35m[HTTP][39m [90m[39m
[35m[HTTP][39m [37m-->[39m [37mPOST[39m [37m/wd/hub/session/ca906ba2-7e6f-4736-9356-ebb9c8d35bc3/touch/perform[39m
[35m[HTTP][39m [90m{"actions":[{"action":"tap","options":{"x":1,"y":1,"element":"EA030000-0000-0000-BD12-000000000000"}},{"action":"release","options":{}}]}[39m
[35m[HTTP][39m [37m<-- POST /wd/hub/session/ca906ba2-7e6f-4736-9356-ebb9c8d35bc3/touch/perform [39m[32m200[39m [90m484 ms - 14[39m
[35m[HTTP][39m [90m[39m
[35m[HTTP][39m [37m-->[39m [37mPOST[39m [37m/wd/hub/session/ca906ba2-7e6f-4736-9356-ebb9c8d35bc3/timeouts[39m
[35m[HTTP][39m [90m{"implicit":50}[39m
[35m[HTTP][39m [37m<-- POST /wd/hub/session/ca906ba2-7e6f-4736-9356-ebb9c8d35bc3/timeouts [39m[32m200[39m [90m1 ms - 14[39m
[35m[HTTP][39m [90m[39m
[35m[HTTP][39m [37m-->[39m [37mGET[39m [37m/wd/hub/session/ca906ba2-7e6f-4736-9356-ebb9c8d35bc3/window/rect[39m
[35m[HTTP][39m [90m{}[39m
[35m[HTTP][39m [37m<-- GET /wd/hub/session/ca906ba2-7e6f-4736-9356-ebb9c8d35bc3/window/rect [39m[32m200[39m [90m284 ms - 48[39m
[35m[HTTP][39m [90m[39m
[35m[HTTP][39m [37m-->[39m [37mPOST[39m [37m/wd/hub/session/ca906ba2-7e6f-4736-9356-ebb9c8d35bc3/elements[39m
[35m[HTTP][39m [90m{"using":"xpath","value":"//*[@type = 'XCUIElementTypeButton' and @label = 'Reset account' and @name = 'Reset account']"}[39m
[35m[HTTP][39m [37m<-- POST /wd/hub/session/ca906ba2-7e6f-4736-9356-ebb9c8d35bc3/elements [39m[32m200[39m [90m2093 ms - 139[39m
[35m[HTTP][39m [90m[39m
[35m[HTTP][39m [37m-->[39m [37mGET[39m [37m/wd/hub/session/ca906ba2-7e6f-4736-9356-ebb9c8d35bc3/element/45040000-0000-0000-BD12-000000000000/location[39m
[35m[HTTP][39m [90m{}[39m
[35m[HTTP][39m [37m<-- GET /wd/hub/session/ca906ba2-7e6f-4736-9356-ebb9c8d35bc3/element/45040000-0000-0000-BD12-000000000000/location [39m[32m200[39m [90m110 ms - 26[39m
[35m[HTTP][39m [90m[39m
[35m[HTTP][39m [37m-->[39m [37mPOST[39m [37m/wd/hub/session/ca906ba2-7e6f-4736-9356-ebb9c8d35bc3/timeouts[39m
[35m[HTTP][39m [90m{"implicit":30000}[39m
[35m[HTTP][39m [37m<-- POST /wd/hub/session/ca906ba2-7e6f-4736-9356-ebb9c8d35bc3/timeouts [39m[32m200[39m [90m1 ms - 14[39m
[35m[HTTP][39m [90m[39m
[35m[HTTP][39m [37m-->[39m [37mPOST[39m [37m/wd/hub/session/ca906ba2-7e6f-4736-9356-ebb9c8d35bc3/touch/perform[39m
[35m[HTTP][39m [90m{"actions":[{"action":"tap","options":{"x":1,"y":1,"element":"45040000-0000-0000-BD12-000000000000"}},{"action":"release","options":{}}]}[39m
[35m[HTTP][39m [37m<-- POST /wd/hub/session/ca906ba2-7e6f-4736-9356-ebb9c8d35bc3/touch/perform [39m[32m200[39m [90m347 ms - 14[39m
[35m[HTTP][39m [90m[39m
[35m[HTTP][39m [37m-->[39m [37mPOST[39m [37m/wd/hub/session/ca906ba2-7e6f-4736-9356-ebb9c8d35bc3/timeouts[39m
[35m[HTTP][39m [90m{"implicit":50}[39m
[35m[HTTP][39m [37m<-- POST /wd/hub/session/ca906ba2-7e6f-4736-9356-ebb9c8d35bc3/timeouts [39m[32m200[39m [90m1 ms - 14[39m
[35m[HTTP][39m [90m[39m
[35m[HTTP][39m [37m-->[39m [37mGET[39m [37m/wd/hub/session/ca906ba2-7e6f-4736-9356-ebb9c8d35bc3/window/rect[39m
[35m[HTTP][39m [90m{}[39m
[35m[HTTP][39m [37m<-- GET /wd/hub/session/ca906ba2-7e6f-4736-9356-ebb9c8d35bc3/window/rect [39m[32m200[39m [90m102 ms - 48[39m
[35m[HTTP][39m [90m[39m
[35m[HTTP][39m [37m-->[39m [37mPOST[39m [37m/wd/hub/session/ca906ba2-7e6f-4736-9356-ebb9c8d35bc3/elements[39m
[35m[HTTP][39m [90m{"using":"xpath","value":"//*[@type = 'XCUIElementTypeButton' and @label = 'Reset' and @name = 'Reset']"}[39m
[35m[HTTP][39m [37m<-- POST /wd/hub/session/ca906ba2-7e6f-4736-9356-ebb9c8d35bc3/elements [39m[32m200[39m [90m609 ms - 139[39m
[35m[HTTP][39m [90m[39m
[35m[HTTP][39m [37m-->[39m [37mGET[39m [37m/wd/hub/session/ca906ba2-7e6f-4736-9356-ebb9c8d35bc3/element/84040000-0000-0000-BD12-000000000000/location[39m
[35m[HTTP][39m [90m{}[39m
[35m[HTTP][39m [37m<-- GET /wd/hub/session/ca906ba2-7e6f-4736-9356-ebb9c8d35bc3/element/84040000-0000-0000-BD12-000000000000/location [39m[32m200[39m [90m86 ms - 27[39m
[35m[HTTP][39m [90m[39m
[35m[HTTP][39m [37m-->[39m [37mPOST[39m [37m/wd/hub/session/ca906ba2-7e6f-4736-9356-ebb9c8d35bc3/timeouts[39m
[35m[HTTP][39m [90m{"implicit":30000}[39m
[35m[HTTP][39m [37m<-- POST /wd/hub/session/ca906ba2-7e6f-4736-9356-ebb9c8d35bc3/timeouts [39m[32m200[39m [90m2 ms - 14[39m
[35m[HTTP][39m [90m[39m
[35m[HTTP][39m [37m-->[39m [37mPOST[39m [37m/wd/hub/session/ca906ba2-7e6f-4736-9356-ebb9c8d35bc3/touch/perform[39m
[35m[HTTP][39m [90m{"actions":[{"action":"tap","options":{"x":1,"y":1,"element":"84040000-0000-0000-BD12-000000000000"}},{"action":"release","options":{}}]}[39m
[35m[HTTP][39m [37m<-- POST /wd/hub/session/ca906ba2-7e6f-4736-9356-ebb9c8d35bc3/touch/perform [39m[32m200[39m [90m474 ms - 14[39m
[35m[HTTP][39m [90m[39m
[35m[HTTP][39m [37m-->[39m [37mDELETE[39m [37m/wd/hub/session/ca906ba2-7e6f-4736-9356-ebb9c8d35bc3[39m
[35m[HTTP][39m [90m{}[39m
[35m[Appium][39m Removing session ca906ba2-7e6f-4736-9356-ebb9c8d35bc3 from our master session list
[35m[DevCon Factory][39m Releasing connections for 8fc83ece6ccceae3a6296115dd993d7ff26a2d9e device on any port number
[35m[DevCon Factory][39m Found cached connections to release: ["8fc83ece6ccceae3a6296115dd993d7ff26a2d9e:54725"]
[35m[DevCon Factory][39m Releasing the listener for '8fc83ece6ccceae3a6296115dd993d7ff26a2d9e:54725'
[35m[HTTP][39m [37m<-- DELETE /wd/hub/session/ca906ba2-7e6f-4736-9356-ebb9c8d35bc3 [39m[32m200[39m [90m1052 ms - 14[39m
[35m[HTTP][39m [90m[39m
