[35m[Appium][39m Welcome to Appium v1.22.0
[35m[Appium][39m Non-default server args:
[35m[Appium][39m   port: 50467
[35m[Appium][39m   loglevel: info
[35m[Appium][39m   tmpDir: /var/folders/ny/h8rbv5fn5fx86h57mqpkhv2h0000gn/T//Katalon/Appium/Temp1638889859548
[35m[Appium][39m   chromedriverPort: 50468
[35m[Appium][39m Deprecated server args:
[35m[Appium][39m   [31m--chromedriver-port[39m => --default-capabilities
[35m[Appium][39m Default capabilities, which will be added to each request unless overridden by desired capabilities:
[35m[Appium][39m   chromedriverPort: 50468
[35m[Appium][39m Appium REST http interface listener started on 0.0.0.0:50467
[35m[HTTP][39m [37m-->[39m [37mGET[39m [37m/wd/hub/status[39m
[35m[HTTP][39m [90m{}[39m
[35m[HTTP][39m [37m<-- GET /wd/hub/status [39m[32m200[39m [90m6 ms - 68[39m
[35m[HTTP][39m [90m[39m
[35m[HTTP][39m [37m-->[39m [37mGET[39m [37m/wd/hub/status[39m
[35m[HTTP][39m [90m{}[39m
[35m[HTTP][39m [37m<-- GET /wd/hub/status [39m[32m200[39m [90m1 ms - 68[39m
[35m[HTTP][39m [90m[39m
[35m[HTTP][39m [37m-->[39m [37mPOST[39m [37m/wd/hub/session[39m
[35m[HTTP][39m [90m{"desiredCapabilities":{"newCommandTimeout":1800,"realDeviceLogger":"/Applications/Katalon Studio.app/Contents/Eclipse/configuration/resources/tools/deviceconsole","platformVersion":"15.1","automationName":"XCUITest","bundleId":"com.gigantic.clawee","waitForAppScript":"true;","platformName":"iOS","udid":"8fc83ece6ccceae3a6296115dd993d7ff26a2d9e","deviceName":"iPhone 8","wdaLocalPort":50480},"capabilities":{"firstMatch":[{"appium:automationName":"XCUITest","appium:bundleId":"com.gigantic.clawee","appium:deviceName":"iPhone 8","appium:newCommandTimeout":1800,"platformName":"ios","appium:platformVersion":"15.1","realDeviceLogger":"/Applications/Katalon Studio.app/Contents/Eclipse/configuration/resources/tools/deviceconsole","appium:udid":"8fc83ece6ccceae3a6296115dd993d7ff26a2d9e","appium:waitForAppScript":"true;","appium:wdaLocalPort":50480}]}}[39m
[35m[BaseDriver][39m The following capabilities are not standard capabilities and should have an extension prefix:
[35m[BaseDriver][39m   realDeviceLogger
[35m[BaseDriver][39m   chromedriverPort
[35m[Appium][39m Appium v1.22.0 creating new XCUITestDriver (v3.53.1) session
[35m[BaseDriver][39m The following capabilities were provided, but are not recognized by Appium:
[35m[BaseDriver][39m   realDeviceLogger
[35m[BaseDriver][39m   chromedriverPort
[35m[BaseDriver][39m   waitForAppScript
[35m[BaseDriver][39m Session created with session id: 73dbd8ec-df7b-42d5-90d1-ad181ee3906f
[35m[XCUITest][39m Determining device to run tests on: udid: '8fc83ece6ccceae3a6296115dd993d7ff26a2d9e', real device: true
[35m[WebDriverAgent][39m Using WDA path: '/usr/local/lib/node_modules/appium/node_modules/appium-webdriveragent'
[35m[WebDriverAgent][39m Using WDA agent: '/usr/local/lib/node_modules/appium/node_modules/appium-webdriveragent/WebDriverAgent.xcodeproj'
[35m[XCUITest][39m Setting up real device
[35m[DevCon Factory][39m Requesting connection for device 8fc83ece6ccceae3a6296115dd993d7ff26a2d9e on local port 50480, device port 50480
[35m[DevCon Factory][39m Successfully requested the connection for 8fc83ece6ccceae3a6296115dd993d7ff26a2d9e:50480
[35m[WD Proxy][39m socket hang up
[35m[WebDriverAgent][39m Launching WebDriverAgent on the device
[35m[WebDriverAgent][39m WebDriverAgent does not need a cleanup. The sources are up to date (1625056702000 >= 499162500000)
[35m[WD Proxy][39m socket hang up
[35m[WD Proxy][39m socket hang up
[35m[WD Proxy][39m socket hang up
[35m[WD Proxy][39m socket hang up
[35m[WD Proxy][39m socket hang up
[35m[WD Proxy][39m socket hang up
[35m[WD Proxy][39m Determined the downstream protocol as 'W3C'
[35m[XCUITest][39m Skipping setting of the initial display orientation. Set the "orientation" capability to either "LANDSCAPE" or "PORTRAIT", if this is an undesired behavior.
[35m[Appium][39m New XCUITestDriver session created successfully, session 73dbd8ec-df7b-42d5-90d1-ad181ee3906f added to master session list
[35m[HTTP][39m [37m<-- POST /wd/hub/session [39m[32m200[39m [90m11168 ms - 669[39m
[35m[HTTP][39m [90m[39m
[35m[HTTP][39m [37m-->[39m [37mGET[39m [37m/wd/hub/session/73dbd8ec-df7b-42d5-90d1-ad181ee3906f[39m
[35m[HTTP][39m [90m{}[39m
[35m[XCUITest][39m Merging WDA caps over Appium caps for session detail response
[35m[HTTP][39m [37m<-- GET /wd/hub/session/73dbd8ec-df7b-42d5-90d1-ad181ee3906f [39m[32m200[39m [90m592 ms - 604[39m
[35m[HTTP][39m [90m[39m
[35m[HTTP][39m [37m-->[39m [37mGET[39m [37m/wd/hub/session/73dbd8ec-df7b-42d5-90d1-ad181ee3906f[39m
[35m[HTTP][39m [90m{}[39m
[35m[XCUITest][39m Merging WDA caps over Appium caps for session detail response
[35m[HTTP][39m [37m<-- GET /wd/hub/session/73dbd8ec-df7b-42d5-90d1-ad181ee3906f [39m[32m200[39m [90m1 ms - 604[39m
[35m[HTTP][39m [90m[39m
[35m[HTTP][39m [37m-->[39m [37mGET[39m [37m/wd/hub/status[39m
[35m[HTTP][39m [90m{}[39m
[35m[HTTP][39m [37m<-- GET /wd/hub/status [39m[32m200[39m [90m1 ms - 68[39m
[35m[HTTP][39m [90m[39m
[35m[HTTP][39m [37m-->[39m [37mPOST[39m [37m/wd/hub/session/73dbd8ec-df7b-42d5-90d1-ad181ee3906f/timeouts[39m
[35m[HTTP][39m [90m{"implicit":60000}[39m
[35m[HTTP][39m [37m<-- POST /wd/hub/session/73dbd8ec-df7b-42d5-90d1-ad181ee3906f/timeouts [39m[32m200[39m [90m3 ms - 14[39m
[35m[HTTP][39m [90m[39m
[35m[HTTP][39m [37m-->[39m [37mGET[39m [37m/wd/hub/session/73dbd8ec-df7b-42d5-90d1-ad181ee3906f/screenshot[39m
[35m[HTTP][39m [90m{}[39m
[35m[HTTP][39m [37m<-- GET /wd/hub/session/73dbd8ec-df7b-42d5-90d1-ad181ee3906f/screenshot [39m[32m200[39m [90m179 ms - 1305968[39m
[35m[HTTP][39m [90m[39m
[35m[HTTP][39m [37m-->[39m [37mGET[39m [37m/wd/hub/session/73dbd8ec-df7b-42d5-90d1-ad181ee3906f/window/rect[39m
[35m[HTTP][39m [90m{}[39m
[35m[HTTP][39m [37m<-- GET /wd/hub/session/73dbd8ec-df7b-42d5-90d1-ad181ee3906f/window/rect [39m[32m200[39m [90m106 ms - 48[39m
[35m[HTTP][39m [90m[39m
[35m[HTTP][39m [37m-->[39m [37mGET[39m [37m/wd/hub/session/73dbd8ec-df7b-42d5-90d1-ad181ee3906f/screenshot[39m
[35m[HTTP][39m [90m{}[39m
[35m[HTTP][39m [37m<-- GET /wd/hub/session/73dbd8ec-df7b-42d5-90d1-ad181ee3906f/screenshot [39m[32m200[39m [90m157 ms - 1305968[39m
[35m[HTTP][39m [90m[39m
[35m[HTTP][39m [37m-->[39m [37mPOST[39m [37m/wd/hub/session/73dbd8ec-df7b-42d5-90d1-ad181ee3906f/execute/sync[39m
[35m[HTTP][39m [90m{"script":"mobile: viewportScreenshot","args":[]}[39m
[35m[HTTP][39m [37m<-- POST /wd/hub/session/73dbd8ec-df7b-42d5-90d1-ad181ee3906f/execute/sync [39m[32m200[39m [90m562 ms - 854632[39m
[35m[HTTP][39m [90m[39m
[35m[HTTP][39m [37m-->[39m [37mPOST[39m [37m/wd/hub/session/73dbd8ec-df7b-42d5-90d1-ad181ee3906f/appium/device/activate_app[39m
[35m[HTTP][39m [90m{"bundleId":"com.gigantic.clawee"}[39m
[35m[HTTP][39m [37m<-- POST /wd/hub/session/73dbd8ec-df7b-42d5-90d1-ad181ee3906f/appium/device/activate_app [39m[32m200[39m [90m101 ms - 14[39m
[35m[HTTP][39m [90m[39m
[35m[HTTP][39m [37m-->[39m [37mPOST[39m [37m/wd/hub/session/73dbd8ec-df7b-42d5-90d1-ad181ee3906f/execute/sync[39m
[35m[HTTP][39m [90m{"script":"mobile: source","args":[{"format":"xml","excludedAttributes":"visible"}]}[39m
[35m[HTTP][39m [37m<-- POST /wd/hub/session/73dbd8ec-df7b-42d5-90d1-ad181ee3906f/execute/sync [39m[32m200[39m [90m703 ms - 9026[39m
[35m[HTTP][39m [90m[39m
[35m[HTTP][39m [37m-->[39m [37mGET[39m [37m/wd/hub/session/73dbd8ec-df7b-42d5-90d1-ad181ee3906f/screenshot[39m
[35m[HTTP][39m [90m{}[39m
[35m[HTTP][39m [37m<-- GET /wd/hub/session/73dbd8ec-df7b-42d5-90d1-ad181ee3906f/screenshot [39m[32m200[39m [90m139 ms - 1305968[39m
[35m[HTTP][39m [90m[39m
[35m[HTTP][39m [37m-->[39m [37mPOST[39m [37m/wd/hub/session/73dbd8ec-df7b-42d5-90d1-ad181ee3906f/element[39m
[35m[HTTP][39m [90m{"using":"xpath","value":"//*[@type = 'XCUIElementTypeStaticText' and @label = 'Sign in as guest' and @name = 'Sign in as guest']"}[39m
[35m[HTTP][39m [37m<-- POST /wd/hub/session/73dbd8ec-df7b-42d5-90d1-ad181ee3906f/element [39m[32m200[39m [90m495 ms - 137[39m
[35m[HTTP][39m [90m[39m
[35m[HTTP][39m [37m-->[39m [37mGET[39m [37m/wd/hub/session/73dbd8ec-df7b-42d5-90d1-ad181ee3906f/window/rect[39m
[35m[HTTP][39m [90m{}[39m
[35m[HTTP][39m [37m<-- GET /wd/hub/session/73dbd8ec-df7b-42d5-90d1-ad181ee3906f/window/rect [39m[32m200[39m [90m77 ms - 48[39m
[35m[HTTP][39m [90m[39m
[35m[HTTP][39m [37m-->[39m [37mPOST[39m [37m/wd/hub/session/73dbd8ec-df7b-42d5-90d1-ad181ee3906f/elements[39m
[35m[HTTP][39m [90m{"using":"xpath","value":"//*[@type = 'XCUIElementTypeStaticText' and @label = 'Sign in as guest' and @name = 'Sign in as guest']"}[39m
[35m[HTTP][39m [37m<-- POST /wd/hub/session/73dbd8ec-df7b-42d5-90d1-ad181ee3906f/elements [39m[32m200[39m [90m437 ms - 139[39m
[35m[HTTP][39m [90m[39m
[35m[HTTP][39m [37m-->[39m [37mGET[39m [37m/wd/hub/session/73dbd8ec-df7b-42d5-90d1-ad181ee3906f/element/2B000000-0000-0000-CA0F-000000000000/location[39m
[35m[HTTP][39m [90m{}[39m
[35m[HTTP][39m [37m<-- GET /wd/hub/session/73dbd8ec-df7b-42d5-90d1-ad181ee3906f/element/2B000000-0000-0000-CA0F-000000000000/location [39m[32m200[39m [90m53 ms - 27[39m
[35m[HTTP][39m [90m[39m
[35m[HTTP][39m [37m-->[39m [37mPOST[39m [37m/wd/hub/session/73dbd8ec-df7b-42d5-90d1-ad181ee3906f/touch/perform[39m
[35m[HTTP][39m [90m{"actions":[{"action":"tap","options":{"x":1,"y":1,"element":"2B000000-0000-0000-CA0F-000000000000"}}]}[39m
[35m[HTTP][39m [37m<-- POST /wd/hub/session/73dbd8ec-df7b-42d5-90d1-ad181ee3906f/touch/perform [39m[32m200[39m [90m737 ms - 14[39m
[35m[HTTP][39m [90m[39m
[35m[HTTP][39m [37m-->[39m [37mPOST[39m [37m/wd/hub/session/73dbd8ec-df7b-42d5-90d1-ad181ee3906f/execute/sync[39m
[35m[HTTP][39m [90m{"script":"mobile: source","args":[{"format":"xml","excludedAttributes":"visible"}]}[39m
[35m[HTTP][39m [37m<-- POST /wd/hub/session/73dbd8ec-df7b-42d5-90d1-ad181ee3906f/execute/sync [39m[32m200[39m [90m667 ms - 8733[39m
[35m[HTTP][39m [90m[39m
[35m[HTTP][39m [37m-->[39m [37mGET[39m [37m/wd/hub/session/73dbd8ec-df7b-42d5-90d1-ad181ee3906f/screenshot[39m
[35m[HTTP][39m [90m{}[39m
[35m[HTTP][39m [37m<-- GET /wd/hub/session/73dbd8ec-df7b-42d5-90d1-ad181ee3906f/screenshot [39m[32m200[39m [90m138 ms - 1294972[39m
[35m[HTTP][39m [90m[39m
[35m[HTTP][39m [37m-->[39m [37mPOST[39m [37m/wd/hub/session/73dbd8ec-df7b-42d5-90d1-ad181ee3906f/execute/sync[39m
[35m[HTTP][39m [90m{"script":"mobile: source","args":[{"format":"xml","excludedAttributes":"visible"}]}[39m
[35m[HTTP][39m [37m<-- POST /wd/hub/session/73dbd8ec-df7b-42d5-90d1-ad181ee3906f/execute/sync [39m[32m200[39m [90m3433 ms - 59958[39m
[35m[HTTP][39m [90m[39m
[35m[HTTP][39m [37m-->[39m [37mGET[39m [37m/wd/hub/session/73dbd8ec-df7b-42d5-90d1-ad181ee3906f/screenshot[39m
[35m[HTTP][39m [90m{}[39m
[35m[HTTP][39m [37m<-- GET /wd/hub/session/73dbd8ec-df7b-42d5-90d1-ad181ee3906f/screenshot [39m[32m200[39m [90m298 ms - 2090948[39m
[35m[HTTP][39m [90m[39m
[35m[HTTP][39m [37m-->[39m [37mPOST[39m [37m/wd/hub/session/73dbd8ec-df7b-42d5-90d1-ad181ee3906f/element[39m
[35m[HTTP][39m [90m{"using":"xpath","value":"//*[@type = 'XCUIElementTypeStaticText' and @label = 'Next' and @name = 'Next']"}[39m
[35m[HTTP][39m [37m<-- POST /wd/hub/session/73dbd8ec-df7b-42d5-90d1-ad181ee3906f/element [39m[32m200[39m [90m2103 ms - 137[39m
[35m[HTTP][39m [90m[39m
[35m[HTTP][39m [37m-->[39m [37mGET[39m [37m/wd/hub/session/73dbd8ec-df7b-42d5-90d1-ad181ee3906f/window/rect[39m
[35m[HTTP][39m [90m{}[39m
[35m[HTTP][39m [37m<-- GET /wd/hub/session/73dbd8ec-df7b-42d5-90d1-ad181ee3906f/window/rect [39m[32m200[39m [90m222 ms - 48[39m
[35m[HTTP][39m [90m[39m
[35m[HTTP][39m [37m-->[39m [37mPOST[39m [37m/wd/hub/session/73dbd8ec-df7b-42d5-90d1-ad181ee3906f/elements[39m
[35m[HTTP][39m [90m{"using":"xpath","value":"//*[@type = 'XCUIElementTypeStaticText' and @label = 'Next' and @name = 'Next']"}[39m
[35m[HTTP][39m [37m<-- POST /wd/hub/session/73dbd8ec-df7b-42d5-90d1-ad181ee3906f/elements [39m[32m200[39m [90m1847 ms - 139[39m
[35m[HTTP][39m [90m[39m
[35m[HTTP][39m [37m-->[39m [37mGET[39m [37m/wd/hub/session/73dbd8ec-df7b-42d5-90d1-ad181ee3906f/element/7B000000-0000-0000-CA0F-000000000000/location[39m
[35m[HTTP][39m [90m{}[39m
[35m[HTTP][39m [37m<-- GET /wd/hub/session/73dbd8ec-df7b-42d5-90d1-ad181ee3906f/element/7B000000-0000-0000-CA0F-000000000000/location [39m[32m200[39m [90m209 ms - 27[39m
[35m[HTTP][39m [90m[39m
[35m[HTTP][39m [37m-->[39m [37mPOST[39m [37m/wd/hub/session/73dbd8ec-df7b-42d5-90d1-ad181ee3906f/touch/perform[39m
[35m[HTTP][39m [90m{"actions":[{"action":"tap","options":{"x":1,"y":1,"element":"7B000000-0000-0000-CA0F-000000000000"}}]}[39m
[35m[HTTP][39m [37m<-- POST /wd/hub/session/73dbd8ec-df7b-42d5-90d1-ad181ee3906f/touch/perform [39m[32m200[39m [90m621 ms - 14[39m
[35m[HTTP][39m [90m[39m
[35m[HTTP][39m [37m-->[39m [37mPOST[39m [37m/wd/hub/session/73dbd8ec-df7b-42d5-90d1-ad181ee3906f/execute/sync[39m
[35m[HTTP][39m [90m{"script":"mobile: source","args":[{"format":"xml","excludedAttributes":"visible"}]}[39m
[35m[HTTP][39m [37m<-- POST /wd/hub/session/73dbd8ec-df7b-42d5-90d1-ad181ee3906f/execute/sync [39m[32m200[39m [90m3515 ms - 59929[39m
[35m[HTTP][39m [90m[39m
[35m[HTTP][39m [37m-->[39m [37mGET[39m [37m/wd/hub/session/73dbd8ec-df7b-42d5-90d1-ad181ee3906f/screenshot[39m
[35m[HTTP][39m [90m{}[39m
[35m[HTTP][39m [37m<-- GET /wd/hub/session/73dbd8ec-df7b-42d5-90d1-ad181ee3906f/screenshot [39m[32m200[39m [90m241 ms - 1846000[39m
[35m[HTTP][39m [90m[39m
[35m[HTTP][39m [37m-->[39m [37mDELETE[39m [37m/wd/hub/session/73dbd8ec-df7b-42d5-90d1-ad181ee3906f[39m
[35m[HTTP][39m [90m{}[39m
[35m[Appium][39m Removing session 73dbd8ec-df7b-42d5-90d1-ad181ee3906f from our master session list
[35m[DevCon Factory][39m Releasing connections for 8fc83ece6ccceae3a6296115dd993d7ff26a2d9e device on any port number
[35m[DevCon Factory][39m Found cached connections to release: ["8fc83ece6ccceae3a6296115dd993d7ff26a2d9e:50480"]
[35m[DevCon Factory][39m Releasing the listener for '8fc83ece6ccceae3a6296115dd993d7ff26a2d9e:50480'
[35m[HTTP][39m [37m<-- DELETE /wd/hub/session/73dbd8ec-df7b-42d5-90d1-ad181ee3906f [39m[32m200[39m [90m1058 ms - 14[39m
[35m[HTTP][39m [90m[39m
