[35m[Appium][39m Welcome to Appium v1.22.0
[35m[Appium][39m Non-default server args:
[35m[Appium][39m   port: 51865
[35m[Appium][39m   loglevel: info
[35m[Appium][39m   tmpDir: /var/folders/ny/h8rbv5fn5fx86h57mqpkhv2h0000gn/T//Katalon/Appium/Temp1639049456189
[35m[Appium][39m   chromedriverPort: 51866
[35m[Appium][39m Deprecated server args:
[35m[Appium][39m   [31m--chromedriver-port[39m => --default-capabilities
[35m[Appium][39m Default capabilities, which will be added to each request unless overridden by desired capabilities:
[35m[Appium][39m   chromedriverPort: 51866
[35m[Appium][39m Appium REST http interface listener started on 0.0.0.0:51865
[35m[HTTP][39m [37m-->[39m [37mGET[39m [37m/wd/hub/status[39m
[35m[HTTP][39m [90m{}[39m
[35m[HTTP][39m [37m<-- GET /wd/hub/status [39m[32m200[39m [90m6 ms - 68[39m
[35m[HTTP][39m [90m[39m
[35m[HTTP][39m [37m-->[39m [37mPOST[39m [37m/wd/hub/session[39m
[35m[HTTP][39m [90m{"desiredCapabilities":{"newCommandTimeout":1800,"realDeviceLogger":"/Applications/Katalon Studio.app/Contents/Eclipse/configuration/resources/tools/deviceconsole","platformVersion":"15.1","automationName":"XCUITest","bundleId":"com.gigantic.clawee","waitForAppScript":"true;","platformName":"iOS","udid":"8fc83ece6ccceae3a6296115dd993d7ff26a2d9e","deviceId":"","deviceName":"iPhone 8","wdaLocalPort":51828},"capabilities":{"firstMatch":[{"appium:automationName":"XCUITest","appium:bundleId":"com.gigantic.clawee","deviceId":"","appium:deviceName":"iPhone 8","appium:newCommandTimeout":1800,"platformName":"ios","appium:platformVersion":"15.1","realDeviceLogger":"/Applications/Katalon Studio.app/Contents/Eclipse/configuration/resources/tools/deviceconsole","appium:udid":"8fc83ece6ccceae3a6296115dd993d7ff26a2d9e","appium:waitForAppScript":"true;","appium:wdaLocalPort":51828}]}}[39m
[35m[BaseDriver][39m The following capabilities are not standard capabilities and should have an extension prefix:
[35m[BaseDriver][39m   deviceId
[35m[BaseDriver][39m   realDeviceLogger
[35m[BaseDriver][39m   chromedriverPort
[35m[Appium][39m Appium v1.22.0 creating new XCUITestDriver (v3.53.1) session
[35m[BaseDriver][39m The following capabilities were provided, but are not recognized by Appium:
[35m[BaseDriver][39m   deviceId
[35m[BaseDriver][39m   realDeviceLogger
[35m[BaseDriver][39m   chromedriverPort
[35m[BaseDriver][39m   waitForAppScript
[35m[BaseDriver][39m Session created with session id: f1d9aa40-b930-4ac3-9ae4-c53dfc0658f4
[35m[XCUITest][39m Determining device to run tests on: udid: '8fc83ece6ccceae3a6296115dd993d7ff26a2d9e', real device: true
[35m[WebDriverAgent][39m Using WDA path: '/usr/local/lib/node_modules/appium/node_modules/appium-webdriveragent'
[35m[WebDriverAgent][39m Using WDA agent: '/usr/local/lib/node_modules/appium/node_modules/appium-webdriveragent/WebDriverAgent.xcodeproj'
[35m[XCUITest][39m Setting up real device
[35m[DevCon Factory][39m Requesting connection for device 8fc83ece6ccceae3a6296115dd993d7ff26a2d9e on local port 51828, device port 51828
[35m[DevCon Factory][39m Successfully requested the connection for 8fc83ece6ccceae3a6296115dd993d7ff26a2d9e:51828
[35m[WD Proxy][39m socket hang up
[35m[WebDriverAgent][39m Launching WebDriverAgent on the device
[35m[WebDriverAgent][39m WebDriverAgent does not need a cleanup. The sources are up to date (1625056702000 >= 499162500000)
[35m[WD Proxy][39m socket hang up
[35m[WD Proxy][39m socket hang up
[35m[WD Proxy][39m socket hang up
[35m[WD Proxy][39m socket hang up
[35m[WD Proxy][39m socket hang up
[35m[WD Proxy][39m Determined the downstream protocol as 'W3C'
[35m[XCUITest][39m Skipping setting of the initial display orientation. Set the "orientation" capability to either "LANDSCAPE" or "PORTRAIT", if this is an undesired behavior.
[35m[Appium][39m New XCUITestDriver session created successfully, session f1d9aa40-b930-4ac3-9ae4-c53dfc0658f4 added to master session list
[35m[HTTP][39m [37m<-- POST /wd/hub/session [39m[32m200[39m [90m10083 ms - 683[39m
[35m[HTTP][39m [90m[39m
[35m[HTTP][39m [37m-->[39m [37mGET[39m [37m/wd/hub/session/f1d9aa40-b930-4ac3-9ae4-c53dfc0658f4[39m
[35m[HTTP][39m [90m{}[39m
[35m[XCUITest][39m Merging WDA caps over Appium caps for session detail response
[35m[HTTP][39m [37m<-- GET /wd/hub/session/f1d9aa40-b930-4ac3-9ae4-c53dfc0658f4 [39m[32m200[39m [90m478 ms - 623[39m
[35m[HTTP][39m [90m[39m
[35m[HTTP][39m [37m-->[39m [37mGET[39m [37m/wd/hub/session/f1d9aa40-b930-4ac3-9ae4-c53dfc0658f4[39m
[35m[HTTP][39m [90m{}[39m
[35m[XCUITest][39m Merging WDA caps over Appium caps for session detail response
[35m[HTTP][39m [37m<-- GET /wd/hub/session/f1d9aa40-b930-4ac3-9ae4-c53dfc0658f4 [39m[32m200[39m [90m2 ms - 623[39m
[35m[HTTP][39m [90m[39m
[35m[HTTP][39m [37m-->[39m [37mGET[39m [37m/wd/hub/status[39m
[35m[HTTP][39m [90m{}[39m
[35m[HTTP][39m [37m<-- GET /wd/hub/status [39m[32m200[39m [90m1 ms - 68[39m
[35m[HTTP][39m [90m[39m
[35m[HTTP][39m [37m-->[39m [37mPOST[39m [37m/wd/hub/session/f1d9aa40-b930-4ac3-9ae4-c53dfc0658f4/timeouts[39m
[35m[HTTP][39m [90m{"implicit":30000}[39m
[35m[HTTP][39m [37m<-- POST /wd/hub/session/f1d9aa40-b930-4ac3-9ae4-c53dfc0658f4/timeouts [39m[32m200[39m [90m2 ms - 14[39m
[35m[HTTP][39m [90m[39m
[35m[HTTP][39m [37m-->[39m [37mGET[39m [37m/wd/hub/session/f1d9aa40-b930-4ac3-9ae4-c53dfc0658f4/screenshot[39m
[35m[HTTP][39m [90m{}[39m
[35m[HTTP][39m [37m<-- GET /wd/hub/session/f1d9aa40-b930-4ac3-9ae4-c53dfc0658f4/screenshot [39m[32m200[39m [90m246 ms - 1662508[39m
[35m[HTTP][39m [90m[39m
[35m[HTTP][39m [37m-->[39m [37mGET[39m [37m/wd/hub/session/f1d9aa40-b930-4ac3-9ae4-c53dfc0658f4/window/rect[39m
[35m[HTTP][39m [90m{}[39m
[35m[HTTP][39m [37m<-- GET /wd/hub/session/f1d9aa40-b930-4ac3-9ae4-c53dfc0658f4/window/rect [39m[32m200[39m [90m95 ms - 48[39m
[35m[HTTP][39m [90m[39m
[35m[HTTP][39m [37m-->[39m [37mGET[39m [37m/wd/hub/session/f1d9aa40-b930-4ac3-9ae4-c53dfc0658f4/screenshot[39m
[35m[HTTP][39m [90m{}[39m
[35m[HTTP][39m [37m<-- GET /wd/hub/session/f1d9aa40-b930-4ac3-9ae4-c53dfc0658f4/screenshot [39m[32m200[39m [90m197 ms - 1662508[39m
[35m[HTTP][39m [90m[39m
[35m[HTTP][39m [37m-->[39m [37mPOST[39m [37m/wd/hub/session/f1d9aa40-b930-4ac3-9ae4-c53dfc0658f4/execute/sync[39m
[35m[HTTP][39m [90m{"script":"mobile: viewportScreenshot","args":[]}[39m
[35m[HTTP][39m [37m<-- POST /wd/hub/session/f1d9aa40-b930-4ac3-9ae4-c53dfc0658f4/execute/sync [39m[32m200[39m [90m592 ms - 1067824[39m
[35m[HTTP][39m [90m[39m
[35m[HTTP][39m [37m-->[39m [37mPOST[39m [37m/wd/hub/session/f1d9aa40-b930-4ac3-9ae4-c53dfc0658f4/appium/device/activate_app[39m
[35m[HTTP][39m [90m{"bundleId":"com.gigantic.clawee"}[39m
[35m[HTTP][39m [37m<-- POST /wd/hub/session/f1d9aa40-b930-4ac3-9ae4-c53dfc0658f4/appium/device/activate_app [39m[32m200[39m [90m98 ms - 14[39m
[35m[HTTP][39m [90m[39m
[35m[HTTP][39m [37m-->[39m [37mPOST[39m [37m/wd/hub/session/f1d9aa40-b930-4ac3-9ae4-c53dfc0658f4/timeouts[39m
[35m[HTTP][39m [90m{"implicit":50}[39m
[35m[HTTP][39m [37m<-- POST /wd/hub/session/f1d9aa40-b930-4ac3-9ae4-c53dfc0658f4/timeouts [39m[32m200[39m [90m1 ms - 14[39m
[35m[HTTP][39m [90m[39m
[35m[HTTP][39m [37m-->[39m [37mGET[39m [37m/wd/hub/session/f1d9aa40-b930-4ac3-9ae4-c53dfc0658f4/window/rect[39m
[35m[HTTP][39m [90m{}[39m
[35m[HTTP][39m [37m<-- GET /wd/hub/session/f1d9aa40-b930-4ac3-9ae4-c53dfc0658f4/window/rect [39m[32m200[39m [90m109 ms - 48[39m
[35m[HTTP][39m [90m[39m
[35m[HTTP][39m [37m-->[39m [37mPOST[39m [37m/wd/hub/session/f1d9aa40-b930-4ac3-9ae4-c53dfc0658f4/elements[39m
[35m[HTTP][39m [90m{"using":"xpath","value":"//*[@type = 'XCUIElementTypeStaticText' and @label = 'Connect with E-mail' and @name = 'Connect with E-mail']"}[39m
[35m[HTTP][39m [37m<-- POST /wd/hub/session/f1d9aa40-b930-4ac3-9ae4-c53dfc0658f4/elements [39m[32m200[39m [90m487 ms - 139[39m
[35m[HTTP][39m [90m[39m
[35m[HTTP][39m [37m-->[39m [37mGET[39m [37m/wd/hub/session/f1d9aa40-b930-4ac3-9ae4-c53dfc0658f4/element/29000000-0000-0000-9812-000000000000/location[39m
[35m[HTTP][39m [90m{}[39m
[35m[HTTP][39m [37m<-- GET /wd/hub/session/f1d9aa40-b930-4ac3-9ae4-c53dfc0658f4/element/29000000-0000-0000-9812-000000000000/location [39m[32m200[39m [90m83 ms - 27[39m
[35m[HTTP][39m [90m[39m
[35m[HTTP][39m [37m-->[39m [37mPOST[39m [37m/wd/hub/session/f1d9aa40-b930-4ac3-9ae4-c53dfc0658f4/timeouts[39m
[35m[HTTP][39m [90m{"implicit":30000}[39m
[35m[HTTP][39m [37m<-- POST /wd/hub/session/f1d9aa40-b930-4ac3-9ae4-c53dfc0658f4/timeouts [39m[32m200[39m [90m2 ms - 14[39m
[35m[HTTP][39m [90m[39m
[35m[HTTP][39m [37m-->[39m [37mPOST[39m [37m/wd/hub/session/f1d9aa40-b930-4ac3-9ae4-c53dfc0658f4/touch/perform[39m
[35m[HTTP][39m [90m{"actions":[{"action":"tap","options":{"x":1,"y":1,"element":"29000000-0000-0000-9812-000000000000"}},{"action":"release","options":{}}]}[39m
[35m[HTTP][39m [37m<-- POST /wd/hub/session/f1d9aa40-b930-4ac3-9ae4-c53dfc0658f4/touch/perform [39m[32m200[39m [90m351 ms - 14[39m
[35m[HTTP][39m [90m[39m
[35m[HTTP][39m [37m-->[39m [37mPOST[39m [37m/wd/hub/session/f1d9aa40-b930-4ac3-9ae4-c53dfc0658f4/timeouts[39m
[35m[HTTP][39m [90m{"implicit":50}[39m
[35m[HTTP][39m [37m<-- POST /wd/hub/session/f1d9aa40-b930-4ac3-9ae4-c53dfc0658f4/timeouts [39m[32m200[39m [90m1 ms - 14[39m
[35m[HTTP][39m [90m[39m
[35m[HTTP][39m [37m-->[39m [37mGET[39m [37m/wd/hub/session/f1d9aa40-b930-4ac3-9ae4-c53dfc0658f4/window/rect[39m
[35m[HTTP][39m [90m{}[39m
[35m[HTTP][39m [37m<-- GET /wd/hub/session/f1d9aa40-b930-4ac3-9ae4-c53dfc0658f4/window/rect [39m[32m200[39m [90m77 ms - 48[39m
[35m[HTTP][39m [90m[39m
[35m[HTTP][39m [37m-->[39m [37mPOST[39m [37m/wd/hub/session/f1d9aa40-b930-4ac3-9ae4-c53dfc0658f4/elements[39m
[35m[HTTP][39m [90m{"using":"-ios class chain","value":"**/XCUIElementTypeTextField[`enabled == 1 AND value == 'First name'`]"}[39m
[35m[HTTP][39m [37m<-- POST /wd/hub/session/f1d9aa40-b930-4ac3-9ae4-c53dfc0658f4/elements [39m[32m200[39m [90m211 ms - 139[39m
[35m[HTTP][39m [90m[39m
[35m[HTTP][39m [37m-->[39m [37mGET[39m [37m/wd/hub/session/f1d9aa40-b930-4ac3-9ae4-c53dfc0658f4/element/44000000-0000-0000-9812-000000000000/location[39m
[35m[HTTP][39m [90m{}[39m
[35m[HTTP][39m [37m<-- GET /wd/hub/session/f1d9aa40-b930-4ac3-9ae4-c53dfc0658f4/element/44000000-0000-0000-9812-000000000000/location [39m[32m200[39m [90m112 ms - 26[39m
[35m[HTTP][39m [90m[39m
[35m[HTTP][39m [37m-->[39m [37mPOST[39m [37m/wd/hub/session/f1d9aa40-b930-4ac3-9ae4-c53dfc0658f4/timeouts[39m
[35m[HTTP][39m [90m{"implicit":30000}[39m
[35m[HTTP][39m [37m<-- POST /wd/hub/session/f1d9aa40-b930-4ac3-9ae4-c53dfc0658f4/timeouts [39m[32m200[39m [90m2 ms - 14[39m
[35m[HTTP][39m [90m[39m
[35m[HTTP][39m [37m-->[39m [37mPOST[39m [37m/wd/hub/session/f1d9aa40-b930-4ac3-9ae4-c53dfc0658f4/element/44000000-0000-0000-9812-000000000000/clear[39m
[35m[HTTP][39m [90m{"id":"44000000-0000-0000-9812-000000000000"}[39m
[35m[HTTP][39m [37m<-- POST /wd/hub/session/f1d9aa40-b930-4ac3-9ae4-c53dfc0658f4/element/44000000-0000-0000-9812-000000000000/clear [39m[32m200[39m [90m74 ms - 14[39m
[35m[HTTP][39m [90m[39m
[35m[HTTP][39m [37m-->[39m [37mPOST[39m [37m/wd/hub/session/f1d9aa40-b930-4ac3-9ae4-c53dfc0658f4/element/44000000-0000-0000-9812-000000000000/value[39m
[35m[HTTP][39m [90m{"id":"44000000-0000-0000-9812-000000000000","text":"Alexander","value":["A","l","e","x","a","n","d","e","r"]}[39m
[35m[HTTP][39m [37m<-- POST /wd/hub/session/f1d9aa40-b930-4ac3-9ae4-c53dfc0658f4/element/44000000-0000-0000-9812-000000000000/value [39m[32m200[39m [90m1019 ms - 14[39m
[35m[HTTP][39m [90m[39m
[35m[HTTP][39m [37m-->[39m [37mPOST[39m [37m/wd/hub/session/f1d9aa40-b930-4ac3-9ae4-c53dfc0658f4/timeouts[39m
[35m[HTTP][39m [90m{"implicit":50}[39m
[35m[HTTP][39m [37m<-- POST /wd/hub/session/f1d9aa40-b930-4ac3-9ae4-c53dfc0658f4/timeouts [39m[32m200[39m [90m2 ms - 14[39m
[35m[HTTP][39m [90m[39m
[35m[HTTP][39m [37m-->[39m [37mGET[39m [37m/wd/hub/session/f1d9aa40-b930-4ac3-9ae4-c53dfc0658f4/window/rect[39m
[35m[HTTP][39m [90m{}[39m
[35m[HTTP][39m [37m<-- GET /wd/hub/session/f1d9aa40-b930-4ac3-9ae4-c53dfc0658f4/window/rect [39m[32m200[39m [90m113 ms - 48[39m
[35m[HTTP][39m [90m[39m
[35m[HTTP][39m [37m-->[39m [37mPOST[39m [37m/wd/hub/session/f1d9aa40-b930-4ac3-9ae4-c53dfc0658f4/elements[39m
[35m[HTTP][39m [90m{"using":"-ios class chain","value":"**/XCUIElementTypeTextField[`enabled == 1 AND value == 'Last name'`]"}[39m
[35m[HTTP][39m [37m<-- POST /wd/hub/session/f1d9aa40-b930-4ac3-9ae4-c53dfc0658f4/elements [39m[32m200[39m [90m288 ms - 139[39m
[35m[HTTP][39m [90m[39m
[35m[HTTP][39m [37m-->[39m [37mGET[39m [37m/wd/hub/session/f1d9aa40-b930-4ac3-9ae4-c53dfc0658f4/element/45000000-0000-0000-9812-000000000000/location[39m
[35m[HTTP][39m [90m{}[39m
[35m[HTTP][39m [37m<-- GET /wd/hub/session/f1d9aa40-b930-4ac3-9ae4-c53dfc0658f4/element/45000000-0000-0000-9812-000000000000/location [39m[32m200[39m [90m133 ms - 26[39m
[35m[HTTP][39m [90m[39m
[35m[HTTP][39m [37m-->[39m [37mPOST[39m [37m/wd/hub/session/f1d9aa40-b930-4ac3-9ae4-c53dfc0658f4/timeouts[39m
[35m[HTTP][39m [90m{"implicit":30000}[39m
[35m[HTTP][39m [37m<-- POST /wd/hub/session/f1d9aa40-b930-4ac3-9ae4-c53dfc0658f4/timeouts [39m[32m200[39m [90m2 ms - 14[39m
[35m[HTTP][39m [90m[39m
[35m[HTTP][39m [37m-->[39m [37mPOST[39m [37m/wd/hub/session/f1d9aa40-b930-4ac3-9ae4-c53dfc0658f4/element/45000000-0000-0000-9812-000000000000/clear[39m
[35m[HTTP][39m [90m{"id":"45000000-0000-0000-9812-000000000000"}[39m
[35m[HTTP][39m [37m<-- POST /wd/hub/session/f1d9aa40-b930-4ac3-9ae4-c53dfc0658f4/element/45000000-0000-0000-9812-000000000000/clear [39m[32m200[39m [90m137 ms - 14[39m
[35m[HTTP][39m [90m[39m
[35m[HTTP][39m [37m-->[39m [37mPOST[39m [37m/wd/hub/session/f1d9aa40-b930-4ac3-9ae4-c53dfc0658f4/element/45000000-0000-0000-9812-000000000000/value[39m
[35m[HTTP][39m [90m{"id":"45000000-0000-0000-9812-000000000000","text":"Testing","value":["T","e","s","t","i","n","g"]}[39m
[35m[HTTP][39m [37m<-- POST /wd/hub/session/f1d9aa40-b930-4ac3-9ae4-c53dfc0658f4/element/45000000-0000-0000-9812-000000000000/value [39m[32m200[39m [90m894 ms - 14[39m
[35m[HTTP][39m [90m[39m
[35m[HTTP][39m [37m-->[39m [37mPOST[39m [37m/wd/hub/session/f1d9aa40-b930-4ac3-9ae4-c53dfc0658f4/timeouts[39m
[35m[HTTP][39m [90m{"implicit":50}[39m
[35m[HTTP][39m [37m<-- POST /wd/hub/session/f1d9aa40-b930-4ac3-9ae4-c53dfc0658f4/timeouts [39m[32m200[39m [90m1 ms - 14[39m
[35m[HTTP][39m [90m[39m
[35m[HTTP][39m [37m-->[39m [37mGET[39m [37m/wd/hub/session/f1d9aa40-b930-4ac3-9ae4-c53dfc0658f4/window/rect[39m
[35m[HTTP][39m [90m{}[39m
[35m[HTTP][39m [37m<-- GET /wd/hub/session/f1d9aa40-b930-4ac3-9ae4-c53dfc0658f4/window/rect [39m[32m200[39m [90m106 ms - 48[39m
[35m[HTTP][39m [90m[39m
[35m[HTTP][39m [37m-->[39m [37mPOST[39m [37m/wd/hub/session/f1d9aa40-b930-4ac3-9ae4-c53dfc0658f4/elements[39m
[35m[HTTP][39m [90m{"using":"-ios class chain","value":"**/XCUIElementTypeTextField[`enabled == 1 AND value == 'E-mail'`]"}[39m
[35m[HTTP][39m [37m<-- POST /wd/hub/session/f1d9aa40-b930-4ac3-9ae4-c53dfc0658f4/elements [39m[32m200[39m [90m283 ms - 139[39m
[35m[HTTP][39m [90m[39m
[35m[HTTP][39m [37m-->[39m [37mGET[39m [37m/wd/hub/session/f1d9aa40-b930-4ac3-9ae4-c53dfc0658f4/element/46000000-0000-0000-9812-000000000000/location[39m
[35m[HTTP][39m [90m{}[39m
[35m[HTTP][39m [37m<-- GET /wd/hub/session/f1d9aa40-b930-4ac3-9ae4-c53dfc0658f4/element/46000000-0000-0000-9812-000000000000/location [39m[32m200[39m [90m146 ms - 26[39m
[35m[HTTP][39m [90m[39m
[35m[HTTP][39m [37m-->[39m [37mPOST[39m [37m/wd/hub/session/f1d9aa40-b930-4ac3-9ae4-c53dfc0658f4/timeouts[39m
[35m[HTTP][39m [90m{"implicit":30000}[39m
[35m[HTTP][39m [37m<-- POST /wd/hub/session/f1d9aa40-b930-4ac3-9ae4-c53dfc0658f4/timeouts [39m[32m200[39m [90m2 ms - 14[39m
[35m[HTTP][39m [90m[39m
[35m[HTTP][39m [37m-->[39m [37mPOST[39m [37m/wd/hub/session/f1d9aa40-b930-4ac3-9ae4-c53dfc0658f4/element/46000000-0000-0000-9812-000000000000/clear[39m
[35m[HTTP][39m [90m{"id":"46000000-0000-0000-9812-000000000000"}[39m
[35m[HTTP][39m [37m<-- POST /wd/hub/session/f1d9aa40-b930-4ac3-9ae4-c53dfc0658f4/element/46000000-0000-0000-9812-000000000000/clear [39m[32m200[39m [90m153 ms - 14[39m
[35m[HTTP][39m [90m[39m
[35m[HTTP][39m [37m-->[39m [37mPOST[39m [37m/wd/hub/session/f1d9aa40-b930-4ac3-9ae4-c53dfc0658f4/element/46000000-0000-0000-9812-000000000000/value[39m
[35m[HTTP][39m [90m{"id":"46000000-0000-0000-9812-000000000000","text":"alex.qa.eng+55@gmail.com","value":["a","l","e","x",".","q","a",".","e","n","g","+","5","5","@","g","m","a","i","l",".","c","o","m"]}[39m
[35m[HTTP][39m [37m<-- POST /wd/hub/session/f1d9aa40-b930-4ac3-9ae4-c53dfc0658f4/element/46000000-0000-0000-9812-000000000000/value [39m[32m200[39m [90m1457 ms - 14[39m
[35m[HTTP][39m [90m[39m
[35m[HTTP][39m [37m-->[39m [37mPOST[39m [37m/wd/hub/session/f1d9aa40-b930-4ac3-9ae4-c53dfc0658f4/timeouts[39m
[35m[HTTP][39m [90m{"implicit":50}[39m
[35m[HTTP][39m [37m<-- POST /wd/hub/session/f1d9aa40-b930-4ac3-9ae4-c53dfc0658f4/timeouts [39m[32m200[39m [90m1 ms - 14[39m
[35m[HTTP][39m [90m[39m
[35m[HTTP][39m [37m-->[39m [37mGET[39m [37m/wd/hub/session/f1d9aa40-b930-4ac3-9ae4-c53dfc0658f4/window/rect[39m
[35m[HTTP][39m [90m{}[39m
[35m[HTTP][39m [37m<-- GET /wd/hub/session/f1d9aa40-b930-4ac3-9ae4-c53dfc0658f4/window/rect [39m[32m200[39m [90m116 ms - 48[39m
[35m[HTTP][39m [90m[39m
[35m[HTTP][39m [37m-->[39m [37mPOST[39m [37m/wd/hub/session/f1d9aa40-b930-4ac3-9ae4-c53dfc0658f4/elements[39m
[35m[HTTP][39m [90m{"using":"-ios class chain","value":"**/XCUIElementTypeSecureTextField[`enabled == 1 AND value == 'Password'`]"}[39m
[35m[HTTP][39m [37m<-- POST /wd/hub/session/f1d9aa40-b930-4ac3-9ae4-c53dfc0658f4/elements [39m[32m200[39m [90m281 ms - 139[39m
[35m[HTTP][39m [90m[39m
[35m[HTTP][39m [37m-->[39m [37mGET[39m [37m/wd/hub/session/f1d9aa40-b930-4ac3-9ae4-c53dfc0658f4/element/47000000-0000-0000-9812-000000000000/location[39m
[35m[HTTP][39m [90m{}[39m
[35m[HTTP][39m [37m<-- GET /wd/hub/session/f1d9aa40-b930-4ac3-9ae4-c53dfc0658f4/element/47000000-0000-0000-9812-000000000000/location [39m[32m200[39m [90m124 ms - 26[39m
[35m[HTTP][39m [90m[39m
[35m[HTTP][39m [37m-->[39m [37mPOST[39m [37m/wd/hub/session/f1d9aa40-b930-4ac3-9ae4-c53dfc0658f4/timeouts[39m
[35m[HTTP][39m [90m{"implicit":30000}[39m
[35m[HTTP][39m [37m<-- POST /wd/hub/session/f1d9aa40-b930-4ac3-9ae4-c53dfc0658f4/timeouts [39m[32m200[39m [90m1 ms - 14[39m
[35m[HTTP][39m [90m[39m
[35m[HTTP][39m [37m-->[39m [37mPOST[39m [37m/wd/hub/session/f1d9aa40-b930-4ac3-9ae4-c53dfc0658f4/element/47000000-0000-0000-9812-000000000000/clear[39m
[35m[HTTP][39m [90m{"id":"47000000-0000-0000-9812-000000000000"}[39m
[35m[HTTP][39m [37m<-- POST /wd/hub/session/f1d9aa40-b930-4ac3-9ae4-c53dfc0658f4/element/47000000-0000-0000-9812-000000000000/clear [39m[32m200[39m [90m136 ms - 14[39m
[35m[HTTP][39m [90m[39m
[35m[HTTP][39m [37m-->[39m [37mPOST[39m [37m/wd/hub/session/f1d9aa40-b930-4ac3-9ae4-c53dfc0658f4/element/47000000-0000-0000-9812-000000000000/value[39m
[35m[HTTP][39m [90m{"id":"47000000-0000-0000-9812-000000000000","text":"Alex0611","value":["A","l","e","x","0","6","1","1"]}[39m
[35m[HTTP][39m [37m<-- POST /wd/hub/session/f1d9aa40-b930-4ac3-9ae4-c53dfc0658f4/element/47000000-0000-0000-9812-000000000000/value [39m[32m200[39m [90m1074 ms - 14[39m
[35m[HTTP][39m [90m[39m
[35m[HTTP][39m [37m-->[39m [37mPOST[39m [37m/wd/hub/session/f1d9aa40-b930-4ac3-9ae4-c53dfc0658f4/timeouts[39m
[35m[HTTP][39m [90m{"implicit":50}[39m
[35m[HTTP][39m [37m<-- POST /wd/hub/session/f1d9aa40-b930-4ac3-9ae4-c53dfc0658f4/timeouts [39m[32m200[39m [90m1 ms - 14[39m
[35m[HTTP][39m [90m[39m
[35m[HTTP][39m [37m-->[39m [37mGET[39m [37m/wd/hub/session/f1d9aa40-b930-4ac3-9ae4-c53dfc0658f4/window/rect[39m
[35m[HTTP][39m [90m{}[39m
[35m[HTTP][39m [37m<-- GET /wd/hub/session/f1d9aa40-b930-4ac3-9ae4-c53dfc0658f4/window/rect [39m[32m200[39m [90m151 ms - 48[39m
[35m[HTTP][39m [90m[39m
[35m[HTTP][39m [37m-->[39m [37mPOST[39m [37m/wd/hub/session/f1d9aa40-b930-4ac3-9ae4-c53dfc0658f4/elements[39m
[35m[HTTP][39m [90m{"using":"xpath","value":"//*[@type = 'XCUIElementTypeButton' and @label = 'next' and @name = 'Next:']"}[39m
[35m[HTTP][39m [37m<-- POST /wd/hub/session/f1d9aa40-b930-4ac3-9ae4-c53dfc0658f4/elements [39m[32m200[39m [90m914 ms - 139[39m
[35m[HTTP][39m [90m[39m
[35m[HTTP][39m [37m-->[39m [37mGET[39m [37m/wd/hub/session/f1d9aa40-b930-4ac3-9ae4-c53dfc0658f4/element/CF000000-0000-0000-9812-000000000000/location[39m
[35m[HTTP][39m [90m{}[39m
[35m[HTTP][39m [37m<-- GET /wd/hub/session/f1d9aa40-b930-4ac3-9ae4-c53dfc0658f4/element/CF000000-0000-0000-9812-000000000000/location [39m[32m200[39m [90m128 ms - 27[39m
[35m[HTTP][39m [90m[39m
[35m[HTTP][39m [37m-->[39m [37mPOST[39m [37m/wd/hub/session/f1d9aa40-b930-4ac3-9ae4-c53dfc0658f4/timeouts[39m
[35m[HTTP][39m [90m{"implicit":30000}[39m
[35m[HTTP][39m [37m<-- POST /wd/hub/session/f1d9aa40-b930-4ac3-9ae4-c53dfc0658f4/timeouts [39m[32m200[39m [90m2 ms - 14[39m
[35m[HTTP][39m [90m[39m
[35m[HTTP][39m [37m-->[39m [37mPOST[39m [37m/wd/hub/session/f1d9aa40-b930-4ac3-9ae4-c53dfc0658f4/element/CF000000-0000-0000-9812-000000000000/value[39m
[35m[HTTP][39m [90m{"id":"CF000000-0000-0000-9812-000000000000","text":"Next","value":["N","e","x","t"]}[39m
[35m[HTTP][39m [37m<-- POST /wd/hub/session/f1d9aa40-b930-4ac3-9ae4-c53dfc0658f4/element/CF000000-0000-0000-9812-000000000000/value [39m[32m200[39m [90m20649 ms - 14[39m
[35m[HTTP][39m [90m[39m
[35m[HTTP][39m [37m-->[39m [37mPOST[39m [37m/wd/hub/session/f1d9aa40-b930-4ac3-9ae4-c53dfc0658f4/timeouts[39m
[35m[HTTP][39m [90m{"implicit":50}[39m
[35m[HTTP][39m [37m<-- POST /wd/hub/session/f1d9aa40-b930-4ac3-9ae4-c53dfc0658f4/timeouts [39m[32m200[39m [90m1 ms - 14[39m
[35m[HTTP][39m [90m[39m
[35m[HTTP][39m [37m-->[39m [37mGET[39m [37m/wd/hub/session/f1d9aa40-b930-4ac3-9ae4-c53dfc0658f4/window/rect[39m
[35m[HTTP][39m [90m{}[39m
[35m[HTTP][39m [37m<-- GET /wd/hub/session/f1d9aa40-b930-4ac3-9ae4-c53dfc0658f4/window/rect [39m[32m200[39m [90m127 ms - 48[39m
[35m[HTTP][39m [90m[39m
[35m[HTTP][39m [37m-->[39m [37mPOST[39m [37m/wd/hub/session/f1d9aa40-b930-4ac3-9ae4-c53dfc0658f4/elements[39m
[35m[HTTP][39m [90m{"using":"xpath","value":"//*[@type = 'XCUIElementTypeButton' and @label = 'Sign Up' and @name = 'Sign Up']"}[39m
[35m[HTTP][39m [37m<-- POST /wd/hub/session/f1d9aa40-b930-4ac3-9ae4-c53dfc0658f4/elements [39m[32m200[39m [90m393 ms - 139[39m
[35m[HTTP][39m [90m[39m
[35m[HTTP][39m [37m-->[39m [37mGET[39m [37m/wd/hub/session/f1d9aa40-b930-4ac3-9ae4-c53dfc0658f4/element/38000000-0000-0000-9812-000000000000/location[39m
[35m[HTTP][39m [90m{}[39m
[35m[HTTP][39m [37m<-- GET /wd/hub/session/f1d9aa40-b930-4ac3-9ae4-c53dfc0658f4/element/38000000-0000-0000-9812-000000000000/location [39m[32m200[39m [90m59 ms - 26[39m
[35m[HTTP][39m [90m[39m
[35m[HTTP][39m [37m-->[39m [37mPOST[39m [37m/wd/hub/session/f1d9aa40-b930-4ac3-9ae4-c53dfc0658f4/timeouts[39m
[35m[HTTP][39m [90m{"implicit":30000}[39m
[35m[HTTP][39m [37m<-- POST /wd/hub/session/f1d9aa40-b930-4ac3-9ae4-c53dfc0658f4/timeouts [39m[32m200[39m [90m1 ms - 14[39m
[35m[HTTP][39m [90m[39m
[35m[HTTP][39m [37m-->[39m [37mPOST[39m [37m/wd/hub/session/f1d9aa40-b930-4ac3-9ae4-c53dfc0658f4/touch/perform[39m
[35m[HTTP][39m [90m{"actions":[{"action":"tap","options":{"x":1,"y":1,"element":"38000000-0000-0000-9812-000000000000"}},{"action":"release","options":{}}]}[39m
[35m[HTTP][39m [37m<-- POST /wd/hub/session/f1d9aa40-b930-4ac3-9ae4-c53dfc0658f4/touch/perform [39m[32m200[39m [90m316 ms - 14[39m
[35m[HTTP][39m [90m[39m
[35m[HTTP][39m [37m-->[39m [37mPOST[39m [37m/wd/hub/session/f1d9aa40-b930-4ac3-9ae4-c53dfc0658f4/timeouts[39m
[35m[HTTP][39m [90m{"implicit":50}[39m
[35m[HTTP][39m [37m<-- POST /wd/hub/session/f1d9aa40-b930-4ac3-9ae4-c53dfc0658f4/timeouts [39m[32m200[39m [90m1 ms - 14[39m
[35m[HTTP][39m [90m[39m
[35m[HTTP][39m [37m-->[39m [37mGET[39m [37m/wd/hub/session/f1d9aa40-b930-4ac3-9ae4-c53dfc0658f4/window/rect[39m
[35m[HTTP][39m [90m{}[39m
[35m[HTTP][39m [37m<-- GET /wd/hub/session/f1d9aa40-b930-4ac3-9ae4-c53dfc0658f4/window/rect [39m[32m200[39m [90m106 ms - 48[39m
[35m[HTTP][39m [90m[39m
[35m[HTTP][39m [37m-->[39m [37mPOST[39m [37m/wd/hub/session/f1d9aa40-b930-4ac3-9ae4-c53dfc0658f4/elements[39m
[35m[HTTP][39m [90m{"using":"xpath","value":"//*[@type = 'XCUIElementTypeStaticText' and @label = 'Next' and @name = 'Next']"}[39m
[35m[HTTP][39m [37m<-- POST /wd/hub/session/f1d9aa40-b930-4ac3-9ae4-c53dfc0658f4/elements [39m[32m200[39m [90m295 ms - 12[39m
[35m[HTTP][39m [90m[39m
[35m[HTTP][39m [37m-->[39m [37mPOST[39m [37m/wd/hub/session/f1d9aa40-b930-4ac3-9ae4-c53dfc0658f4/elements[39m
[35m[HTTP][39m [90m{"using":"xpath","value":"//*[@type = 'XCUIElementTypeStaticText' and @label = 'Next' and @name = 'Next']"}[39m
[35m[HTTP][39m [37m<-- POST /wd/hub/session/f1d9aa40-b930-4ac3-9ae4-c53dfc0658f4/elements [39m[32m200[39m [90m278 ms - 12[39m
[35m[HTTP][39m [90m[39m
[35m[HTTP][39m [37m-->[39m [37mPOST[39m [37m/wd/hub/session/f1d9aa40-b930-4ac3-9ae4-c53dfc0658f4/elements[39m
[35m[HTTP][39m [90m{"using":"xpath","value":"//*[@type = 'XCUIElementTypeStaticText' and @label = 'Next' and @name = 'Next']"}[39m
[35m[HTTP][39m [37m<-- POST /wd/hub/session/f1d9aa40-b930-4ac3-9ae4-c53dfc0658f4/elements [39m[32m200[39m [90m287 ms - 12[39m
[35m[HTTP][39m [90m[39m
[35m[HTTP][39m [37m-->[39m [37mPOST[39m [37m/wd/hub/session/f1d9aa40-b930-4ac3-9ae4-c53dfc0658f4/elements[39m
[35m[HTTP][39m [90m{"using":"xpath","value":"//*[@type = 'XCUIElementTypeStaticText' and @label = 'Next' and @name = 'Next']"}[39m
[35m[HTTP][39m [37m<-- POST /wd/hub/session/f1d9aa40-b930-4ac3-9ae4-c53dfc0658f4/elements [39m[32m200[39m [90m268 ms - 12[39m
[35m[HTTP][39m [90m[39m
[35m[HTTP][39m [37m-->[39m [37mPOST[39m [37m/wd/hub/session/f1d9aa40-b930-4ac3-9ae4-c53dfc0658f4/elements[39m
[35m[HTTP][39m [90m{"using":"xpath","value":"//*[@type = 'XCUIElementTypeStaticText' and @label = 'Next' and @name = 'Next']"}[39m
[35m[HTTP][39m [37m<-- POST /wd/hub/session/f1d9aa40-b930-4ac3-9ae4-c53dfc0658f4/elements [39m[32m200[39m [90m266 ms - 12[39m
[35m[HTTP][39m [90m[39m
[35m[HTTP][39m [37m-->[39m [37mPOST[39m [37m/wd/hub/session/f1d9aa40-b930-4ac3-9ae4-c53dfc0658f4/elements[39m
[35m[HTTP][39m [90m{"using":"xpath","value":"//*[@type = 'XCUIElementTypeStaticText' and @label = 'Next' and @name = 'Next']"}[39m
[35m[HTTP][39m [37m<-- POST /wd/hub/session/f1d9aa40-b930-4ac3-9ae4-c53dfc0658f4/elements [39m[32m200[39m [90m256 ms - 12[39m
[35m[HTTP][39m [90m[39m
[35m[HTTP][39m [37m-->[39m [37mPOST[39m [37m/wd/hub/session/f1d9aa40-b930-4ac3-9ae4-c53dfc0658f4/elements[39m
[35m[HTTP][39m [90m{"using":"xpath","value":"//*[@type = 'XCUIElementTypeStaticText' and @label = 'Next' and @name = 'Next']"}[39m
[35m[HTTP][39m [37m<-- POST /wd/hub/session/f1d9aa40-b930-4ac3-9ae4-c53dfc0658f4/elements [39m[32m200[39m [90m248 ms - 12[39m
[35m[HTTP][39m [90m[39m
[35m[HTTP][39m [37m-->[39m [37mPOST[39m [37m/wd/hub/session/f1d9aa40-b930-4ac3-9ae4-c53dfc0658f4/elements[39m
[35m[HTTP][39m [90m{"using":"xpath","value":"//*[@type = 'XCUIElementTypeStaticText' and @label = 'Next' and @name = 'Next']"}[39m
[35m[HTTP][39m [37m<-- POST /wd/hub/session/f1d9aa40-b930-4ac3-9ae4-c53dfc0658f4/elements [39m[32m200[39m [90m234 ms - 12[39m
[35m[HTTP][39m [90m[39m
[35m[HTTP][39m [37m-->[39m [37mPOST[39m [37m/wd/hub/session/f1d9aa40-b930-4ac3-9ae4-c53dfc0658f4/elements[39m
[35m[HTTP][39m [90m{"using":"xpath","value":"//*[@type = 'XCUIElementTypeStaticText' and @label = 'Next' and @name = 'Next']"}[39m
[35m[HTTP][39m [37m<-- POST /wd/hub/session/f1d9aa40-b930-4ac3-9ae4-c53dfc0658f4/elements [39m[32m200[39m [90m227 ms - 12[39m
[35m[HTTP][39m [90m[39m
[35m[HTTP][39m [37m-->[39m [37mPOST[39m [37m/wd/hub/session/f1d9aa40-b930-4ac3-9ae4-c53dfc0658f4/elements[39m
[35m[HTTP][39m [90m{"using":"xpath","value":"//*[@type = 'XCUIElementTypeStaticText' and @label = 'Next' and @name = 'Next']"}[39m
[35m[HTTP][39m [37m<-- POST /wd/hub/session/f1d9aa40-b930-4ac3-9ae4-c53dfc0658f4/elements [39m[32m200[39m [90m278 ms - 12[39m
[35m[HTTP][39m [90m[39m
[35m[HTTP][39m [37m-->[39m [37mPOST[39m [37m/wd/hub/session/f1d9aa40-b930-4ac3-9ae4-c53dfc0658f4/elements[39m
[35m[HTTP][39m [90m{"using":"xpath","value":"//*[@type = 'XCUIElementTypeStaticText' and @label = 'Next' and @name = 'Next']"}[39m
[35m[HTTP][39m [37m<-- POST /wd/hub/session/f1d9aa40-b930-4ac3-9ae4-c53dfc0658f4/elements [39m[32m200[39m [90m151 ms - 12[39m
[35m[HTTP][39m [90m[39m
[35m[HTTP][39m [37m-->[39m [37mPOST[39m [37m/wd/hub/session/f1d9aa40-b930-4ac3-9ae4-c53dfc0658f4/elements[39m
[35m[HTTP][39m [90m{"using":"xpath","value":"//*[@type = 'XCUIElementTypeStaticText' and @label = 'Next' and @name = 'Next']"}[39m
[35m[HTTP][39m [37m<-- POST /wd/hub/session/f1d9aa40-b930-4ac3-9ae4-c53dfc0658f4/elements [39m[32m200[39m [90m171 ms - 12[39m
[35m[HTTP][39m [90m[39m
[35m[HTTP][39m [37m-->[39m [37mPOST[39m [37m/wd/hub/session/f1d9aa40-b930-4ac3-9ae4-c53dfc0658f4/elements[39m
[35m[HTTP][39m [90m{"using":"xpath","value":"//*[@type = 'XCUIElementTypeStaticText' and @label = 'Next' and @name = 'Next']"}[39m
[35m[HTTP][39m [37m<-- POST /wd/hub/session/f1d9aa40-b930-4ac3-9ae4-c53dfc0658f4/elements [39m[32m200[39m [90m197 ms - 12[39m
[35m[HTTP][39m [90m[39m
[35m[HTTP][39m [37m-->[39m [37mPOST[39m [37m/wd/hub/session/f1d9aa40-b930-4ac3-9ae4-c53dfc0658f4/elements[39m
[35m[HTTP][39m [90m{"using":"xpath","value":"//*[@type = 'XCUIElementTypeStaticText' and @label = 'Next' and @name = 'Next']"}[39m
[35m[HTTP][39m [37m<-- POST /wd/hub/session/f1d9aa40-b930-4ac3-9ae4-c53dfc0658f4/elements [39m[32m200[39m [90m226 ms - 12[39m
[35m[HTTP][39m [90m[39m
[35m[HTTP][39m [37m-->[39m [37mPOST[39m [37m/wd/hub/session/f1d9aa40-b930-4ac3-9ae4-c53dfc0658f4/elements[39m
[35m[HTTP][39m [90m{"using":"xpath","value":"//*[@type = 'XCUIElementTypeStaticText' and @label = 'Next' and @name = 'Next']"}[39m
[35m[HTTP][39m [37m<-- POST /wd/hub/session/f1d9aa40-b930-4ac3-9ae4-c53dfc0658f4/elements [39m[32m200[39m [90m257 ms - 12[39m
[35m[HTTP][39m [90m[39m
[35m[HTTP][39m [37m-->[39m [37mPOST[39m [37m/wd/hub/session/f1d9aa40-b930-4ac3-9ae4-c53dfc0658f4/elements[39m
[35m[HTTP][39m [90m{"using":"xpath","value":"//*[@type = 'XCUIElementTypeStaticText' and @label = 'Next' and @name = 'Next']"}[39m
[35m[HTTP][39m [37m<-- POST /wd/hub/session/f1d9aa40-b930-4ac3-9ae4-c53dfc0658f4/elements [39m[32m200[39m [90m263 ms - 12[39m
[35m[HTTP][39m [90m[39m
[35m[HTTP][39m [37m-->[39m [37mPOST[39m [37m/wd/hub/session/f1d9aa40-b930-4ac3-9ae4-c53dfc0658f4/elements[39m
[35m[HTTP][39m [90m{"using":"xpath","value":"//*[@type = 'XCUIElementTypeStaticText' and @label = 'Next' and @name = 'Next']"}[39m
[35m[HTTP][39m [37m<-- POST /wd/hub/session/f1d9aa40-b930-4ac3-9ae4-c53dfc0658f4/elements [39m[32m200[39m [90m263 ms - 12[39m
[35m[HTTP][39m [90m[39m
[35m[HTTP][39m [37m-->[39m [37mPOST[39m [37m/wd/hub/session/f1d9aa40-b930-4ac3-9ae4-c53dfc0658f4/elements[39m
[35m[HTTP][39m [90m{"using":"xpath","value":"//*[@type = 'XCUIElementTypeStaticText' and @label = 'Next' and @name = 'Next']"}[39m
[35m[HTTP][39m [37m<-- POST /wd/hub/session/f1d9aa40-b930-4ac3-9ae4-c53dfc0658f4/elements [39m[32m200[39m [90m259 ms - 12[39m
[35m[HTTP][39m [90m[39m
[35m[HTTP][39m [37m-->[39m [37mPOST[39m [37m/wd/hub/session/f1d9aa40-b930-4ac3-9ae4-c53dfc0658f4/elements[39m
[35m[HTTP][39m [90m{"using":"xpath","value":"//*[@type = 'XCUIElementTypeStaticText' and @label = 'Next' and @name = 'Next']"}[39m
[35m[HTTP][39m [37m<-- POST /wd/hub/session/f1d9aa40-b930-4ac3-9ae4-c53dfc0658f4/elements [39m[32m200[39m [90m970 ms - 12[39m
[35m[HTTP][39m [90m[39m
[35m[HTTP][39m [37m-->[39m [37mPOST[39m [37m/wd/hub/session/f1d9aa40-b930-4ac3-9ae4-c53dfc0658f4/elements[39m
[35m[HTTP][39m [90m{"using":"xpath","value":"//*[@type = 'XCUIElementTypeStaticText' and @label = 'Next' and @name = 'Next']"}[39m
[35m[HTTP][39m [37m<-- POST /wd/hub/session/f1d9aa40-b930-4ac3-9ae4-c53dfc0658f4/elements [39m[32m200[39m [90m521 ms - 12[39m
[35m[HTTP][39m [90m[39m
[35m[HTTP][39m [37m-->[39m [37mPOST[39m [37m/wd/hub/session/f1d9aa40-b930-4ac3-9ae4-c53dfc0658f4/elements[39m
[35m[HTTP][39m [90m{"using":"xpath","value":"//*[@type = 'XCUIElementTypeStaticText' and @label = 'Next' and @name = 'Next']"}[39m
[35m[HTTP][39m [37m<-- POST /wd/hub/session/f1d9aa40-b930-4ac3-9ae4-c53dfc0658f4/elements [39m[32m200[39m [90m781 ms - 139[39m
[35m[HTTP][39m [90m[39m
[35m[HTTP][39m [37m-->[39m [37mGET[39m [37m/wd/hub/session/f1d9aa40-b930-4ac3-9ae4-c53dfc0658f4/element/4F010000-0000-0000-9812-000000000000/location[39m
[35m[HTTP][39m [90m{}[39m
[35m[HTTP][39m [37m<-- GET /wd/hub/session/f1d9aa40-b930-4ac3-9ae4-c53dfc0658f4/element/4F010000-0000-0000-9812-000000000000/location [39m[32m200[39m [90m144 ms - 27[39m
[35m[HTTP][39m [90m[39m
[35m[HTTP][39m [37m-->[39m [37mPOST[39m [37m/wd/hub/session/f1d9aa40-b930-4ac3-9ae4-c53dfc0658f4/timeouts[39m
[35m[HTTP][39m [90m{"implicit":30000}[39m
[35m[HTTP][39m [37m<-- POST /wd/hub/session/f1d9aa40-b930-4ac3-9ae4-c53dfc0658f4/timeouts [39m[32m200[39m [90m1 ms - 14[39m
[35m[HTTP][39m [90m[39m
[35m[HTTP][39m [37m-->[39m [37mPOST[39m [37m/wd/hub/session/f1d9aa40-b930-4ac3-9ae4-c53dfc0658f4/touch/perform[39m
[35m[HTTP][39m [90m{"actions":[{"action":"tap","options":{"x":1,"y":1,"element":"4F010000-0000-0000-9812-000000000000"}},{"action":"release","options":{}}]}[39m
[35m[HTTP][39m [37m<-- POST /wd/hub/session/f1d9aa40-b930-4ac3-9ae4-c53dfc0658f4/touch/perform [39m[32m200[39m [90m576 ms - 14[39m
[35m[HTTP][39m [90m[39m
[35m[HTTP][39m [37m-->[39m [37mPOST[39m [37m/wd/hub/session/f1d9aa40-b930-4ac3-9ae4-c53dfc0658f4/timeouts[39m
[35m[HTTP][39m [90m{"implicit":50}[39m
[35m[HTTP][39m [37m<-- POST /wd/hub/session/f1d9aa40-b930-4ac3-9ae4-c53dfc0658f4/timeouts [39m[32m200[39m [90m1 ms - 14[39m
[35m[HTTP][39m [90m[39m
[35m[HTTP][39m [37m-->[39m [37mGET[39m [37m/wd/hub/session/f1d9aa40-b930-4ac3-9ae4-c53dfc0658f4/window/rect[39m
[35m[HTTP][39m [90m{}[39m
[35m[HTTP][39m [37m<-- GET /wd/hub/session/f1d9aa40-b930-4ac3-9ae4-c53dfc0658f4/window/rect [39m[32m200[39m [90m195 ms - 48[39m
[35m[HTTP][39m [90m[39m
[35m[HTTP][39m [37m-->[39m [37mPOST[39m [37m/wd/hub/session/f1d9aa40-b930-4ac3-9ae4-c53dfc0658f4/elements[39m
[35m[HTTP][39m [90m{"using":"xpath","value":"//*[@type = 'XCUIElementTypeStaticText' and @label = 'Next' and @name = 'Next']"}[39m
[35m[HTTP][39m [37m<-- POST /wd/hub/session/f1d9aa40-b930-4ac3-9ae4-c53dfc0658f4/elements [39m[32m200[39m [90m1201 ms - 139[39m
[35m[HTTP][39m [90m[39m
[35m[HTTP][39m [37m-->[39m [37mGET[39m [37m/wd/hub/session/f1d9aa40-b930-4ac3-9ae4-c53dfc0658f4/element/4F010000-0000-0000-9812-000000000000/location[39m
[35m[HTTP][39m [90m{}[39m
[35m[HTTP][39m [37m<-- GET /wd/hub/session/f1d9aa40-b930-4ac3-9ae4-c53dfc0658f4/element/4F010000-0000-0000-9812-000000000000/location [39m[32m200[39m [90m127 ms - 27[39m
[35m[HTTP][39m [90m[39m
[35m[HTTP][39m [37m-->[39m [37mPOST[39m [37m/wd/hub/session/f1d9aa40-b930-4ac3-9ae4-c53dfc0658f4/timeouts[39m
[35m[HTTP][39m [90m{"implicit":30000}[39m
[35m[HTTP][39m [37m<-- POST /wd/hub/session/f1d9aa40-b930-4ac3-9ae4-c53dfc0658f4/timeouts [39m[32m200[39m [90m1 ms - 14[39m
[35m[HTTP][39m [90m[39m
[35m[HTTP][39m [37m-->[39m [37mPOST[39m [37m/wd/hub/session/f1d9aa40-b930-4ac3-9ae4-c53dfc0658f4/touch/perform[39m
[35m[HTTP][39m [90m{"actions":[{"action":"tap","options":{"x":1,"y":1,"element":"4F010000-0000-0000-9812-000000000000"}},{"action":"release","options":{}}]}[39m
[35m[HTTP][39m [37m<-- POST /wd/hub/session/f1d9aa40-b930-4ac3-9ae4-c53dfc0658f4/touch/perform [39m[32m200[39m [90m561 ms - 14[39m
[35m[HTTP][39m [90m[39m
[35m[HTTP][39m [37m-->[39m [37mPOST[39m [37m/wd/hub/session/f1d9aa40-b930-4ac3-9ae4-c53dfc0658f4/timeouts[39m
[35m[HTTP][39m [90m{"implicit":50}[39m
[35m[HTTP][39m [37m<-- POST /wd/hub/session/f1d9aa40-b930-4ac3-9ae4-c53dfc0658f4/timeouts [39m[32m200[39m [90m1 ms - 14[39m
[35m[HTTP][39m [90m[39m
[35m[HTTP][39m [37m-->[39m [37mGET[39m [37m/wd/hub/session/f1d9aa40-b930-4ac3-9ae4-c53dfc0658f4/window/rect[39m
[35m[HTTP][39m [90m{}[39m
[35m[HTTP][39m [37m<-- GET /wd/hub/session/f1d9aa40-b930-4ac3-9ae4-c53dfc0658f4/window/rect [39m[32m200[39m [90m187 ms - 48[39m
[35m[HTTP][39m [90m[39m
[35m[HTTP][39m [37m-->[39m [37mPOST[39m [37m/wd/hub/session/f1d9aa40-b930-4ac3-9ae4-c53dfc0658f4/elements[39m
[35m[HTTP][39m [90m{"using":"xpath","value":"//*[@type = 'XCUIElementTypeStaticText' and @label = 'Next' and @name = 'Next']"}[39m
[35m[HTTP][39m [37m<-- POST /wd/hub/session/f1d9aa40-b930-4ac3-9ae4-c53dfc0658f4/elements [39m[32m200[39m [90m1269 ms - 139[39m
[35m[HTTP][39m [90m[39m
[35m[HTTP][39m [37m-->[39m [37mGET[39m [37m/wd/hub/session/f1d9aa40-b930-4ac3-9ae4-c53dfc0658f4/element/4F010000-0000-0000-9812-000000000000/location[39m
[35m[HTTP][39m [90m{}[39m
[35m[HTTP][39m [37m<-- GET /wd/hub/session/f1d9aa40-b930-4ac3-9ae4-c53dfc0658f4/element/4F010000-0000-0000-9812-000000000000/location [39m[32m200[39m [90m135 ms - 27[39m
[35m[HTTP][39m [90m[39m
[35m[HTTP][39m [37m-->[39m [37mPOST[39m [37m/wd/hub/session/f1d9aa40-b930-4ac3-9ae4-c53dfc0658f4/timeouts[39m
[35m[HTTP][39m [90m{"implicit":30000}[39m
[35m[HTTP][39m [37m<-- POST /wd/hub/session/f1d9aa40-b930-4ac3-9ae4-c53dfc0658f4/timeouts [39m[32m200[39m [90m1 ms - 14[39m
[35m[HTTP][39m [90m[39m
[35m[HTTP][39m [37m-->[39m [37mPOST[39m [37m/wd/hub/session/f1d9aa40-b930-4ac3-9ae4-c53dfc0658f4/touch/perform[39m
[35m[HTTP][39m [90m{"actions":[{"action":"tap","options":{"x":1,"y":1,"element":"4F010000-0000-0000-9812-000000000000"}},{"action":"release","options":{}}]}[39m
[35m[HTTP][39m [37m<-- POST /wd/hub/session/f1d9aa40-b930-4ac3-9ae4-c53dfc0658f4/touch/perform [39m[32m200[39m [90m591 ms - 14[39m
[35m[HTTP][39m [90m[39m
[35m[HTTP][39m [37m-->[39m [37mPOST[39m [37m/wd/hub/session/f1d9aa40-b930-4ac3-9ae4-c53dfc0658f4/timeouts[39m
[35m[HTTP][39m [90m{"implicit":50}[39m
[35m[HTTP][39m [37m<-- POST /wd/hub/session/f1d9aa40-b930-4ac3-9ae4-c53dfc0658f4/timeouts [39m[32m200[39m [90m1 ms - 14[39m
[35m[HTTP][39m [90m[39m
[35m[HTTP][39m [37m-->[39m [37mGET[39m [37m/wd/hub/session/f1d9aa40-b930-4ac3-9ae4-c53dfc0658f4/window/rect[39m
[35m[HTTP][39m [90m{}[39m
[35m[HTTP][39m [37m<-- GET /wd/hub/session/f1d9aa40-b930-4ac3-9ae4-c53dfc0658f4/window/rect [39m[32m200[39m [90m206 ms - 48[39m
[35m[HTTP][39m [90m[39m
[35m[HTTP][39m [37m-->[39m [37mPOST[39m [37m/wd/hub/session/f1d9aa40-b930-4ac3-9ae4-c53dfc0658f4/elements[39m
[35m[HTTP][39m [90m{"using":"xpath","value":"//*[@type = 'XCUIElementTypeStaticText' and @label = 'Next' and @name = 'Next']"}[39m
[35m[HTTP][39m [37m<-- POST /wd/hub/session/f1d9aa40-b930-4ac3-9ae4-c53dfc0658f4/elements [39m[32m200[39m [90m1430 ms - 139[39m
[35m[HTTP][39m [90m[39m
[35m[HTTP][39m [37m-->[39m [37mGET[39m [37m/wd/hub/session/f1d9aa40-b930-4ac3-9ae4-c53dfc0658f4/element/4F010000-0000-0000-9812-000000000000/location[39m
[35m[HTTP][39m [90m{}[39m
[35m[HTTP][39m [37m<-- GET /wd/hub/session/f1d9aa40-b930-4ac3-9ae4-c53dfc0658f4/element/4F010000-0000-0000-9812-000000000000/location [39m[32m200[39m [90m189 ms - 27[39m
[35m[HTTP][39m [90m[39m
[35m[HTTP][39m [37m-->[39m [37mPOST[39m [37m/wd/hub/session/f1d9aa40-b930-4ac3-9ae4-c53dfc0658f4/timeouts[39m
[35m[HTTP][39m [90m{"implicit":30000}[39m
[35m[HTTP][39m [37m<-- POST /wd/hub/session/f1d9aa40-b930-4ac3-9ae4-c53dfc0658f4/timeouts [39m[32m200[39m [90m1 ms - 14[39m
[35m[HTTP][39m [90m[39m
[35m[HTTP][39m [37m-->[39m [37mPOST[39m [37m/wd/hub/session/f1d9aa40-b930-4ac3-9ae4-c53dfc0658f4/touch/perform[39m
[35m[HTTP][39m [90m{"actions":[{"action":"tap","options":{"x":1,"y":1,"element":"4F010000-0000-0000-9812-000000000000"}},{"action":"release","options":{}}]}[39m
[35m[HTTP][39m [37m<-- POST /wd/hub/session/f1d9aa40-b930-4ac3-9ae4-c53dfc0658f4/touch/perform [39m[32m200[39m [90m606 ms - 14[39m
[35m[HTTP][39m [90m[39m
[35m[HTTP][39m [37m-->[39m [37mPOST[39m [37m/wd/hub/session/f1d9aa40-b930-4ac3-9ae4-c53dfc0658f4/timeouts[39m
[35m[HTTP][39m [90m{"implicit":50}[39m
[35m[HTTP][39m [37m<-- POST /wd/hub/session/f1d9aa40-b930-4ac3-9ae4-c53dfc0658f4/timeouts [39m[32m200[39m [90m1 ms - 14[39m
[35m[HTTP][39m [90m[39m
[35m[HTTP][39m [37m-->[39m [37mGET[39m [37m/wd/hub/session/f1d9aa40-b930-4ac3-9ae4-c53dfc0658f4/window/rect[39m
[35m[HTTP][39m [90m{}[39m
[35m[HTTP][39m [37m<-- GET /wd/hub/session/f1d9aa40-b930-4ac3-9ae4-c53dfc0658f4/window/rect [39m[32m200[39m [90m208 ms - 48[39m
[35m[HTTP][39m [90m[39m
[35m[HTTP][39m [37m-->[39m [37mPOST[39m [37m/wd/hub/session/f1d9aa40-b930-4ac3-9ae4-c53dfc0658f4/elements[39m
[35m[HTTP][39m [90m{"using":"xpath","value":"//*[@type = 'XCUIElementTypeStaticText' and @label = 'Next' and @name = 'Next']"}[39m
[35m[HTTP][39m [37m<-- POST /wd/hub/session/f1d9aa40-b930-4ac3-9ae4-c53dfc0658f4/elements [39m[32m200[39m [90m1445 ms - 139[39m
[35m[HTTP][39m [90m[39m
[35m[HTTP][39m [37m-->[39m [37mGET[39m [37m/wd/hub/session/f1d9aa40-b930-4ac3-9ae4-c53dfc0658f4/element/4F010000-0000-0000-9812-000000000000/location[39m
[35m[HTTP][39m [90m{}[39m
[35m[HTTP][39m [37m<-- GET /wd/hub/session/f1d9aa40-b930-4ac3-9ae4-c53dfc0658f4/element/4F010000-0000-0000-9812-000000000000/location [39m[32m200[39m [90m168 ms - 27[39m
[35m[HTTP][39m [90m[39m
[35m[HTTP][39m [37m-->[39m [37mPOST[39m [37m/wd/hub/session/f1d9aa40-b930-4ac3-9ae4-c53dfc0658f4/timeouts[39m
[35m[HTTP][39m [90m{"implicit":30000}[39m
[35m[HTTP][39m [37m<-- POST /wd/hub/session/f1d9aa40-b930-4ac3-9ae4-c53dfc0658f4/timeouts [39m[32m200[39m [90m1 ms - 14[39m
[35m[HTTP][39m [90m[39m
[35m[HTTP][39m [37m-->[39m [37mPOST[39m [37m/wd/hub/session/f1d9aa40-b930-4ac3-9ae4-c53dfc0658f4/touch/perform[39m
[35m[HTTP][39m [90m{"actions":[{"action":"tap","options":{"x":1,"y":1,"element":"4F010000-0000-0000-9812-000000000000"}},{"action":"release","options":{}}]}[39m
[35m[HTTP][39m [37m<-- POST /wd/hub/session/f1d9aa40-b930-4ac3-9ae4-c53dfc0658f4/touch/perform [39m[32m200[39m [90m612 ms - 14[39m
[35m[HTTP][39m [90m[39m
[35m[HTTP][39m [37m-->[39m [37mPOST[39m [37m/wd/hub/session/f1d9aa40-b930-4ac3-9ae4-c53dfc0658f4/timeouts[39m
[35m[HTTP][39m [90m{"implicit":50}[39m
[35m[HTTP][39m [37m<-- POST /wd/hub/session/f1d9aa40-b930-4ac3-9ae4-c53dfc0658f4/timeouts [39m[32m200[39m [90m1 ms - 14[39m
[35m[HTTP][39m [90m[39m
[35m[HTTP][39m [37m-->[39m [37mGET[39m [37m/wd/hub/session/f1d9aa40-b930-4ac3-9ae4-c53dfc0658f4/window/rect[39m
[35m[HTTP][39m [90m{}[39m
[35m[HTTP][39m [37m<-- GET /wd/hub/session/f1d9aa40-b930-4ac3-9ae4-c53dfc0658f4/window/rect [39m[32m200[39m [90m207 ms - 48[39m
[35m[HTTP][39m [90m[39m
[35m[HTTP][39m [37m-->[39m [37mPOST[39m [37m/wd/hub/session/f1d9aa40-b930-4ac3-9ae4-c53dfc0658f4/elements[39m
[35m[HTTP][39m [90m{"using":"xpath","value":"//*[@type = 'XCUIElementTypeStaticText' and @label = concat('Let' , \"'\" , 's Go!') and @name = concat('Let' , \"'\" , 's Go!')]"}[39m
[35m[HTTP][39m [37m<-- POST /wd/hub/session/f1d9aa40-b930-4ac3-9ae4-c53dfc0658f4/elements [39m[32m200[39m [90m1462 ms - 139[39m
[35m[HTTP][39m [90m[39m
[35m[HTTP][39m [37m-->[39m [37mGET[39m [37m/wd/hub/session/f1d9aa40-b930-4ac3-9ae4-c53dfc0658f4/element/4F010000-0000-0000-9812-000000000000/location[39m
[35m[HTTP][39m [90m{}[39m
[35m[HTTP][39m [37m<-- GET /wd/hub/session/f1d9aa40-b930-4ac3-9ae4-c53dfc0658f4/element/4F010000-0000-0000-9812-000000000000/location [39m[32m200[39m [90m169 ms - 27[39m
[35m[HTTP][39m [90m[39m
[35m[HTTP][39m [37m-->[39m [37mPOST[39m [37m/wd/hub/session/f1d9aa40-b930-4ac3-9ae4-c53dfc0658f4/timeouts[39m
[35m[HTTP][39m [90m{"implicit":30000}[39m
[35m[HTTP][39m [37m<-- POST /wd/hub/session/f1d9aa40-b930-4ac3-9ae4-c53dfc0658f4/timeouts [39m[32m200[39m [90m1 ms - 14[39m
[35m[HTTP][39m [90m[39m
[35m[HTTP][39m [37m-->[39m [37mPOST[39m [37m/wd/hub/session/f1d9aa40-b930-4ac3-9ae4-c53dfc0658f4/touch/perform[39m
[35m[HTTP][39m [90m{"actions":[{"action":"tap","options":{"x":1,"y":1,"element":"4F010000-0000-0000-9812-000000000000"}},{"action":"release","options":{}}]}[39m
[35m[HTTP][39m [37m<-- POST /wd/hub/session/f1d9aa40-b930-4ac3-9ae4-c53dfc0658f4/touch/perform [39m[32m200[39m [90m553 ms - 14[39m
[35m[HTTP][39m [90m[39m
[35m[HTTP][39m [37m-->[39m [37mPOST[39m [37m/wd/hub/session/f1d9aa40-b930-4ac3-9ae4-c53dfc0658f4/timeouts[39m
[35m[HTTP][39m [90m{"implicit":50}[39m
[35m[HTTP][39m [37m<-- POST /wd/hub/session/f1d9aa40-b930-4ac3-9ae4-c53dfc0658f4/timeouts [39m[32m200[39m [90m1 ms - 14[39m
[35m[HTTP][39m [90m[39m
[35m[HTTP][39m [37m-->[39m [37mGET[39m [37m/wd/hub/session/f1d9aa40-b930-4ac3-9ae4-c53dfc0658f4/window/rect[39m
[35m[HTTP][39m [90m{}[39m
[35m[HTTP][39m [37m<-- GET /wd/hub/session/f1d9aa40-b930-4ac3-9ae4-c53dfc0658f4/window/rect [39m[32m200[39m [90m163 ms - 48[39m
[35m[HTTP][39m [90m[39m
[35m[HTTP][39m [37m-->[39m [37mPOST[39m [37m/wd/hub/session/f1d9aa40-b930-4ac3-9ae4-c53dfc0658f4/elements[39m
[35m[HTTP][39m [90m{"using":"xpath","value":"//*[@type = 'XCUIElementTypeButton' and @label = 'popup close button' and @name = 'popup close button']"}[39m
[35m[HTTP][39m [37m<-- POST /wd/hub/session/f1d9aa40-b930-4ac3-9ae4-c53dfc0658f4/elements [39m[32m200[39m [90m1449 ms - 139[39m
[35m[HTTP][39m [90m[39m
[35m[HTTP][39m [37m-->[39m [37mGET[39m [37m/wd/hub/session/f1d9aa40-b930-4ac3-9ae4-c53dfc0658f4/element/98010000-0000-0000-9812-000000000000/location[39m
[35m[HTTP][39m [90m{}[39m
[35m[HTTP][39m [37m<-- GET /wd/hub/session/f1d9aa40-b930-4ac3-9ae4-c53dfc0658f4/element/98010000-0000-0000-9812-000000000000/location [39m[32m200[39m [90m163 ms - 27[39m
[35m[HTTP][39m [90m[39m
[35m[HTTP][39m [37m-->[39m [37mPOST[39m [37m/wd/hub/session/f1d9aa40-b930-4ac3-9ae4-c53dfc0658f4/timeouts[39m
[35m[HTTP][39m [90m{"implicit":30000}[39m
[35m[HTTP][39m [37m<-- POST /wd/hub/session/f1d9aa40-b930-4ac3-9ae4-c53dfc0658f4/timeouts [39m[32m200[39m [90m1 ms - 14[39m
[35m[HTTP][39m [90m[39m
[35m[HTTP][39m [37m-->[39m [37mPOST[39m [37m/wd/hub/session/f1d9aa40-b930-4ac3-9ae4-c53dfc0658f4/touch/perform[39m
[35m[HTTP][39m [90m{"actions":[{"action":"tap","options":{"x":1,"y":1,"element":"98010000-0000-0000-9812-000000000000"}},{"action":"release","options":{}}]}[39m
[35m[HTTP][39m [37m<-- POST /wd/hub/session/f1d9aa40-b930-4ac3-9ae4-c53dfc0658f4/touch/perform [39m[32m200[39m [90m572 ms - 14[39m
[35m[HTTP][39m [90m[39m
[35m[HTTP][39m [37m-->[39m [37mPOST[39m [37m/wd/hub/session/f1d9aa40-b930-4ac3-9ae4-c53dfc0658f4/timeouts[39m
[35m[HTTP][39m [90m{"implicit":50}[39m
[35m[HTTP][39m [37m<-- POST /wd/hub/session/f1d9aa40-b930-4ac3-9ae4-c53dfc0658f4/timeouts [39m[32m200[39m [90m1 ms - 14[39m
[35m[HTTP][39m [90m[39m
[35m[HTTP][39m [37m-->[39m [37mGET[39m [37m/wd/hub/session/f1d9aa40-b930-4ac3-9ae4-c53dfc0658f4/window/rect[39m
[35m[HTTP][39m [90m{}[39m
[35m[HTTP][39m [37m<-- GET /wd/hub/session/f1d9aa40-b930-4ac3-9ae4-c53dfc0658f4/window/rect [39m[32m200[39m [90m209 ms - 48[39m
[35m[HTTP][39m [90m[39m
[35m[HTTP][39m [37m-->[39m [37mPOST[39m [37m/wd/hub/session/f1d9aa40-b930-4ac3-9ae4-c53dfc0658f4/elements[39m
[35m[HTTP][39m [90m{"using":"xpath","value":"//*[@type = 'XCUIElementTypeButton' and @label = concat('Let' , \"'\" , 's go!') and @name = concat('Let' , \"'\" , 's go!')]"}[39m
[35m[HTTP][39m [37m<-- POST /wd/hub/session/f1d9aa40-b930-4ac3-9ae4-c53dfc0658f4/elements [39m[32m200[39m [90m1408 ms - 139[39m
[35m[HTTP][39m [90m[39m
[35m[HTTP][39m [37m-->[39m [37mGET[39m [37m/wd/hub/session/f1d9aa40-b930-4ac3-9ae4-c53dfc0658f4/element/B4010000-0000-0000-9812-000000000000/location[39m
[35m[HTTP][39m [90m{}[39m
[35m[HTTP][39m [37m<-- GET /wd/hub/session/f1d9aa40-b930-4ac3-9ae4-c53dfc0658f4/element/B4010000-0000-0000-9812-000000000000/location [39m[32m200[39m [90m179 ms - 27[39m
[35m[HTTP][39m [90m[39m
[35m[HTTP][39m [37m-->[39m [37mPOST[39m [37m/wd/hub/session/f1d9aa40-b930-4ac3-9ae4-c53dfc0658f4/timeouts[39m
[35m[HTTP][39m [90m{"implicit":30000}[39m
[35m[HTTP][39m [37m<-- POST /wd/hub/session/f1d9aa40-b930-4ac3-9ae4-c53dfc0658f4/timeouts [39m[32m200[39m [90m2 ms - 14[39m
[35m[HTTP][39m [90m[39m
[35m[HTTP][39m [37m-->[39m [37mPOST[39m [37m/wd/hub/session/f1d9aa40-b930-4ac3-9ae4-c53dfc0658f4/touch/perform[39m
[35m[HTTP][39m [90m{"actions":[{"action":"tap","options":{"x":1,"y":1,"element":"B4010000-0000-0000-9812-000000000000"}},{"action":"release","options":{}}]}[39m
[35m[HTTP][39m [37m<-- POST /wd/hub/session/f1d9aa40-b930-4ac3-9ae4-c53dfc0658f4/touch/perform [39m[32m200[39m [90m565 ms - 14[39m
[35m[HTTP][39m [90m[39m
[35m[HTTP][39m [37m-->[39m [37mPOST[39m [37m/wd/hub/session/f1d9aa40-b930-4ac3-9ae4-c53dfc0658f4/timeouts[39m
[35m[HTTP][39m [90m{"implicit":50}[39m
[35m[HTTP][39m [37m<-- POST /wd/hub/session/f1d9aa40-b930-4ac3-9ae4-c53dfc0658f4/timeouts [39m[32m200[39m [90m1 ms - 14[39m
[35m[HTTP][39m [90m[39m
[35m[HTTP][39m [37m-->[39m [37mGET[39m [37m/wd/hub/session/f1d9aa40-b930-4ac3-9ae4-c53dfc0658f4/window/rect[39m
[35m[HTTP][39m [90m{}[39m
[35m[HTTP][39m [37m<-- GET /wd/hub/session/f1d9aa40-b930-4ac3-9ae4-c53dfc0658f4/window/rect [39m[32m200[39m [90m195 ms - 48[39m
[35m[HTTP][39m [90m[39m
[35m[HTTP][39m [37m-->[39m [37mPOST[39m [37m/wd/hub/session/f1d9aa40-b930-4ac3-9ae4-c53dfc0658f4/elements[39m
[35m[HTTP][39m [90m{"using":"xpath","value":"//*[@type = 'XCUIElementTypeButton' and @label = 'iconProfile' and @name = 'iconProfile']"}[39m
[35m[HTTP][39m [37m<-- POST /wd/hub/session/f1d9aa40-b930-4ac3-9ae4-c53dfc0658f4/elements [39m[32m200[39m [90m1507 ms - 267[39m
[35m[HTTP][39m [90m[39m
[35m[HTTP][39m [37m-->[39m [37mGET[39m [37m/wd/hub/session/f1d9aa40-b930-4ac3-9ae4-c53dfc0658f4/element/FA000000-0000-0000-9812-000000000000/location[39m
[35m[HTTP][39m [90m{}[39m
[35m[HTTP][39m [37m<-- GET /wd/hub/session/f1d9aa40-b930-4ac3-9ae4-c53dfc0658f4/element/FA000000-0000-0000-9812-000000000000/location [39m[32m200[39m [90m148 ms - 25[39m
[35m[HTTP][39m [90m[39m
[35m[HTTP][39m [37m-->[39m [37mPOST[39m [37m/wd/hub/session/f1d9aa40-b930-4ac3-9ae4-c53dfc0658f4/timeouts[39m
[35m[HTTP][39m [90m{"implicit":30000}[39m
[35m[HTTP][39m [37m<-- POST /wd/hub/session/f1d9aa40-b930-4ac3-9ae4-c53dfc0658f4/timeouts [39m[32m200[39m [90m1 ms - 14[39m
[35m[HTTP][39m [90m[39m
[35m[HTTP][39m [37m-->[39m [37mPOST[39m [37m/wd/hub/session/f1d9aa40-b930-4ac3-9ae4-c53dfc0658f4/touch/perform[39m
[35m[HTTP][39m [90m{"actions":[{"action":"tap","options":{"x":1,"y":1,"element":"FA000000-0000-0000-9812-000000000000"}},{"action":"release","options":{}}]}[39m
[35m[HTTP][39m [37m<-- POST /wd/hub/session/f1d9aa40-b930-4ac3-9ae4-c53dfc0658f4/touch/perform [39m[32m200[39m [90m445 ms - 14[39m
[35m[HTTP][39m [90m[39m
[35m[HTTP][39m [37m-->[39m [37mPOST[39m [37m/wd/hub/session/f1d9aa40-b930-4ac3-9ae4-c53dfc0658f4/timeouts[39m
[35m[HTTP][39m [90m{"implicit":50}[39m
[35m[HTTP][39m [37m<-- POST /wd/hub/session/f1d9aa40-b930-4ac3-9ae4-c53dfc0658f4/timeouts [39m[32m200[39m [90m1 ms - 14[39m
[35m[HTTP][39m [90m[39m
[35m[HTTP][39m [37m-->[39m [37mGET[39m [37m/wd/hub/session/f1d9aa40-b930-4ac3-9ae4-c53dfc0658f4/window/rect[39m
[35m[HTTP][39m [90m{}[39m
[35m[HTTP][39m [37m<-- GET /wd/hub/session/f1d9aa40-b930-4ac3-9ae4-c53dfc0658f4/window/rect [39m[32m200[39m [90m182 ms - 48[39m
[35m[HTTP][39m [90m[39m
[35m[HTTP][39m [37m-->[39m [37mPOST[39m [37m/wd/hub/session/f1d9aa40-b930-4ac3-9ae4-c53dfc0658f4/elements[39m
[35m[HTTP][39m [90m{"using":"xpath","value":"//*[@type = 'XCUIElementTypeButton' and @label = 'developer menu' and @name = 'developer menu']"}[39m
[35m[HTTP][39m [37m<-- POST /wd/hub/session/f1d9aa40-b930-4ac3-9ae4-c53dfc0658f4/elements [39m[32m200[39m [90m1365 ms - 139[39m
[35m[HTTP][39m [90m[39m
[35m[HTTP][39m [37m-->[39m [37mGET[39m [37m/wd/hub/session/f1d9aa40-b930-4ac3-9ae4-c53dfc0658f4/element/BF010000-0000-0000-9812-000000000000/location[39m
[35m[HTTP][39m [90m{}[39m
[35m[HTTP][39m [37m<-- GET /wd/hub/session/f1d9aa40-b930-4ac3-9ae4-c53dfc0658f4/element/BF010000-0000-0000-9812-000000000000/location [39m[32m200[39m [90m198 ms - 27[39m
[35m[HTTP][39m [90m[39m
[35m[HTTP][39m [37m-->[39m [37mPOST[39m [37m/wd/hub/session/f1d9aa40-b930-4ac3-9ae4-c53dfc0658f4/timeouts[39m
[35m[HTTP][39m [90m{"implicit":30000}[39m
[35m[HTTP][39m [37m<-- POST /wd/hub/session/f1d9aa40-b930-4ac3-9ae4-c53dfc0658f4/timeouts [39m[32m200[39m [90m1 ms - 14[39m
[35m[HTTP][39m [90m[39m
[35m[HTTP][39m [37m-->[39m [37mPOST[39m [37m/wd/hub/session/f1d9aa40-b930-4ac3-9ae4-c53dfc0658f4/touch/perform[39m
[35m[HTTP][39m [90m{"actions":[{"action":"tap","options":{"x":1,"y":1,"element":"BF010000-0000-0000-9812-000000000000"}},{"action":"release","options":{}}]}[39m
[35m[HTTP][39m [37m<-- POST /wd/hub/session/f1d9aa40-b930-4ac3-9ae4-c53dfc0658f4/touch/perform [39m[32m200[39m [90m464 ms - 14[39m
[35m[HTTP][39m [90m[39m
[35m[HTTP][39m [37m-->[39m [37mPOST[39m [37m/wd/hub/session/f1d9aa40-b930-4ac3-9ae4-c53dfc0658f4/timeouts[39m
[35m[HTTP][39m [90m{"implicit":50}[39m
[35m[HTTP][39m [37m<-- POST /wd/hub/session/f1d9aa40-b930-4ac3-9ae4-c53dfc0658f4/timeouts [39m[32m200[39m [90m1 ms - 14[39m
[35m[HTTP][39m [90m[39m
[35m[HTTP][39m [37m-->[39m [37mGET[39m [37m/wd/hub/session/f1d9aa40-b930-4ac3-9ae4-c53dfc0658f4/window/rect[39m
[35m[HTTP][39m [90m{}[39m
[35m[HTTP][39m [37m<-- GET /wd/hub/session/f1d9aa40-b930-4ac3-9ae4-c53dfc0658f4/window/rect [39m[32m200[39m [90m210 ms - 48[39m
[35m[HTTP][39m [90m[39m
[35m[HTTP][39m [37m-->[39m [37mPOST[39m [37m/wd/hub/session/f1d9aa40-b930-4ac3-9ae4-c53dfc0658f4/elements[39m
[35m[HTTP][39m [90m{"using":"xpath","value":"//*[@type = 'XCUIElementTypeButton' and @label = 'Reset account' and @name = 'Reset account']"}[39m
[35m[HTTP][39m [37m<-- POST /wd/hub/session/f1d9aa40-b930-4ac3-9ae4-c53dfc0658f4/elements [39m[32m200[39m [90m1180 ms - 139[39m
[35m[HTTP][39m [90m[39m
[35m[HTTP][39m [37m-->[39m [37mGET[39m [37m/wd/hub/session/f1d9aa40-b930-4ac3-9ae4-c53dfc0658f4/element/1A020000-0000-0000-9812-000000000000/location[39m
[35m[HTTP][39m [90m{}[39m
[35m[HTTP][39m [37m<-- GET /wd/hub/session/f1d9aa40-b930-4ac3-9ae4-c53dfc0658f4/element/1A020000-0000-0000-9812-000000000000/location [39m[32m200[39m [90m107 ms - 26[39m
[35m[HTTP][39m [90m[39m
[35m[HTTP][39m [37m-->[39m [37mPOST[39m [37m/wd/hub/session/f1d9aa40-b930-4ac3-9ae4-c53dfc0658f4/timeouts[39m
[35m[HTTP][39m [90m{"implicit":30000}[39m
[35m[HTTP][39m [37m<-- POST /wd/hub/session/f1d9aa40-b930-4ac3-9ae4-c53dfc0658f4/timeouts [39m[32m200[39m [90m1 ms - 14[39m
[35m[HTTP][39m [90m[39m
[35m[HTTP][39m [37m-->[39m [37mPOST[39m [37m/wd/hub/session/f1d9aa40-b930-4ac3-9ae4-c53dfc0658f4/touch/perform[39m
[35m[HTTP][39m [90m{"actions":[{"action":"tap","options":{"x":1,"y":1,"element":"1A020000-0000-0000-9812-000000000000"}},{"action":"release","options":{}}]}[39m
[35m[HTTP][39m [37m<-- POST /wd/hub/session/f1d9aa40-b930-4ac3-9ae4-c53dfc0658f4/touch/perform [39m[32m200[39m [90m372 ms - 14[39m
[35m[HTTP][39m [90m[39m
[35m[HTTP][39m [37m-->[39m [37mPOST[39m [37m/wd/hub/session/f1d9aa40-b930-4ac3-9ae4-c53dfc0658f4/timeouts[39m
[35m[HTTP][39m [90m{"implicit":50}[39m
[35m[HTTP][39m [37m<-- POST /wd/hub/session/f1d9aa40-b930-4ac3-9ae4-c53dfc0658f4/timeouts [39m[32m200[39m [90m1 ms - 14[39m
[35m[HTTP][39m [90m[39m
[35m[HTTP][39m [37m-->[39m [37mGET[39m [37m/wd/hub/session/f1d9aa40-b930-4ac3-9ae4-c53dfc0658f4/window/rect[39m
[35m[HTTP][39m [90m{}[39m
[35m[HTTP][39m [37m<-- GET /wd/hub/session/f1d9aa40-b930-4ac3-9ae4-c53dfc0658f4/window/rect [39m[32m200[39m [90m84 ms - 48[39m
[35m[HTTP][39m [90m[39m
[35m[HTTP][39m [37m-->[39m [37mPOST[39m [37m/wd/hub/session/f1d9aa40-b930-4ac3-9ae4-c53dfc0658f4/elements[39m
[35m[HTTP][39m [90m{"using":"xpath","value":"//*[@type = 'XCUIElementTypeButton' and @label = 'Reset' and @name = 'Reset']"}[39m
[35m[HTTP][39m [37m<-- POST /wd/hub/session/f1d9aa40-b930-4ac3-9ae4-c53dfc0658f4/elements [39m[32m200[39m [90m533 ms - 139[39m
[35m[HTTP][39m [90m[39m
[35m[HTTP][39m [37m-->[39m [37mGET[39m [37m/wd/hub/session/f1d9aa40-b930-4ac3-9ae4-c53dfc0658f4/element/59020000-0000-0000-9812-000000000000/location[39m
[35m[HTTP][39m [90m{}[39m
[35m[HTTP][39m [37m<-- GET /wd/hub/session/f1d9aa40-b930-4ac3-9ae4-c53dfc0658f4/element/59020000-0000-0000-9812-000000000000/location [39m[32m200[39m [90m83 ms - 27[39m
[35m[HTTP][39m [90m[39m
[35m[HTTP][39m [37m-->[39m [37mPOST[39m [37m/wd/hub/session/f1d9aa40-b930-4ac3-9ae4-c53dfc0658f4/timeouts[39m
[35m[HTTP][39m [90m{"implicit":30000}[39m
[35m[HTTP][39m [37m<-- POST /wd/hub/session/f1d9aa40-b930-4ac3-9ae4-c53dfc0658f4/timeouts [39m[32m200[39m [90m1 ms - 14[39m
[35m[HTTP][39m [90m[39m
[35m[HTTP][39m [37m-->[39m [37mPOST[39m [37m/wd/hub/session/f1d9aa40-b930-4ac3-9ae4-c53dfc0658f4/touch/perform[39m
[35m[HTTP][39m [90m{"actions":[{"action":"tap","options":{"x":1,"y":1,"element":"59020000-0000-0000-9812-000000000000"}},{"action":"release","options":{}}]}[39m
[35m[HTTP][39m [37m<-- POST /wd/hub/session/f1d9aa40-b930-4ac3-9ae4-c53dfc0658f4/touch/perform [39m[32m200[39m [90m459 ms - 14[39m
[35m[HTTP][39m [90m[39m
[35m[HTTP][39m [37m-->[39m [37mDELETE[39m [37m/wd/hub/session/f1d9aa40-b930-4ac3-9ae4-c53dfc0658f4[39m
[35m[HTTP][39m [90m{}[39m
[35m[Appium][39m Removing session f1d9aa40-b930-4ac3-9ae4-c53dfc0658f4 from our master session list
[35m[DevCon Factory][39m Releasing connections for 8fc83ece6ccceae3a6296115dd993d7ff26a2d9e device on any port number
[35m[DevCon Factory][39m Found cached connections to release: ["8fc83ece6ccceae3a6296115dd993d7ff26a2d9e:51828"]
[35m[DevCon Factory][39m Releasing the listener for '8fc83ece6ccceae3a6296115dd993d7ff26a2d9e:51828'
[35m[HTTP][39m [37m<-- DELETE /wd/hub/session/f1d9aa40-b930-4ac3-9ae4-c53dfc0658f4 [39m[32m200[39m [90m1050 ms - 14[39m
[35m[HTTP][39m [90m[39m
